2026-04-10T16:39:38 | INFO     | geoworld.io.DataManager | Raw data root: D:\Douglas\DOUTORADO\database\raw
2026-04-10T16:39:38 | INFO     | geoworld | Starting analysis: China (CHN)
2026-04-10T16:39:38 | INFO     | geoworld.core.ConfigLoader | ----------------------------------------------------
2026-04-10T16:39:38 | INFO     | geoworld.core.ConfigLoader |   China (CHN)
2026-04-10T16:39:38 | INFO     | geoworld.core.ConfigLoader |   Solar  : LUF=0.05  thr=0.75  density=50.0 MW/km²
2026-04-10T16:39:38 | INFO     | geoworld.core.ConfigLoader |   Wind   : LUF=0.030  thr=0.75  density=7.0 MW/km²
2026-04-10T16:39:38 | INFO     | geoworld.core.ConfigLoader |   Biomass: col=0.30  thr=0.75  density=0.5 MW/km²
2026-04-10T16:39:38 | INFO     | geoworld.core.ConfigLoader |   OWA    : default=balanced  scenarios=['optimistic', 'balanced', 'conservative']
2026-04-10T16:39:38 | INFO     | geoworld.core.ConfigLoader |   Criteria: river=5.0 km  road=15.0 km  slope=12°
2026-04-10T16:39:38 | INFO     | geoworld.core.ConfigLoader | ----------------------------------------------------
2026-04-10T16:39:38 | INFO     | geoworld | ----------------------------------------------------
2026-04-10T16:39:38 | INFO     | geoworld |   China (CHN)
2026-04-10T16:39:38 | INFO     | geoworld | ----------------------------------------------------
2026-04-10T16:39:38 | INFO     | geoworld |   Geometry : Mainland only
2026-04-10T16:39:38 | INFO     | geoworld |   Resolution : Fixed 0.01 deg
2026-04-10T16:39:38 | INFO     | geoworld |   Suitability optimistic offset : -0.10
2026-04-10T16:39:38 | INFO     | geoworld |   Protected-area mode : Hard exclusion
2026-04-10T16:39:38 | INFO     | geoworld | ----------------------------------------------------
2026-04-10T16:40:17 | INFO     | geoworld | Land Cover: 240 tile(s) found.
2026-04-10T16:40:17 | INFO     | geoworld.io.DataManager | Power plants found: 3041
2026-04-10T16:40:17 | INFO     | geoworld | ----------------------------------------------------
2026-04-10T16:40:17 | INFO     | geoworld |   DATA AVAILABILITY
2026-04-10T16:40:17 | INFO     | geoworld | ----------------------------------------------------
2026-04-10T16:40:17 | INFO     | geoworld |   [  OK   ] Borders
2026-04-10T16:40:17 | INFO     | geoworld |   [  OK   ] Land Cover
2026-04-10T16:40:17 | INFO     | geoworld |   [  OK   ] Elevation
2026-04-10T16:40:17 | INFO     | geoworld |   [  OK   ] Wind
2026-04-10T16:40:17 | INFO     | geoworld |   [  OK   ] Solar
2026-04-10T16:40:17 | INFO     | geoworld |   [  OK   ] Power Plants
2026-04-10T16:40:17 | INFO     | geoworld |   [  OK   ] Population
2026-04-10T16:40:17 | INFO     | geoworld |   [  OK   ] Roads
2026-04-10T16:40:17 | INFO     | geoworld |   [  OK   ] Protected
2026-04-10T16:40:17 | INFO     | geoworld |   [  OK   ] Lakes
2026-04-10T16:40:17 | INFO     | geoworld | ----------------------------------------------------
2026-04-10T16:40:17 | INFO     | geoworld | Phase 1 (Audit): skipped.
2026-04-10T16:40:17 | INFO     | geoworld | Phase 2a (Grid Alignment): skipped.
2026-04-10T16:40:17 | INFO     | geoworld.processors.CriteriaBuilder | 
Phase 2b — Criteria Builder: CHN
2026-04-10T16:40:19 | INFO     | geoworld.processors.CriteriaBuilder |   Admin boundaries: 36 regions loaded
2026-04-10T16:40:19 | INFO     | geoworld.processors.CriteriaBuilder |   [solar_resource] mathematical projection initiated...
2026-04-10T16:40:22 | INFO     | geoworld.processors.CriteriaBuilder |   [solar_resource] resolved in 2.6s
2026-04-10T16:40:22 | INFO     | geoworld.processors.CriteriaBuilder |   [wind_resource] mathematical projection initiated...
2026-04-10T16:40:24 | INFO     | geoworld.processors.CriteriaBuilder |   [wind_resource] resolved in 2.8s
2026-04-10T16:40:24 | INFO     | geoworld.processors.CriteriaBuilder |   [terrain_score] mathematical projection initiated...
2026-04-10T16:40:28 | INFO     | geoworld.processors.CriteriaBuilder |   [terrain_score] resolved in 3.7s
2026-04-10T16:40:28 | INFO     | geoworld.processors.CriteriaBuilder |   [slope_degrees] mathematical projection initiated...
2026-04-10T16:40:31 | INFO     | geoworld.processors.CriteriaBuilder |   [slope_degrees] resolved in 2.9s
2026-04-10T16:40:31 | INFO     | geoworld.processors.CriteriaBuilder |   [land_cover] mathematical projection initiated...
2026-04-10T16:40:31 | INFO     | geoworld.processors.CriteriaBuilder |   [land_cover] resolved in 0.5s
2026-04-10T16:40:32 | INFO     | geoworld.processors.CriteriaBuilder |   [biomass_resource] mathematical projection initiated...
2026-04-10T16:40:35 | INFO     | geoworld.processors.CriteriaBuilder |   [biomass_resource] resolved in 2.8s
2026-04-10T16:40:35 | INFO     | geoworld.processors.CriteriaBuilder |   [protected_areas] mathematical projection initiated...
2026-04-10T16:40:41 | INFO     | geoworld.processors.CriteriaBuilder |   [protected_areas] resolved in 5.8s
2026-04-10T16:40:41 | INFO     | geoworld.processors.CriteriaBuilder |   [pop_suitability] mathematical projection initiated...
2026-04-10T16:40:43 | INFO     | geoworld.processors.CriteriaBuilder |   [pop_suitability] resolved in 2.6s
2026-04-10T16:40:43 | INFO     | geoworld.processors.CriteriaBuilder |   [lakes_exclusion] mathematical projection initiated...
2026-04-10T16:40:44 | INFO     | geoworld.processors.CriteriaBuilder |   [lakes_exclusion] resolved in 0.7s
2026-04-10T16:40:44 | INFO     | geoworld.processors.CriteriaBuilder |   [river_solar] mathematical projection initiated...
2026-04-10T16:40:45 | INFO     | geoworld.processors.CriteriaBuilder |   [river_solar] resolved in 0.9s
2026-04-10T16:40:45 | INFO     | geoworld.processors.CriteriaBuilder |   [river_wind] mathematical projection initiated...
2026-04-10T16:40:46 | INFO     | geoworld.processors.CriteriaBuilder |   [river_wind] resolved in 0.7s
2026-04-10T16:40:46 | INFO     | geoworld.processors.CriteriaBuilder |   [river_biomass] mathematical projection initiated...
2026-04-10T16:40:47 | INFO     | geoworld.processors.CriteriaBuilder |   [river_biomass] resolved in 1.0s
2026-04-10T16:40:47 | INFO     | geoworld.processors.CriteriaBuilder |   [seismic_suitability] mathematical projection initiated...
2026-04-10T16:40:50 | INFO     | geoworld.processors.CriteriaBuilder |   [seismic_suitability] resolved in 3.2s
2026-04-10T16:40:50 | INFO     | geoworld.processors.CriteriaBuilder |   [grid_suitability] mathematical projection initiated...
2026-04-10T16:40:52 | INFO     | geoworld.processors.CriteriaBuilder |   [grid_suitability] resolved in 1.6s
2026-04-10T16:40:52 | INFO     | geoworld.processors.CriteriaBuilder |   Computation: 34.2s | 14 maps queued for rendering
2026-04-10T16:40:52 | INFO     | geoworld.processors.CriteriaBuilder |   Rendering 14 maps across 4 worker(s)...
2026-04-10T16:43:57 | INFO     | geoworld.processors.CriteriaBuilder |   Render: 185.8s (parallel) | Phase total: 220.0s
2026-04-10T16:44:00 | INFO     | geoworld.processors.CriteriaBuilder | 
==============================================================
  CRITERIA BUILDER — CHN
  Output: D:\Douglas\DOUTORADO\geoworld_framework\outputs\CHN\criteria_builder
==============================================================
2026-04-10T16:44:00 | INFO     | geoworld.processors.CriteriaBuilder |   ✅ solar_resource          : mean=0.545 | >=0.6:  46.7% | n=9,451,251
2026-04-10T16:44:00 | INFO     | geoworld.processors.CriteriaBuilder |   ✅ wind_resource           : mean=0.393 | >=0.6:  23.6% | n=9,445,125
2026-04-10T16:44:00 | INFO     | geoworld.processors.CriteriaBuilder |   ✅ terrain_score           : mean=0.526 | >=0.6:  35.5% | n=9,329,086
2026-04-10T16:44:00 | INFO     | geoworld.processors.CriteriaBuilder |   ✅ lc_biomass              : mean=0.379 | >=0.6:  38.6% | n=9,451,251
2026-04-10T16:44:00 | INFO     | geoworld.processors.CriteriaBuilder |   ✅ biomass_resource        : mean=0.511 | >=0.6:  46.1% | n=9,451,251
2026-04-10T16:44:00 | INFO     | geoworld.processors.CriteriaBuilder |   ✅ protected_areas         : mean=0.997 | >=0.6:  99.6% | n=9,451,251
2026-04-10T16:44:00 | INFO     | geoworld.processors.CriteriaBuilder |   ✅ pop_suitability         : mean=0.941 | >=0.6:  98.3% | n=9,314,390
2026-04-10T16:44:00 | INFO     | geoworld.processors.CriteriaBuilder |   ✅ lakes_exclusion         : mean=0.978 | >=0.6:  97.8% | n=9,451,251
2026-04-10T16:44:00 | INFO     | geoworld.processors.CriteriaBuilder |   ✅ river_solar             : mean=0.712 | >=0.6:  71.2% | n=9,451,251
2026-04-10T16:44:00 | INFO     | geoworld.processors.CriteriaBuilder |   ✅ river_wind              : mean=0.712 | >=0.6:  71.2% | n=9,451,251
2026-04-10T16:44:00 | INFO     | geoworld.processors.CriteriaBuilder |   ✅ river_biomass           : mean=0.961 | >=0.6: 100.0% | n=9,451,251
2026-04-10T16:44:00 | INFO     | geoworld.processors.CriteriaBuilder |   ✅ seismic_suitability     : mean=0.727 | >=0.6:  77.4% | n=9,448,571
2026-04-10T16:44:00 | INFO     | geoworld.processors.CriteriaBuilder |   ✅ grid_suitability        : mean=0.495 | >=0.6:  48.4% | n=9,451,251
2026-04-10T16:44:00 | INFO     | geoworld.processors.CriteriaBuilder |   Total time: 223.0s
==============================================================
2026-04-10T16:44:00 | INFO     | geoworld |   Phase 2b (Criteria) completed in 223.1s
2026-04-10T16:44:02 | INFO     | geoworld |   [load_criteria] iniciando...
2026-04-10T16:44:05 | INFO     | geoworld |   [load_criteria] concluído em 3.1s
2026-04-10T16:44:06 | INFO     | geoworld.processors.SuitabilityBuilder |   [suitability] Policy Active: ESA class 10 (Trees/Forest) blocked for Solar/Wind/Biomass.
2026-04-10T16:44:06 | INFO     | geoworld.processors.SuitabilityBuilder | 
  ──────────────────────────────────────────────────
  Technology: Solar PV
  ──────────────────────────────────────────────────
2026-04-10T16:44:06 | INFO     | geoworld |   [solar] iniciando...
2026-04-10T16:44:06 | INFO     | geoworld.processors.SuitabilityBuilder |   [solar] AHP Saaty (subtle) — ✅ Consistent
2026-04-10T16:44:06 | INFO     | geoworld.processors.SuitabilityBuilder |   [solar]   λ_max=6.2447 | CI=0.0489 | CR=0.0395
2026-04-10T16:44:06 | INFO     | geoworld.processors.SuitabilityBuilder |   [solar]   solar_resource                : 0.3663  (36.6%)
2026-04-10T16:44:06 | INFO     | geoworld.processors.SuitabilityBuilder |   [solar]   grid_suitability              : 0.2618  (26.2%)
2026-04-10T16:44:06 | INFO     | geoworld.processors.SuitabilityBuilder |   [solar]   terrain_score                 : 0.1784  (17.8%)
2026-04-10T16:44:06 | INFO     | geoworld.processors.SuitabilityBuilder |   [solar]   river_solar                   : 0.0892  (8.9%)
2026-04-10T16:44:06 | INFO     | geoworld.processors.SuitabilityBuilder |   [solar]   seismic_suitability           : 0.0608  (6.1%)
2026-04-10T16:44:06 | INFO     | geoworld.processors.SuitabilityBuilder |   [solar]   pop_suitability               : 0.0434  (4.3%)
2026-04-10T16:44:06 | INFO     | geoworld.processors.SuitabilityBuilder |   [solar] AHP weights saved: CHN_solar_weights.json
2026-04-10T16:44:07 | INFO     | geoworld.processors.SuitabilityBuilder |   [solar] Pixels: total=9191333 | excluded=2828492 (slope=299482, lc=2717048) | valid=6362841 (69.2%)
2026-04-10T16:44:51 | INFO     | geoworld |   [solar] concluído em 45.8s
2026-04-10T16:44:51 | INFO     | geoworld.processors.SuitabilityBuilder | 
  ──────────────────────────────────────────────────
  Technology: Wind Onshore
  ──────────────────────────────────────────────────
2026-04-10T16:44:51 | INFO     | geoworld |   [wind] iniciando...
2026-04-10T16:44:51 | INFO     | geoworld.processors.SuitabilityBuilder |   [wind] AHP Saaty (moderate) — ⚠️  INCONSISTENT
2026-04-10T16:44:51 | INFO     | geoworld.processors.SuitabilityBuilder |   [wind]   λ_max=6.6300 | CI=0.1260 | CR=0.1016
2026-04-10T16:44:51 | INFO     | geoworld.processors.SuitabilityBuilder |   [wind]   wind_resource                 : 0.4249  (42.5%)
2026-04-10T16:44:51 | INFO     | geoworld.processors.SuitabilityBuilder |   [wind]   grid_suitability              : 0.2664  (26.6%)
2026-04-10T16:44:51 | INFO     | geoworld.processors.SuitabilityBuilder |   [wind]   terrain_score                 : 0.1653  (16.5%)
2026-04-10T16:44:51 | INFO     | geoworld.processors.SuitabilityBuilder |   [wind]   pop_suitability               : 0.0790  (7.9%)
2026-04-10T16:44:51 | INFO     | geoworld.processors.SuitabilityBuilder |   [wind]   seismic_suitability           : 0.0394  (3.9%)
2026-04-10T16:44:51 | INFO     | geoworld.processors.SuitabilityBuilder |   [wind]   river_wind                    : 0.0251  (2.5%)
2026-04-10T16:44:51 | INFO     | geoworld.processors.SuitabilityBuilder |   [wind] AHP weights saved: CHN_wind_weights.json
2026-04-10T16:44:52 | INFO     | geoworld.processors.SuitabilityBuilder |   [wind] Pixels: total=9188285 | excluded=2702552 (slope=86619, lc=2717048) | valid=6485733 (70.6%)
2026-04-10T16:45:36 | INFO     | geoworld |   [wind] concluído em 45.1s
2026-04-10T16:45:36 | INFO     | geoworld.processors.SuitabilityBuilder | 
  ──────────────────────────────────────────────────
  Technology: Biomass / Bioenergy
  ──────────────────────────────────────────────────
2026-04-10T16:45:36 | INFO     | geoworld |   [biomass] iniciando...
2026-04-10T16:45:36 | INFO     | geoworld.processors.SuitabilityBuilder |   [biomass] AHP Saaty (subtle) — ✅ Consistent
2026-04-10T16:45:36 | INFO     | geoworld.processors.SuitabilityBuilder |   [biomass]   λ_max=7.4427 | CI=0.0738 | CR=0.0559
2026-04-10T16:45:36 | INFO     | geoworld.processors.SuitabilityBuilder |   [biomass]   biomass_resource              : 0.3517  (35.2%)
2026-04-10T16:45:36 | INFO     | geoworld.processors.SuitabilityBuilder |   [biomass]   lc_biomass                    : 0.2613  (26.1%)
2026-04-10T16:45:36 | INFO     | geoworld.processors.SuitabilityBuilder |   [biomass]   river_biomass                 : 0.1419  (14.2%)
2026-04-10T16:45:36 | INFO     | geoworld.processors.SuitabilityBuilder |   [biomass]   grid_suitability              : 0.1021  (10.2%)
2026-04-10T16:45:36 | INFO     | geoworld.processors.SuitabilityBuilder |   [biomass]   pop_suitability               : 0.0735  (7.3%)
2026-04-10T16:45:36 | INFO     | geoworld.processors.SuitabilityBuilder |   [biomass]   terrain_score                 : 0.0399  (4.0%)
2026-04-10T16:45:36 | INFO     | geoworld.processors.SuitabilityBuilder |   [biomass]   seismic_suitability           : 0.0296  (3.0%)
2026-04-10T16:45:37 | INFO     | geoworld.processors.SuitabilityBuilder |   [biomass] AHP weights saved: CHN_biomass_weights.json
2026-04-10T16:45:37 | INFO     | geoworld.processors.SuitabilityBuilder |   [biomass] Pixels: total=9191333 | excluded=2661191 (slope=3485, lc=2717048) | valid=6530142 (71.0%)
2026-04-10T16:46:22 | INFO     | geoworld |   [biomass] concluído em 45.2s
2026-04-10T16:46:22 | INFO     | geoworld |   [comparison_map] iniciando...
2026-04-10T16:48:21 | INFO     | geoworld |   [comparison_map] concluído em 119.5s
2026-04-10T16:48:21 | INFO     | geoworld.processors.SuitabilityBuilder | 
====================================================================
  SUITABILITY REPORT — AHP (Saaty) + TOPSIS MCDA
  China (CHN)
  2026-04-10 16:44:00
====================================================================

--------------------------------------------------------------------
  SOLAR PV
--------------------------------------------------------------------
    Total territorial pixels            : 9,191,333
    Hard exclusions (pixels)            : 2,828,492  (30.8%)
    Valid pixels (TOPSIS)               : 6,362,841  (69.2%)

    TOPSIS Statistics (valid pixels):
      Mean ± Std                        : 0.568 ± 0.125
      P10 / P50 / P90                   : 0.420 / 0.551 / 0.750
      Score >= 0.6 (high suitability)   : 36.1%

    AHP — Saaty Scale:
      CR (Consistency Ratio)            : 0.0395  ✅ Consistent
      Criterion                          Weight     (%)
      ──────────────────────────────────────────────────
      solar_resource                     0.3663  ( 36.6%)
      grid_suitability                   0.2618  ( 26.2%)
      terrain_score                      0.1784  ( 17.8%)
      river_solar                        0.0892  (  8.9%)
      seismic_suitability                0.0608  (  6.1%)
      pop_suitability                    0.0434  (  4.3%)

    Weights JSON: CHN_solar_weights.json

--------------------------------------------------------------------
  WIND ONSHORE
--------------------------------------------------------------------
    Total territorial pixels            : 9,188,285
    Hard exclusions (pixels)            : 2,702,552  (29.4%)
    Valid pixels (TOPSIS)               : 6,485,733  (70.6%)

    TOPSIS Statistics (valid pixels):
      Mean ± Std                        : 0.480 ± 0.167
      P10 / P50 / P90                   : 0.282 / 0.465 / 0.710
      Score >= 0.6 (high suitability)   : 23.5%

    AHP — Saaty Scale:
      CR (Consistency Ratio)            : 0.1016  ⚠️  INCONSISTENT
      Criterion                          Weight     (%)
      ──────────────────────────────────────────────────
      wind_resource                      0.4249  ( 42.5%)
      grid_suitability                   0.2664  ( 26.6%)
      terrain_score                      0.1653  ( 16.5%)
      pop_suitability                    0.0790  (  7.9%)
      seismic_suitability                0.0394  (  3.9%)
      river_wind                         0.0251  (  2.5%)

    Weights JSON: CHN_wind_weights.json

--------------------------------------------------------------------
  BIOMASS / BIOENERGY
--------------------------------------------------------------------
    Total territorial pixels            : 9,191,333
    Hard exclusions (pixels)            : 2,661,191  (28.9%)
    Valid pixels (TOPSIS)               : 6,530,142  (71.0%)

    TOPSIS Statistics (valid pixels):
      Mean ± Std                        : 0.471 ± 0.272
      P10 / P50 / P90                   : 0.145 / 0.533 / 0.829
      Score >= 0.6 (high suitability)   : 43.9%

    AHP — Saaty Scale:
      CR (Consistency Ratio)            : 0.0559  ✅ Consistent
      Criterion                          Weight     (%)
      ──────────────────────────────────────────────────
      biomass_resource                   0.3517  ( 35.2%)
      lc_biomass                         0.2613  ( 26.1%)
      river_biomass                      0.1419  ( 14.2%)
      grid_suitability                   0.1021  ( 10.2%)
      pop_suitability                    0.0735  (  7.3%)
      terrain_score                      0.0399  (  4.0%)
      seismic_suitability                0.0296  (  3.0%)

    Weights JSON: CHN_biomass_weights.json

====================================================================
  TIMINGS BY STAGE
--------------------------------------------------------------------
    load_criteria           :    3.1s
    solar                   :   45.8s
    wind                    :   45.1s
    biomass                 :   45.2s
    comparison_map          :  119.5s
    TOTAL                   : 260.8s
====================================================================

2026-04-10T16:48:21 | INFO     | geoworld |   Phase 3 (Suitability) completed in 260.9s
2026-04-10T16:48:21 | INFO     | geoworld.processors.PotentialCalculator |   [params] solar=50.0 MW/km² lu=0.05 thr=0.75 | wind=7.0 MW/km² thr=0.75 | biomass=0.5 MW/km² thr=0.75
2026-04-10T16:48:23 | INFO     | geoworld.processors.PotentialCalculator |   Admin boundaries: 36 regions active
2026-04-10T16:48:23 | INFO     | geoworld.processors.PotentialCalculator | 
  ──────────────────────────────────────────────────
  Technology: Solar PV
  ──────────────────────────────────────────────────
2026-04-10T16:48:23 | INFO     | geoworld |   [solar] iniciando...
2026-04-10T16:48:23 | INFO     | geoworld.processors.PotentialCalculator |   [solar] Grid: 3335x6123 px | lat_center=36.89° | px_area=0.989 km²
2026-04-10T16:48:23 | INFO     | geoworld.processors.PotentialCalculator |   [solar/optimistic] threshold=0.65 | area=1,518,838 km² | cap=3797.10 GW | gen=5987.26 TWh/yr
2026-04-10T16:48:26 | INFO     | geoworld.processors.PotentialCalculator |   [solar/balanced] threshold=0.75 | area=594,209 km² | cap=1485.52 GW | gen=2342.37 TWh/yr
2026-04-10T16:48:29 | INFO     | geoworld.processors.PotentialCalculator |   [solar/conservative] threshold=0.85 | area=56,622 km² | cap=141.56 GW | gen=223.21 TWh/yr
2026-04-10T16:49:16 | INFO     | geoworld |   [solar] concluído em 53.4s
2026-04-10T16:49:16 | INFO     | geoworld.processors.PotentialCalculator | 
  ──────────────────────────────────────────────────
  Technology: Wind Onshore
  ──────────────────────────────────────────────────
2026-04-10T16:49:16 | INFO     | geoworld |   [wind] iniciando...
2026-04-10T16:49:17 | INFO     | geoworld.processors.PotentialCalculator |   [wind] Grid: 3335x6123 px | lat_center=36.89° | px_area=0.989 km²
2026-04-10T16:49:17 | INFO     | geoworld.processors.PotentialCalculator |   [wind/optimistic] threshold=0.65 | area=906,801 km² | cap=190.43 GW | gen=567.17 TWh/yr
2026-04-10T16:49:19 | INFO     | geoworld.processors.PotentialCalculator |   [wind/balanced] threshold=0.75 | area=436,688 km² | cap=91.70 GW | gen=273.13 TWh/yr
2026-04-10T16:49:22 | INFO     | geoworld.processors.PotentialCalculator |   [wind/conservative] threshold=0.85 | area=146,175 km² | cap=30.70 GW | gen=91.43 TWh/yr
2026-04-10T16:50:09 | INFO     | geoworld |   [wind] concluído em 52.2s
2026-04-10T16:50:09 | INFO     | geoworld.processors.PotentialCalculator | 
  ──────────────────────────────────────────────────
  Technology: Biomass / Bioenergy
  ──────────────────────────────────────────────────
2026-04-10T16:50:09 | INFO     | geoworld |   [biomass] iniciando...
2026-04-10T16:50:09 | INFO     | geoworld.processors.PotentialCalculator |   [biomass] Grid: 3335x6123 px | lat_center=36.89° | px_area=0.989 km²
2026-04-10T16:50:09 | INFO     | geoworld.processors.PotentialCalculator |   [biomass/optimistic] threshold=0.65 | area=2,119,503 km² | cap=317.93 GW | gen=1810.27 TWh/yr
2026-04-10T16:50:12 | INFO     | geoworld.processors.PotentialCalculator |   [biomass/balanced] threshold=0.75 | area=1,298,356 km² | cap=194.75 GW | gen=1108.93 TWh/yr
2026-04-10T16:50:15 | INFO     | geoworld.processors.PotentialCalculator |   [biomass/conservative] threshold=0.85 | area=472,806 km² | cap=70.92 GW | gen=403.82 TWh/yr
2026-04-10T16:51:01 | INFO     | geoworld |   [biomass] concluído em 52.3s
2026-04-10T16:51:01 | INFO     | geoworld |   [comparison_map] iniciando...
2026-04-10T16:51:02 | INFO     | geoworld |   [comparison_map] concluído em 1.4s
2026-04-10T16:51:02 | INFO     | geoworld |   [scenario_chart] iniciando...
2026-04-10T16:51:02 | INFO     | geoworld |   [scenario_chart] concluído em 0.2s
2026-04-10T16:51:02 | INFO     | geoworld.processors.PotentialCalculator | 
========================================================================
  POTENTIAL REPORT — Technical & Energy Potential
  China (CHN)
  2026-04-10 16:48:21
========================================================================

------------------------------------------------------------------------
  SOLAR PV
  Land Use: 5.0%  |  Density: 50.0 MW/km²  |  CF: 18.0%
------------------------------------------------------------------------
  Scenario         Thr   Area (km²)       GW     TWh/yr   Pixels
  ------------------------------------------------------------
  Optimistic      0.65    1,518,838  3797.09    5987.26 1,618,610
  Balanced        0.75      594,209  1485.52    2342.37  635,952
  Conservative    0.85       56,622   141.56     223.21   60,053

    Top 5 Districts (Balanced Scenario):
    District                     MW       GWh/yr   Pixels
    ------------------------------------------------------
    NEI MONGOL              757,725    1,194,780  332,511
    QINGHAI                 175,656      276,974   71,220
    XIZANG                  163,182      257,306   61,587
    GANSU                   118,369      186,644   50,105
    XINJIANG UYGUR           88,299      139,230   38,744

------------------------------------------------------------------------
  WIND ONSHORE
  Land Use: 3.0%  |  Density: 7.0 MW/km²  |  CF: 34.0%
------------------------------------------------------------------------
  Scenario         Thr   Area (km²)       GW     TWh/yr   Pixels
  ------------------------------------------------------------
  Optimistic      0.65      906,801   190.43     567.17  988,415
  Balanced        0.75      436,688    91.70     273.13  478,469
  Conservative    0.85      146,175    30.70      91.43  161,474

    Top 5 Districts (Balanced Scenario):
    District                     MW       GWh/yr   Pixels
    ------------------------------------------------------
    NEI MONGOL               52,047      155,018  274,614
    XINJIANG UYGUR           19,071       56,802  101,627
    GANSU                     6,679       19,893   33,922
    HEBEI                     2,941        8,759   15,046
    XIZANG                    2,539        7,563   11,389

------------------------------------------------------------------------
  BIOMASS / BIOENERGY
  Land Use: 30.0%  |  Density: 0.5 MW/km²  |  CF: 65.0%
------------------------------------------------------------------------
  Scenario         Thr   Area (km²)       GW     TWh/yr   Pixels
  ------------------------------------------------------------
  Optimistic      0.65    2,119,503   317.93    1810.27 2,192,385
  Balanced        0.75    1,298,356   194.75    1108.93 1,335,230
  Conservative    0.85      472,806    70.92     403.82  481,534

    Top 5 Districts (Balanced Scenario):
    District                     MW       GWh/yr   Pixels
    ------------------------------------------------------
    HEILONGJIANG             26,463      150,681  209,655
    NEI MONGOL               19,609      111,653  149,928
    YUNNAN                   12,460       70,947   74,318
    HENAN                    11,917       67,858   77,367
    JILIN                    11,877       67,629   89,122

========================================================================
  COMPARATIVE SUMMARY — BALANCED SCENARIO
------------------------------------------------------------------------
  Technology                 GW     TWh/yr     Area km²    CF%
  ------------------------------------------------------------
  Solar PV              1485.52    2342.37      594,209   18.0%
  Wind Onshore            91.70     273.13      436,688   34.0%
  Biomass / Bioenergy    194.75    1108.93    1,298,356   65.0%
  ------------------------------------------------------------
  TOTAL                 1771.98    3724.43

========================================================================
  TIMINGS BY STAGE
------------------------------------------------------------------------
    solar                     :   53.4s
    wind                      :   52.2s
    biomass                   :   52.3s
    comparison_map            :    1.4s
    scenario_chart            :    0.2s
    TOTAL                     : 161.1s
========================================================================

2026-04-10T16:51:02 | INFO     | geoworld |   Phase 4 (Potential) completed in 161.1s
2026-04-10T16:51:02 | INFO     | geoworld.processors.LCOECalculator |   [LCOE Params] Bounded country parameters for CHN.
2026-04-10T16:51:02 | INFO     | geoworld.processors.LCOECalculator |   [pot_params] Anchoring physical constants: Solar LUF=0.05 | Wind CF=0.340
2026-04-10T16:51:04 | INFO     | geoworld.processors.LCOECalculator |   Admin boundaries: 36 regions loaded
2026-04-10T16:51:04 | INFO     | geoworld.processors.LCOECalculator | 
  ──────────────────────────────────────────────────
  Technology: Solar PV
  ──────────────────────────────────────────────────
2026-04-10T16:51:04 | INFO     | geoworld.processors.LCOECalculator |   [solar] financial projection initiated...
2026-04-10T16:51:49 | INFO     | geoworld.processors.LCOECalculator |   [solar] resolved in 44.6s
2026-04-10T16:51:49 | INFO     | geoworld.processors.LCOECalculator | 
  ──────────────────────────────────────────────────
  Technology: Wind Onshore
  ──────────────────────────────────────────────────
2026-04-10T16:51:49 | INFO     | geoworld.processors.LCOECalculator |   [wind] financial projection initiated...
2026-04-10T16:52:33 | INFO     | geoworld.processors.LCOECalculator |   [wind] resolved in 44.9s
2026-04-10T16:52:33 | INFO     | geoworld.processors.LCOECalculator | 
  ──────────────────────────────────────────────────
  Technology: Biomass / Bioenergy
  ──────────────────────────────────────────────────
2026-04-10T16:52:33 | INFO     | geoworld.processors.LCOECalculator |   [biomass] financial projection initiated...
2026-04-10T16:53:20 | INFO     | geoworld.processors.LCOECalculator |   [biomass] resolved in 46.5s
2026-04-10T16:53:20 | INFO     | geoworld.processors.LCOECalculator |   [comparison_map] financial projection initiated...
2026-04-10T16:55:29 | INFO     | geoworld.processors.LCOECalculator |   [comparison_map] resolved in 129.5s
2026-04-10T16:55:29 | INFO     | geoworld.processors.LCOECalculator | 
========================================================================
  LCOE REPORT — Levelized Cost of Energy (Phase 5)
  China (CHN)
  2026-04-10 16:51:02
========================================================================

------------------------------------------------------------------------
  SOLAR PV
------------------------------------------------------------------------
  CAPEX: 525 USD/kW  |  OPEX: 9 USD/kW/yr  |  r: 5%  |  n: 25 yr
  CRF: 0.0710  |  Base CF: 0.180

  Metric                                    Value     Unit
  --------------------------------------------------------
  Base LCOE (National mean CF)               29.3  USD/MWh
  Spatial mean LCOE                          29.6  USD/MWh
  P10 — Cheapest 10%                         25.2  USD/MWh
  P90 — Most expensive 10%                   33.3  USD/MWh

  Available capacity by cost threshold:
  Threshold (USD/MWh)        Available GW
  ----------------------------------------
  <=  40 USD/MWh            1485.52 GW  (100.0%)
  <=  50 USD/MWh            1485.52 GW  (100.0%)
  <=  60 USD/MWh            1485.52 GW  (100.0%)
  <=  70 USD/MWh            1485.52 GW  (100.0%)
  <=  80 USD/MWh            1485.52 GW  (100.0%)
  <= 100 USD/MWh            1485.52 GW  (100.0%)
  <= 120 USD/MWh            1485.52 GW  (100.0%)

------------------------------------------------------------------------
  WIND ONSHORE
------------------------------------------------------------------------
  CAPEX: 950 USD/kW  |  OPEX: 28 USD/kW/yr  |  r: 5%  |  n: 25 yr
  CRF: 0.0710  |  Base CF: 0.340

  Metric                                    Value     Unit
  --------------------------------------------------------
  Base LCOE (National mean CF)               32.0  USD/MWh
  Spatial mean LCOE                          32.4  USD/MWh
  P10 — Cheapest 10%                         29.1  USD/MWh
  P90 — Most expensive 10%                   38.4  USD/MWh

  Available capacity by cost threshold:
  Threshold (USD/MWh)        Available GW
  ----------------------------------------
  <=  40 USD/MWh              88.02 GW  (96.0%)
  <=  50 USD/MWh              91.70 GW  (100.0%)
  <=  60 USD/MWh              91.70 GW  (100.0%)
  <=  70 USD/MWh              91.70 GW  (100.0%)
  <=  80 USD/MWh              91.70 GW  (100.0%)
  <= 100 USD/MWh              91.70 GW  (100.0%)
  <= 120 USD/MWh              91.70 GW  (100.0%)

------------------------------------------------------------------------
  BIOMASS / BIOENERGY
------------------------------------------------------------------------
  CAPEX: 2150 USD/kW  |  OPEX: 88 USD/kW/yr  |  r: 6%  |  n: 20 yr
  CRF: 0.0872  |  Base CF: 0.650

  Metric                                    Value     Unit
  --------------------------------------------------------
  Base LCOE (National mean CF)               48.4  USD/MWh
  Spatial mean LCOE                          48.4  USD/MWh
  P10 — Cheapest 10%                         48.4  USD/MWh
  P90 — Most expensive 10%                   48.4  USD/MWh

  Available capacity by cost threshold:
  Threshold (USD/MWh)        Available GW
  ----------------------------------------
  <=  40 USD/MWh               0.00 GW  (0.0%)
  <=  50 USD/MWh             194.75 GW  (100.0%)
  <=  60 USD/MWh             194.75 GW  (100.0%)
  <=  70 USD/MWh             194.75 GW  (100.0%)
  <=  80 USD/MWh             194.75 GW  (100.0%)
  <= 100 USD/MWh             194.75 GW  (100.0%)
  <= 120 USD/MWh             194.75 GW  (100.0%)

========================================================================
  TIMINGS BY STAGE
------------------------------------------------------------------------
    solar                     :   44.6s
    wind                      :   44.9s
    biomass                   :   46.5s
    comparison_map            :  129.5s
========================================================================

2026-04-10T16:55:29 | INFO     | geoworld |   Phase 5 (LCOE) completed in 267.0s
2026-04-10T16:55:29 | INFO     | geoworld.processors.ResultsWriter |   [Recovery] Reconstructing Potential data from disk...
2026-04-10T16:55:30 | INFO     | geoworld.processors.ResultsWriter |   [Recovery] Reconstructing LCOE data from disk...
2026-04-10T16:55:30 | WARNING  | geoworld.processors.ResultsWriter |   [Recovery] LCOE TIF not found for solar
2026-04-10T16:55:30 | WARNING  | geoworld.processors.ResultsWriter |   [Recovery] LCOE TIF not found for wind
2026-04-10T16:55:30 | WARNING  | geoworld.processors.ResultsWriter |   [Recovery] LCOE TIF not found for biomass
2026-04-10T16:55:31 | INFO     | geoworld.processors.ResultsWriter |   Admin: 36 districts loaded
2026-04-10T16:55:31 | INFO     | geoworld.processors.ResultsWriter |   [solar] Suitability TIF loaded.
2026-04-10T16:55:32 | INFO     | geoworld.processors.ResultsWriter |   [wind] Suitability TIF loaded.
2026-04-10T16:55:32 | INFO     | geoworld.processors.ResultsWriter |   [biomass] Suitability TIF loaded.
2026-04-10T16:55:32 | INFO     | geoworld |   [dominance_suitability] iniciando...
2026-04-10T16:56:17 | INFO     | geoworld |   [dominance_suitability] concluído em 45.1s
2026-04-10T16:56:17 | INFO     | geoworld |   [dominance_lcoe] iniciando...
2026-04-10T16:57:00 | INFO     | geoworld |   [dominance_lcoe] concluído em 43.2s
2026-04-10T16:57:00 | INFO     | geoworld |   [executive_dashboard] iniciando...
2026-04-10T16:58:26 | INFO     | geoworld |   [executive_dashboard] concluído em 86.1s
2026-04-10T16:58:26 | INFO     | geoworld |   [geotiff_export] iniciando...
2026-04-10T16:58:27 | INFO     | geoworld.processors.ResultsWriter |   GIS: CHN_solar_suitability.tif
2026-04-10T16:58:29 | INFO     | geoworld.processors.ResultsWriter |   GIS: CHN_wind_suitability.tif
2026-04-10T16:58:30 | INFO     | geoworld.processors.ResultsWriter |   GIS: CHN_biomass_suitability.tif
2026-04-10T16:58:30 | INFO     | geoworld.processors.ResultsWriter |   GIS: CHN_dominance_suitability.tif
2026-04-10T16:58:30 | INFO     | geoworld.processors.ResultsWriter |   GIS: CHN_dominance_lcoe.tif
2026-04-10T16:58:30 | INFO     | geoworld |   [geotiff_export] concluído em 3.8s
2026-04-10T16:58:30 | INFO     | geoworld.processors.ResultsWriter | 
========================================================================
  RESULTS SYNTHESIS REPORT — Phase 6
  China (CHN)
  2026-04-10 16:55:29
========================================================================

------------------------------------------------------------------------
  SUITABILITY DOMINANCE — TOPSIS Score
------------------------------------------------------------------------
  Solar PV                   2,585,518 px  ( 39.8%)
  Wind Onshore               1,305,347 px  ( 20.1%)
  Biomass / Bioenergy        2,601,360 px  ( 40.1%)

------------------------------------------------------------------------
  LCOE DOMINANCE — Cheapest Technology per Pixel
------------------------------------------------------------------------
  Solar PV                          0 px  (  0.0%)
  Wind Onshore                      0 px  (  0.0%)
  Biomass / Bioenergy               0 px  (  0.0%)

------------------------------------------------------------------------
  BALANCED SCENARIO — INTEGRATED SUMMARY
------------------------------------------------------------------------
  Technology                   GW    TWh/yr        km²     $/MWh
  ──────────────────────────────────────────────────────────────
  Solar PV                 1485.5    2342.4    666,023       0.0
  Wind Onshore               91.7     273.1    501,093       0.0
  Biomass / Bioenergy       194.8    1108.9  1,398,366       0.0
  ──────────────────────────────────────────────────────────────
  TOTAL                    1772.0    3724.4

------------------------------------------------------------------------
  GeoTIFFs EXPORTED  →  results/gis/
------------------------------------------------------------------------
  ✓  CHN_solar_suitability.tif
  ✓  CHN_wind_suitability.tif
  ✓  CHN_biomass_suitability.tif
  ✓  CHN_dominance_suitability.tif
  ✓  CHN_dominance_lcoe.tif

========================================================================
  TIMINGS
------------------------------------------------------------------------
    dominance_suitability           :   45.1s
    dominance_lcoe                  :   43.2s
    executive_dashboard             :   86.1s
    geotiff_export                  :    3.8s
    TOTAL                           :  180.6s
========================================================================

2026-04-10T16:58:30 | INFO     | geoworld |   Phase 6 (Results) completed in 180.9s
2026-04-10T16:58:30 | INFO     | geoworld.processors.GHGAbatementCalculator | ==============================================================
2026-04-10T16:58:30 | INFO     | geoworld.processors.GHGAbatementCalculator |   GHG ABATEMENT CALCULATOR — China (CHN)
2026-04-10T16:58:30 | INFO     | geoworld.processors.GHGAbatementCalculator |   Saída: D:\Douglas\DOUTORADO\geoworld_framework\outputs\CHN\abatement
2026-04-10T16:58:30 | INFO     | geoworld.processors.GHGAbatementCalculator | ==============================================================
2026-04-10T16:58:32 | INFO     | geoworld.processors.GHGAbatementCalculator | Net Zero DB carregado com sucesso — net_zero_db.json
2026-04-10T16:58:32 | INFO     | geoworld.processors.GHGAbatementCalculator | [CHN] NDC Profile: Target Year 2060 | Type: intensity | Current Nat. Emissions: 0.0 Mt
2026-04-10T16:58:47 | INFO     | geoworld.utils.plots_abatement | Geography map saved: CHN_abatement_maps.png
2026-04-10T16:58:47 | INFO     | geoworld.utils.plots_abatement | MACC curve saved: CHN_macc_curve.png
2026-04-10T16:58:47 | INFO     | geoworld.utils.plots_abatement | Substitution curves saved: CHN_substitution_curves.png
2026-04-10T16:58:48 | INFO     | geoworld.utils.plots_abatement | Carbon intensity chart saved: CHN_carbon_intensity.png
2026-04-10T16:58:48 | INFO     | geoworld.utils.plots_abatement | Net Zero analysis saved: CHN_net_zero.png
2026-04-10T16:58:48 | INFO     | geoworld.processors.GHGAbatementCalculator | [CHN] MAC 7.7 USD/tCO₂e (needs 7.7 USD/tCO2) | Net Avoided: 1437.63 MtCO₂/yr | Value: 21.38 B USD | Substituted: 1862.2 TWh | NDC coverage: N/D
2026-04-10T16:58:48 | INFO     | geoworld.processors.GHGAbatementCalculator | [CHN] Phase 7 completed in 17.6s.
2026-04-10T16:58:48 | INFO     | geoworld |   Phase 7 (Abatement) completed in 17.6s
2026-04-10T16:58:48 | INFO     | geoworld.processors.SensitivityAnalyzer | ==============================================================
2026-04-10T16:58:48 | INFO     | geoworld.processors.SensitivityAnalyzer |   SENSITIVITY ANALYZER — Phase 8 (CHN)
2026-04-10T16:58:48 | INFO     | geoworld.processors.SensitivityAnalyzer |   Output: D:\Douglas\DOUTORADO\geoworld_framework\outputs\CHN\sensitivity
2026-04-10T16:58:48 | INFO     | geoworld.processors.SensitivityAnalyzer | ==============================================================
2026-04-10T16:58:48 | INFO     | geoworld.processors.SensitivityAnalyzer |   Reference grid: 3335×6123 pixels
2026-04-10T16:58:48 | INFO     | geoworld.processors.SensitivityAnalyzer |   Technologies to analyze: ['solar', 'wind', 'biomass']
2026-04-10T16:58:48 | INFO     | geoworld.processors.SensitivityAnalyzer |   [SA-5] GHG function built from Phase 7 abatement results.
2026-04-10T16:58:48 | INFO     | geoworld.processors.SensitivityAnalyzer |   [solar] Starting SA suite (6 criteria)...
2026-04-10T16:58:48 | INFO     | geoworld.processors.SensitivityAnalyzer |   [solar] SA-1: OAT weight perturbation...
2026-04-10T16:59:10 | INFO     | geoworld.processors.SensitivityAnalyzer |   [solar] SA-1 complete: rho_min=0.8297, most_sensitive=solar_resource
2026-04-10T16:59:10 | INFO     | geoworld.processors.SensitivityAnalyzer |   [solar] SA-2: Monte Carlo AHP (1000 samples)...
2026-04-10T17:00:03 | INFO     | geoworld.processors.SensitivityAnalyzer |   [solar] SA-2 complete: stable_fraction=3.9%
2026-04-10T17:00:03 | INFO     | geoworld.processors.SensitivityAnalyzer |   [solar] SA-3: threshold sweep...
2026-04-10T17:00:05 | INFO     | geoworld.processors.SensitivityAnalyzer |   [solar] SA-3 complete: 11 thresholds evaluated
2026-04-10T17:00:05 | INFO     | geoworld.processors.SensitivityAnalyzer |   [solar] SA-4: LCOE Monte Carlo (10000 samples)...
2026-04-10T17:00:05 | INFO     | geoworld.processors.SensitivityAnalyzer |   [solar] SA-4 complete: P50=$45.9/MWh, CI90=$10.0
2026-04-10T17:00:05 | INFO     | geoworld.processors.SensitivityAnalyzer |   [solar] SA-6: potential parameter sensitivity...
2026-04-10T17:00:06 | INFO     | geoworld.processors.SensitivityAnalyzer |   [solar] SA-6 complete: base=1485.5 GW
2026-04-10T17:00:06 | INFO     | geoworld.processors.SensitivityAnalyzer |   [solar] Dashboard saved: CHN_solar_dashboard.png
2026-04-10T17:00:06 | INFO     | geoworld.processors.SensitivityAnalyzer |   [wind] Starting SA suite (6 criteria)...
2026-04-10T17:00:06 | INFO     | geoworld.processors.SensitivityAnalyzer |   [wind] SA-1: OAT weight perturbation...
2026-04-10T17:00:19 | INFO     | geoworld.processors.SensitivityAnalyzer |   [wind] SA-1 complete: rho_min=0.8665, most_sensitive=wind_resource
2026-04-10T17:00:19 | INFO     | geoworld.processors.SensitivityAnalyzer |   [wind] SA-2: Monte Carlo AHP (1000 samples)...
2026-04-10T17:01:11 | INFO     | geoworld.processors.SensitivityAnalyzer |   [wind] SA-2 complete: stable_fraction=6.5%
2026-04-10T17:01:11 | INFO     | geoworld.processors.SensitivityAnalyzer |   [wind] SA-3: threshold sweep...
2026-04-10T17:01:13 | INFO     | geoworld.processors.SensitivityAnalyzer |   [wind] SA-3 complete: 11 thresholds evaluated
2026-04-10T17:01:13 | INFO     | geoworld.processors.SensitivityAnalyzer |   [wind] SA-4: LCOE Monte Carlo (10000 samples)...
2026-04-10T17:01:13 | INFO     | geoworld.processors.SensitivityAnalyzer |   [wind] SA-4 complete: P50=$61.2/MWh, CI90=$12.6
2026-04-10T17:01:13 | INFO     | geoworld.processors.SensitivityAnalyzer |   [wind] SA-6: potential parameter sensitivity...
2026-04-10T17:01:14 | INFO     | geoworld.processors.SensitivityAnalyzer |   [wind] SA-6 complete: base=91.7 GW
2026-04-10T17:01:16 | INFO     | geoworld.processors.SensitivityAnalyzer |   [wind] Dashboard saved: CHN_wind_dashboard.png
2026-04-10T17:01:16 | INFO     | geoworld.processors.SensitivityAnalyzer |   [biomass] Starting SA suite (7 criteria)...
2026-04-10T17:01:16 | INFO     | geoworld.processors.SensitivityAnalyzer |   [biomass] SA-1: OAT weight perturbation...
2026-04-10T17:01:31 | INFO     | geoworld.processors.SensitivityAnalyzer |   [biomass] SA-1 complete: rho_min=0.9223, most_sensitive=lc_biomass
2026-04-10T17:01:31 | INFO     | geoworld.processors.SensitivityAnalyzer |   [biomass] SA-2: Monte Carlo AHP (1000 samples)...
2026-04-10T17:02:24 | INFO     | geoworld.processors.SensitivityAnalyzer |   [biomass] SA-2 complete: stable_fraction=3.7%
2026-04-10T17:02:24 | INFO     | geoworld.processors.SensitivityAnalyzer |   [biomass] SA-3: threshold sweep...
2026-04-10T17:02:26 | INFO     | geoworld.processors.SensitivityAnalyzer |   [biomass] SA-3 complete: 11 thresholds evaluated
2026-04-10T17:02:26 | INFO     | geoworld.processors.SensitivityAnalyzer |   [biomass] SA-4: LCOE Monte Carlo (10000 samples)...
2026-04-10T17:02:27 | INFO     | geoworld.processors.SensitivityAnalyzer |   [biomass] SA-4 complete: P50=$55.6/MWh, CI90=$11.4
2026-04-10T17:02:27 | INFO     | geoworld.processors.SensitivityAnalyzer |   [biomass] SA-6: potential parameter sensitivity...
2026-04-10T17:02:27 | INFO     | geoworld.processors.SensitivityAnalyzer |   [biomass] SA-6 complete: base=194.8 GW
2026-04-10T17:02:28 | INFO     | geoworld.processors.SensitivityAnalyzer |   [biomass] Dashboard saved: CHN_biomass_dashboard.png
2026-04-10T17:02:28 | INFO     | geoworld.processors.SensitivityAnalyzer |   [SA-5] Sobol global sensitivity (GHG abatement)...
2026-04-10T17:02:29 | INFO     | geoworld.processors.SensitivityAnalyzer |   [SA-5] Sobol complete: dominant=penetration_factor (ST=0.602)
2026-04-10T17:02:29 | INFO     | geoworld.processors.SensitivityAnalyzer | [CHN] Phase 8 completed in 221.2s.
2026-04-10T17:02:29 | INFO     | geoworld.processors.SensitivityAnalyzer | [CHN] Outputs: 13 CSVs, 22 plots
2026-04-10T17:02:29 | INFO     | geoworld |   Phase 8 (Sensitivity) completed in 221.3s
2026-04-10T17:02:30 | INFO     | geoworld.processors.TransportDecarbonizationCalculator | Loaded transport parameters from: D:\Douglas\DOUTORADO\geoworld_framework\configs\transport_parameters.json
2026-04-10T17:02:32 | INFO     | geoworld.processors.TransportDecarbonizationCalculator | ============================================================
2026-04-10T17:02:32 | INFO     | geoworld.processors.TransportDecarbonizationCalculator |   PHASE 9 — TRANSPORT DECARBONISATION
2026-04-10T17:02:32 | INFO     | geoworld.processors.TransportDecarbonizationCalculator |   China (CHN)
2026-04-10T17:02:32 | INFO     | geoworld.processors.TransportDecarbonizationCalculator | ============================================================
2026-04-10T17:02:32 | INFO     | geoworld.processors.TransportDecarbonizationCalculator | ----------------------------------------------------
2026-04-10T17:02:32 | INFO     | geoworld.processors.TransportDecarbonizationCalculator |   PARAMETERS IN USE
2026-04-10T17:02:32 | INFO     | geoworld.processors.TransportDecarbonizationCalculator | ----------------------------------------------------
2026-04-10T17:02:32 | INFO     | geoworld.processors.TransportDecarbonizationCalculator |   Projection horizon : 2025 – 2050
2026-04-10T17:02:32 | INFO     | geoworld.processors.TransportDecarbonizationCalculator |   Fleet size (2024)  : 340,000,000 vehicles
2026-04-10T17:02:32 | INFO     | geoworld.processors.TransportDecarbonizationCalculator |   Annual fleet growth: 2.8%
2026-04-10T17:02:32 | INFO     | geoworld.processors.TransportDecarbonizationCalculator |   Grid intensity (gCO2/kWh):
2026-04-10T17:02:32 | INFO     | geoworld.processors.TransportDecarbonizationCalculator |     2025 : 540
2026-04-10T17:02:32 | INFO     | geoworld.processors.TransportDecarbonizationCalculator |     2030 : 420
2026-04-10T17:02:32 | INFO     | geoworld.processors.TransportDecarbonizationCalculator |     2035 : 290
2026-04-10T17:02:32 | INFO     | geoworld.processors.TransportDecarbonizationCalculator |     2040 : 180
2026-04-10T17:02:32 | INFO     | geoworld.processors.TransportDecarbonizationCalculator |     2045 : 100
2026-04-10T17:02:32 | INFO     | geoworld.processors.TransportDecarbonizationCalculator |     2050 : 40
2026-04-10T17:02:32 | INFO     | geoworld.processors.TransportDecarbonizationCalculator |   Hub spacing radius : 90 km
2026-04-10T17:02:32 | INFO     | geoworld.processors.TransportDecarbonizationCalculator |   Biofuel blends     : B5 / E10
2026-04-10T17:02:32 | INFO     | geoworld.processors.TransportDecarbonizationCalculator |   Powertrain penetration (country-specific — reference, new sales):
2026-04-10T17:02:32 | INFO     | geoworld.processors.TransportDecarbonizationCalculator |     2025 : ICE 42% | HEV 12% | PHEV 18% | BEV 26% | FCEV 2%
2026-04-10T17:02:32 | INFO     | geoworld.processors.TransportDecarbonizationCalculator |     2035 : ICE 8% | HEV 8% | PHEV 18% | BEV 60% | FCEV 6%
2026-04-10T17:02:32 | INFO     | geoworld.processors.TransportDecarbonizationCalculator |     2050 : ICE 0% | HEV 2% | PHEV 5% | BEV 85% | FCEV 8%
2026-04-10T17:02:32 | INFO     | geoworld.processors.TransportDecarbonizationCalculator | ============================================================
2026-04-10T17:02:32 | INFO     | geoworld.processors.TransportDecarbonizationCalculator |   [1/7] Building fleet size trajectory ...
2026-04-10T17:02:32 | INFO     | geoworld.processors.TransportDecarbonizationCalculator |   Fleet base (light vehicles): fleet_size_light_vehicles_2024 = 245,000,000
2026-04-10T17:02:32 | INFO     | geoworld.processors.TransportDecarbonizationCalculator |   [2/7] Calculating EV electricity demand & RE requirements ...
2026-04-10T17:02:32 | INFO     | geoworld.processors.TransportDecarbonizationCalculator |   [3/7] Computing GHG emission trajectories ...
2026-04-10T17:02:33 | INFO     | geoworld.processors.TransportDecarbonizationCalculator |   [4/7] Computing transport electrification costs ...
2026-04-10T17:02:33 | INFO     | geoworld.processors.TransportDecarbonizationCalculator |     Using Phase-5 LCOEs — Solar: 55.0 USD/MWh | Wind: 48.0 USD/MWh | Biomass: 85.0 USD/MWh
2026-04-10T17:02:33 | INFO     | geoworld.processors.TransportDecarbonizationCalculator |   [5/7] Locating charging hubs from suitability rasters ...
2026-04-10T17:02:33 | INFO     | geoworld.processors.TransportDecarbonizationCalculator |     Hub placement from: CHN_solar_suitability.tif, CHN_wind_suitability.tif (min suitability: 0.90)
2026-04-10T17:02:33 | INFO     | geoworld.processors.TransportDecarbonizationCalculator |     Score weights — suitability: 0.50 | demand proximity: 0.35 | LCOE: 0.15
2026-04-10T17:02:33 | INFO     | geoworld.processors.TransportDecarbonizationCalculator |     Solar: 8141 candidate pixels (score >= 0.90)
2026-04-10T17:02:34 | INFO     | geoworld.processors.TransportDecarbonizationCalculator |     Wind: 46646 candidate pixels (score >= 0.90)
2026-04-10T17:02:35 | INFO     | geoworld.processors.TransportDecarbonizationCalculator |     Placed 156 charging hubs (spacing ≥ 90 km, score ≥ 0.90) — Solar: 55, Wind: 101, Biomass: 0.
2026-04-10T17:02:35 | INFO     | geoworld.processors.TransportDecarbonizationCalculator |   [6/7] Building summary ...
2026-04-10T17:02:35 | INFO     | geoworld.processors.TransportDecarbonizationCalculator |   [7/7] Writing outputs & maps ...
2026-04-10T17:03:21 | INFO     | geoworld.processors.TransportDecarbonizationCalculator | Phase 9 (Transport Decarbonisation) completed in 51.4s
2026-04-10T17:03:21 | INFO     | geoworld.processors.TransportDecarbonizationCalculator |   Report : D:\Douglas\DOUTORADO\geoworld_framework\outputs\CHN\transport\reports\CHN_transport_decarbonization_report.txt
2026-04-10T17:03:21 | INFO     | geoworld |   Phase 9 (Transport Decarbonisation) completed in 51.7s
2026-04-10T17:03:21 | INFO     | geoworld | Pipeline completed for China (CHN).
2026-04-10T17:03:21 | INFO     | geoworld | Result: COMPLETED
2026-04-10T17:03:21 | INFO     | geoworld | Total elapsed time: 1423.0s
