2026-04-13T10:26:24 | INFO     | geoworld.io.DataManager | Raw data root: D:\Douglas\DOUTORADO\database\raw
2026-04-13T10:26:24 | INFO     | geoworld | Starting analysis: India (IND)
2026-04-13T10:26:24 | INFO     | geoworld.core.ConfigLoader | ----------------------------------------------------
2026-04-13T10:26:24 | INFO     | geoworld.core.ConfigLoader |   India (IND)
2026-04-13T10:26:24 | INFO     | geoworld.core.ConfigLoader |   Solar  : LUF=0.05  thr=0.75  density=45.0 MW/km²
2026-04-13T10:26:24 | INFO     | geoworld.core.ConfigLoader |   Wind   : LUF=0.030  thr=0.75  density=6.0 MW/km²
2026-04-13T10:26:24 | INFO     | geoworld.core.ConfigLoader |   Biomass: col=0.30  thr=0.75  density=0.5 MW/km²
2026-04-13T10:26:24 | INFO     | geoworld.core.ConfigLoader |   OWA    : default=balanced  scenarios=['optimistic', 'balanced', 'conservative']
2026-04-13T10:26:24 | INFO     | geoworld.core.ConfigLoader |   Criteria: river=5.0 km  road=15.0 km  slope=12°
2026-04-13T10:26:24 | INFO     | geoworld.core.ConfigLoader | ----------------------------------------------------
2026-04-13T10:26:24 | INFO     | geoworld | ----------------------------------------------------
2026-04-13T10:26:24 | INFO     | geoworld |   India (IND)
2026-04-13T10:26:24 | INFO     | geoworld | ----------------------------------------------------
2026-04-13T10:26:24 | INFO     | geoworld |   Geometry : Mainland only
2026-04-13T10:26:24 | INFO     | geoworld |   Resolution : Fixed 0.01 deg
2026-04-13T10:26:24 | INFO     | geoworld |   Suitability optimistic offset : -0.10
2026-04-13T10:26:24 | INFO     | geoworld |   Protected-area mode : Hard exclusion
2026-04-13T10:26:24 | INFO     | geoworld | ----------------------------------------------------
2026-04-13T10:26:45 | INFO     | geoworld | Land Cover: 91 tile(s) found.
2026-04-13T10:26:45 | INFO     | geoworld.io.DataManager | Power plants found: 860
2026-04-13T10:26:45 | INFO     | geoworld | ----------------------------------------------------
2026-04-13T10:26:45 | INFO     | geoworld |   DATA AVAILABILITY
2026-04-13T10:26:45 | INFO     | geoworld | ----------------------------------------------------
2026-04-13T10:26:45 | INFO     | geoworld |   [  OK   ] Borders
2026-04-13T10:26:45 | INFO     | geoworld |   [  OK   ] Land Cover
2026-04-13T10:26:45 | INFO     | geoworld |   [  OK   ] Elevation
2026-04-13T10:26:45 | INFO     | geoworld |   [  OK   ] Wind
2026-04-13T10:26:45 | INFO     | geoworld |   [  OK   ] Solar
2026-04-13T10:26:45 | INFO     | geoworld |   [  OK   ] Power Plants
2026-04-13T10:26:45 | INFO     | geoworld |   [  OK   ] Population
2026-04-13T10:26:45 | INFO     | geoworld |   [  OK   ] Roads
2026-04-13T10:26:45 | INFO     | geoworld |   [  OK   ] Protected
2026-04-13T10:26:45 | INFO     | geoworld |   [  OK   ] Lakes
2026-04-13T10:26:45 | INFO     | geoworld | ----------------------------------------------------
2026-04-13T10:26:45 | INFO     | geoworld | Phase 1 (Audit): skipped.
2026-04-13T10:26:45 | INFO     | geoworld | Phase 2a (Grid Alignment): skipped.
2026-04-13T10:26:45 | INFO     | geoworld.processors.CriteriaBuilder | 
Phase 2b — Criteria Builder: IND
2026-04-13T10:26:46 | INFO     | geoworld.processors.CriteriaBuilder |   Admin boundaries: 39 regions loaded
2026-04-13T10:26:46 | INFO     | geoworld.processors.CriteriaBuilder |   [solar_resource] mathematical projection initiated...
2026-04-13T10:26:47 | INFO     | geoworld.processors.CriteriaBuilder |   [solar_resource] resolved in 1.1s
2026-04-13T10:26:47 | INFO     | geoworld.processors.CriteriaBuilder |   [terrain_score] mathematical projection initiated...
2026-04-13T10:26:49 | INFO     | geoworld.processors.CriteriaBuilder |   [terrain_score] resolved in 1.2s
2026-04-13T10:26:49 | INFO     | geoworld.processors.CriteriaBuilder |   [slope_degrees] mathematical projection initiated...
2026-04-13T10:26:50 | INFO     | geoworld.processors.CriteriaBuilder |   [slope_degrees] resolved in 1.0s
2026-04-13T10:26:50 | INFO     | geoworld.processors.CriteriaBuilder |   [land_cover] mathematical projection initiated...
2026-04-13T10:26:50 | INFO     | geoworld.processors.CriteriaBuilder |   [land_cover] resolved in 0.2s
2026-04-13T10:26:50 | INFO     | geoworld.processors.CriteriaBuilder |   [biomass_resource] mathematical projection initiated...
2026-04-13T10:26:51 | INFO     | geoworld.processors.CriteriaBuilder |   [biomass_resource] resolved in 1.2s
2026-04-13T10:26:51 | INFO     | geoworld.processors.CriteriaBuilder |   [protected_areas] mathematical projection initiated...
2026-04-13T10:26:55 | INFO     | geoworld.processors.CriteriaBuilder |   [protected_areas] resolved in 3.4s
2026-04-13T10:26:55 | INFO     | geoworld.processors.CriteriaBuilder |   [pop_suitability] mathematical projection initiated...
2026-04-13T10:26:55 | INFO     | geoworld.processors.CriteriaBuilder |   [pop_suitability] resolved in 0.7s
2026-04-13T10:26:55 | INFO     | geoworld.processors.CriteriaBuilder |   [road_suitability] mathematical projection initiated...
2026-04-13T10:26:56 | INFO     | geoworld.processors.CriteriaBuilder |   [road_suitability] resolved in 0.4s
2026-04-13T10:26:56 | INFO     | geoworld.processors.CriteriaBuilder |   [lakes_exclusion] mathematical projection initiated...
2026-04-13T10:26:56 | INFO     | geoworld.processors.CriteriaBuilder |   [lakes_exclusion] resolved in 0.2s
2026-04-13T10:26:56 | INFO     | geoworld.processors.CriteriaBuilder |   [river_solar] mathematical projection initiated...
2026-04-13T10:26:56 | INFO     | geoworld.processors.CriteriaBuilder |   [river_solar] resolved in 0.3s
2026-04-13T10:26:56 | INFO     | geoworld.processors.CriteriaBuilder |   [river_wind] mathematical projection initiated...
2026-04-13T10:26:57 | INFO     | geoworld.processors.CriteriaBuilder |   [river_wind] resolved in 0.3s
2026-04-13T10:26:57 | INFO     | geoworld.processors.CriteriaBuilder |   [river_biomass] mathematical projection initiated...
2026-04-13T10:26:57 | INFO     | geoworld.processors.CriteriaBuilder |   [river_biomass] resolved in 0.3s
2026-04-13T10:26:57 | INFO     | geoworld.processors.CriteriaBuilder |   [seismic_suitability] mathematical projection initiated...
2026-04-13T10:26:58 | INFO     | geoworld.processors.CriteriaBuilder |   [seismic_suitability] resolved in 1.3s
2026-04-13T10:26:58 | INFO     | geoworld.processors.CriteriaBuilder |   [grid_suitability] mathematical projection initiated...
2026-04-13T10:26:59 | INFO     | geoworld.processors.CriteriaBuilder |   [grid_suitability] resolved in 0.5s
2026-04-13T10:26:59 | INFO     | geoworld.processors.CriteriaBuilder |   Computation: 13.4s | 14 maps queued for rendering
2026-04-13T10:26:59 | INFO     | geoworld.processors.CriteriaBuilder |   Rendering 14 maps across 4 worker(s)...
2026-04-13T10:28:20 | INFO     | geoworld.processors.CriteriaBuilder |   Render: 81.4s (parallel) | Phase total: 94.8s
2026-04-13T10:28:21 | INFO     | geoworld.processors.CriteriaBuilder | 
==============================================================
  CRITERIA BUILDER — IND
  Output: D:\Douglas\DOUTORADO\geoworld_framework\outputs\IND\criteria_builder
==============================================================
2026-04-13T10:28:21 | INFO     | geoworld.processors.CriteriaBuilder |   ✅ solar_resource          : mean=0.483 | >=0.6:  27.7% | n=2,610,287
2026-04-13T10:28:21 | INFO     | geoworld.processors.CriteriaBuilder |   ✅ terrain_score           : mean=0.726 | >=0.6:  72.0% | n=2,544,210
2026-04-13T10:28:21 | INFO     | geoworld.processors.CriteriaBuilder |   ✅ lc_biomass              : mean=0.575 | >=0.6:  60.5% | n=2,610,287
2026-04-13T10:28:21 | INFO     | geoworld.processors.CriteriaBuilder |   ✅ biomass_resource        : mean=0.679 | >=0.6:  72.5% | n=2,610,287
2026-04-13T10:28:21 | INFO     | geoworld.processors.CriteriaBuilder |   ✅ protected_areas         : mean=0.996 | >=0.6:  99.4% | n=2,610,287
2026-04-13T10:28:21 | INFO     | geoworld.processors.CriteriaBuilder |   ✅ pop_suitability         : mean=0.797 | >=0.6:  91.8% | n=2,559,527
2026-04-13T10:28:21 | INFO     | geoworld.processors.CriteriaBuilder |   ✅ road_suitability        : mean=0.490 | >=0.6:  51.5% | n=2,610,287
2026-04-13T10:28:21 | INFO     | geoworld.processors.CriteriaBuilder |   ✅ lakes_exclusion         : mean=0.978 | >=0.6:  97.8% | n=2,610,287
2026-04-13T10:28:21 | INFO     | geoworld.processors.CriteriaBuilder |   ✅ river_solar             : mean=0.676 | >=0.6:  67.6% | n=2,610,287
2026-04-13T10:28:21 | INFO     | geoworld.processors.CriteriaBuilder |   ✅ river_wind              : mean=0.676 | >=0.6:  67.6% | n=2,610,287
2026-04-13T10:28:21 | INFO     | geoworld.processors.CriteriaBuilder |   ✅ river_biomass           : mean=0.964 | >=0.6: 100.0% | n=2,610,287
2026-04-13T10:28:21 | INFO     | geoworld.processors.CriteriaBuilder |   ✅ seismic_suitability     : mean=0.794 | >=0.6:  84.2% | n=2,607,906
2026-04-13T10:28:21 | INFO     | geoworld.processors.CriteriaBuilder |   ✅ grid_suitability        : mean=0.468 | >=0.6:  46.8% | n=2,610,287
2026-04-13T10:28:21 | INFO     | geoworld.processors.CriteriaBuilder |   Total time: 95.8s
==============================================================
2026-04-13T10:28:21 | INFO     | geoworld |   Phase 2b (Criteria) completed in 95.9s
2026-04-13T10:28:22 | INFO     | geoworld |   [load_criteria] iniciando...
2026-04-13T10:28:23 | INFO     | geoworld |   [load_criteria] concluído em 1.1s
2026-04-13T10:28:23 | INFO     | geoworld.processors.SuitabilityBuilder |   [suitability] Policy Active: ESA class 10 (Trees/Forest) blocked for Solar/Wind/Biomass.
2026-04-13T10:28:23 | INFO     | geoworld.processors.SuitabilityBuilder | 
  ──────────────────────────────────────────────────
  Technology: Solar PV
  ──────────────────────────────────────────────────
2026-04-13T10:28:23 | INFO     | geoworld |   [solar] iniciando...
2026-04-13T10:28:23 | INFO     | geoworld.processors.SuitabilityBuilder |   [solar] AHP Saaty (subtle) — ✅ Consistent
2026-04-13T10:28:23 | INFO     | geoworld.processors.SuitabilityBuilder |   [solar]   λ_max=7.3039 | CI=0.0506 | CR=0.0384
2026-04-13T10:28:23 | INFO     | geoworld.processors.SuitabilityBuilder |   [solar]   solar_resource                : 0.3314  (33.1%)
2026-04-13T10:28:23 | INFO     | geoworld.processors.SuitabilityBuilder |   [solar]   grid_suitability              : 0.2385  (23.9%)
2026-04-13T10:28:23 | INFO     | geoworld.processors.SuitabilityBuilder |   [solar]   terrain_score                 : 0.1620  (16.2%)
2026-04-13T10:28:23 | INFO     | geoworld.processors.SuitabilityBuilder |   [solar]   road_suitability              : 0.1090  (10.9%)
2026-04-13T10:28:23 | INFO     | geoworld.processors.SuitabilityBuilder |   [solar]   river_solar                   : 0.0734  (7.3%)
2026-04-13T10:28:23 | INFO     | geoworld.processors.SuitabilityBuilder |   [solar]   seismic_suitability           : 0.0498  (5.0%)
2026-04-13T10:28:23 | INFO     | geoworld.processors.SuitabilityBuilder |   [solar]   pop_suitability               : 0.0359  (3.6%)
2026-04-13T10:28:23 | INFO     | geoworld.processors.SuitabilityBuilder |   [solar] AHP weights saved: IND_solar_weights.json
2026-04-13T10:28:23 | INFO     | geoworld.processors.SuitabilityBuilder |   [solar] Pixels: total=2493103 | excluded=727636 (slope=77250, lc=715914) | valid=1765467 (70.8%)
2026-04-13T10:28:41 | INFO     | geoworld |   [solar] concluído em 18.1s
2026-04-13T10:28:41 | INFO     | geoworld.processors.SuitabilityBuilder | 
  ──────────────────────────────────────────────────
  Technology: Wind Onshore
  ──────────────────────────────────────────────────
2026-04-13T10:28:41 | INFO     | geoworld |   [wind] iniciando...
2026-04-13T10:28:41 | INFO     | geoworld.processors.SuitabilityBuilder |   [wind] AHP Saaty (moderate) — ✅ Consistent
2026-04-13T10:28:41 | INFO     | geoworld.processors.SuitabilityBuilder |   [wind]   λ_max=6.5507 | CI=0.1101 | CR=0.0888
2026-04-13T10:28:41 | INFO     | geoworld.processors.SuitabilityBuilder |   [wind]   grid_suitability              : 0.4204  (42.0%)
2026-04-13T10:28:41 | INFO     | geoworld.processors.SuitabilityBuilder |   [wind]   terrain_score                 : 0.2609  (26.1%)
2026-04-13T10:28:41 | INFO     | geoworld.processors.SuitabilityBuilder |   [wind]   road_suitability              : 0.1554  (15.5%)
2026-04-13T10:28:41 | INFO     | geoworld.processors.SuitabilityBuilder |   [wind]   pop_suitability               : 0.0925  (9.2%)
2026-04-13T10:28:41 | INFO     | geoworld.processors.SuitabilityBuilder |   [wind]   seismic_suitability           : 0.0434  (4.3%)
2026-04-13T10:28:41 | INFO     | geoworld.processors.SuitabilityBuilder |   [wind]   river_wind                    : 0.0274  (2.7%)
2026-04-13T10:28:41 | INFO     | geoworld.processors.SuitabilityBuilder |   [wind] AHP weights saved: IND_wind_weights.json
2026-04-13T10:28:41 | INFO     | geoworld.processors.SuitabilityBuilder |   [wind] Pixels: total=2493103 | excluded=715398 (slope=35974, lc=715914) | valid=1777705 (71.3%)
2026-04-13T10:28:59 | INFO     | geoworld |   [wind] concluído em 18.0s
2026-04-13T10:28:59 | INFO     | geoworld.processors.SuitabilityBuilder | 
  ──────────────────────────────────────────────────
  Technology: Biomass / Bioenergy
  ──────────────────────────────────────────────────
2026-04-13T10:28:59 | INFO     | geoworld |   [biomass] iniciando...
2026-04-13T10:28:59 | INFO     | geoworld.processors.SuitabilityBuilder |   [biomass] AHP Saaty (subtle) — ✅ Consistent
2026-04-13T10:28:59 | INFO     | geoworld.processors.SuitabilityBuilder |   [biomass]   λ_max=8.4744 | CI=0.0678 | CR=0.0481
2026-04-13T10:28:59 | INFO     | geoworld.processors.SuitabilityBuilder |   [biomass]   biomass_resource              : 0.3076  (30.8%)
2026-04-13T10:28:59 | INFO     | geoworld.processors.SuitabilityBuilder |   [biomass]   lc_biomass                    : 0.2255  (22.5%)
2026-04-13T10:28:59 | INFO     | geoworld.processors.SuitabilityBuilder |   [biomass]   road_suitability              : 0.1615  (16.2%)
2026-04-13T10:28:59 | INFO     | geoworld.processors.SuitabilityBuilder |   [biomass]   river_biomass                 : 0.1111  (11.1%)
2026-04-13T10:28:59 | INFO     | geoworld.processors.SuitabilityBuilder |   [biomass]   grid_suitability              : 0.0792  (7.9%)
2026-04-13T10:28:59 | INFO     | geoworld.processors.SuitabilityBuilder |   [biomass]   pop_suitability               : 0.0573  (5.7%)
2026-04-13T10:28:59 | INFO     | geoworld.processors.SuitabilityBuilder |   [biomass]   terrain_score                 : 0.0326  (3.3%)
2026-04-13T10:28:59 | INFO     | geoworld.processors.SuitabilityBuilder |   [biomass]   seismic_suitability           : 0.0252  (2.5%)
2026-04-13T10:28:59 | INFO     | geoworld.processors.SuitabilityBuilder |   [biomass] AHP weights saved: IND_biomass_weights.json
2026-04-13T10:28:59 | INFO     | geoworld.processors.SuitabilityBuilder |   [biomass] Pixels: total=2493103 | excluded=699950 (slope=3180, lc=715914) | valid=1793153 (71.9%)
2026-04-13T10:29:17 | INFO     | geoworld |   [biomass] concluído em 18.2s
2026-04-13T10:29:17 | INFO     | geoworld |   [comparison_map] iniciando...
2026-04-13T10:30:08 | INFO     | geoworld |   [comparison_map] concluído em 51.3s
2026-04-13T10:30:08 | INFO     | geoworld.processors.SuitabilityBuilder | 
====================================================================
  SUITABILITY REPORT — AHP (Saaty) + TOPSIS MCDA
  India (IND)
  2026-04-13 10:28:21
====================================================================

--------------------------------------------------------------------
  SOLAR PV
--------------------------------------------------------------------
    Total territorial pixels            : 2,493,103
    Hard exclusions (pixels)            : 727,636  (29.2%)
    Valid pixels (TOPSIS)               : 1,765,467  (70.8%)

    TOPSIS Statistics (valid pixels):
      Mean ± Std                        : 0.546 ± 0.144
      P10 / P50 / P90                   : 0.356 / 0.538 / 0.752
      Score >= 0.6 (high suitability)   : 34.7%

    AHP — Saaty Scale:
      CR (Consistency Ratio)            : 0.0384  ✅ Consistent
      Criterion                          Weight     (%)
      ──────────────────────────────────────────────────
      solar_resource                     0.3314  ( 33.1%)
      grid_suitability                   0.2385  ( 23.9%)
      terrain_score                      0.1620  ( 16.2%)
      road_suitability                   0.1090  ( 10.9%)
      river_solar                        0.0734  (  7.3%)
      seismic_suitability                0.0498  (  5.0%)
      pop_suitability                    0.0359  (  3.6%)

    Weights JSON: IND_solar_weights.json

--------------------------------------------------------------------
  WIND ONSHORE
--------------------------------------------------------------------
    Total territorial pixels            : 2,493,103
    Hard exclusions (pixels)            : 715,398  (28.7%)
    Valid pixels (TOPSIS)               : 1,777,705  (71.3%)

    TOPSIS Statistics (valid pixels):
      Mean ± Std                        : 0.588 ± 0.244
      P10 / P50 / P90                   : 0.288 / 0.641 / 0.910
      Score >= 0.6 (high suitability)   : 53.2%

    AHP — Saaty Scale:
      CR (Consistency Ratio)            : 0.0888  ✅ Consistent
      Criterion                          Weight     (%)
      ──────────────────────────────────────────────────
      grid_suitability                   0.4204  ( 42.0%)
      terrain_score                      0.2609  ( 26.1%)
      road_suitability                   0.1554  ( 15.5%)
      pop_suitability                    0.0925  (  9.2%)
      seismic_suitability                0.0434  (  4.3%)
      river_wind                         0.0274  (  2.7%)

    Weights JSON: IND_wind_weights.json

--------------------------------------------------------------------
  BIOMASS / BIOENERGY
--------------------------------------------------------------------
    Total territorial pixels            : 2,493,103
    Hard exclusions (pixels)            : 699,950  (28.1%)
    Valid pixels (TOPSIS)               : 1,793,153  (71.9%)

    TOPSIS Statistics (valid pixels):
      Mean ± Std                        : 0.639 ± 0.175
      P10 / P50 / P90                   : 0.413 / 0.640 / 0.850
      Score >= 0.6 (high suitability)   : 65.9%

    AHP — Saaty Scale:
      CR (Consistency Ratio)            : 0.0481  ✅ Consistent
      Criterion                          Weight     (%)
      ──────────────────────────────────────────────────
      biomass_resource                   0.3076  ( 30.8%)
      lc_biomass                         0.2255  ( 22.5%)
      road_suitability                   0.1615  ( 16.2%)
      river_biomass                      0.1111  ( 11.1%)
      grid_suitability                   0.0792  (  7.9%)
      pop_suitability                    0.0573  (  5.7%)
      terrain_score                      0.0326  (  3.3%)
      seismic_suitability                0.0252  (  2.5%)

    Weights JSON: IND_biomass_weights.json

====================================================================
  TIMINGS BY STAGE
--------------------------------------------------------------------
    load_criteria           :    1.1s
    solar                   :   18.1s
    wind                    :   18.0s
    biomass                 :   18.2s
    comparison_map          :   51.3s
    TOTAL                   : 107.3s
====================================================================

2026-04-13T10:30:08 | INFO     | geoworld |   Phase 3 (Suitability) completed in 107.4s
2026-04-13T10:30:08 | INFO     | geoworld.processors.PotentialCalculator |   [params] solar=45.0 MW/km² lu=0.05 thr=0.75 | wind=6.0 MW/km² thr=0.75 | biomass=0.5 MW/km² thr=0.75
2026-04-13T10:30:09 | INFO     | geoworld.processors.PotentialCalculator |   Admin boundaries: 39 regions active
2026-04-13T10:30:09 | INFO     | geoworld.processors.PotentialCalculator | 
  ──────────────────────────────────────────────────
  Technology: Solar PV
  ──────────────────────────────────────────────────
2026-04-13T10:30:09 | INFO     | geoworld |   [solar] iniciando...
2026-04-13T10:30:09 | INFO     | geoworld.processors.PotentialCalculator |   [solar] Grid: 2519x2870 px | lat_center=20.66° | px_area=1.154 km²
2026-04-13T10:30:09 | INFO     | geoworld.processors.PotentialCalculator |   [solar/optimistic] threshold=0.65 | area=463,312 km² | cap=1042.45 GW | gen=1826.38 TWh/yr
2026-04-13T10:30:10 | INFO     | geoworld.processors.PotentialCalculator |   [solar/balanced] threshold=0.75 | area=200,313 km² | cap=450.70 GW | gen=789.63 TWh/yr
2026-04-13T10:30:11 | INFO     | geoworld.processors.PotentialCalculator |   [solar/conservative] threshold=0.85 | area=35,653 km² | cap=80.22 GW | gen=140.55 TWh/yr
2026-04-13T10:30:32 | INFO     | geoworld |   [solar] concluído em 23.2s
2026-04-13T10:30:32 | INFO     | geoworld.processors.PotentialCalculator | 
  ──────────────────────────────────────────────────
  Technology: Wind Onshore
  ──────────────────────────────────────────────────
2026-04-13T10:30:32 | INFO     | geoworld |   [wind] iniciando...
2026-04-13T10:30:32 | INFO     | geoworld.processors.PotentialCalculator |   [wind] Grid: 2519x2870 px | lat_center=20.66° | px_area=1.154 km²
2026-04-13T10:30:32 | INFO     | geoworld.processors.PotentialCalculator |   [wind/optimistic] threshold=0.65 | area=995,590 km² | cap=179.21 GW | gen=376.76 TWh/yr
2026-04-13T10:30:33 | INFO     | geoworld.processors.PotentialCalculator |   [wind/balanced] threshold=0.75 | area=644,879 km² | cap=116.08 GW | gen=244.04 TWh/yr
2026-04-13T10:30:35 | INFO     | geoworld.processors.PotentialCalculator |   [wind/conservative] threshold=0.85 | area=394,912 km² | cap=71.08 GW | gen=149.45 TWh/yr
2026-04-13T10:30:55 | INFO     | geoworld |   [wind] concluído em 22.6s
2026-04-13T10:30:55 | INFO     | geoworld.processors.PotentialCalculator | 
  ──────────────────────────────────────────────────
  Technology: Biomass / Bioenergy
  ──────────────────────────────────────────────────
2026-04-13T10:30:55 | INFO     | geoworld |   [biomass] iniciando...
2026-04-13T10:30:55 | INFO     | geoworld.processors.PotentialCalculator |   [biomass] Grid: 2519x2870 px | lat_center=20.66° | px_area=1.154 km²
2026-04-13T10:30:55 | INFO     | geoworld.processors.PotentialCalculator |   [biomass/optimistic] threshold=0.65 | area=961,889 km² | cap=144.28 GW | gen=884.75 TWh/yr
2026-04-13T10:30:56 | INFO     | geoworld.processors.PotentialCalculator |   [biomass/balanced] threshold=0.75 | area=638,969 km² | cap=95.85 GW | gen=587.72 TWh/yr
2026-04-13T10:30:57 | INFO     | geoworld.processors.PotentialCalculator |   [biomass/conservative] threshold=0.85 | area=203,135 km² | cap=30.47 GW | gen=186.84 TWh/yr
2026-04-13T10:31:17 | INFO     | geoworld |   [biomass] concluído em 22.2s
2026-04-13T10:31:17 | INFO     | geoworld |   [comparison_map] iniciando...
2026-04-13T10:31:18 | INFO     | geoworld |   [comparison_map] concluído em 1.3s
2026-04-13T10:31:18 | INFO     | geoworld |   [scenario_chart] iniciando...
2026-04-13T10:31:19 | INFO     | geoworld |   [scenario_chart] concluído em 0.3s
2026-04-13T10:31:19 | INFO     | geoworld.processors.PotentialCalculator | 
========================================================================
  POTENTIAL REPORT — Technical & Energy Potential
  India (IND)
  2026-04-13 10:30:08
========================================================================

------------------------------------------------------------------------
  SOLAR PV
  Land Use: 5.0%  |  Density: 45.0 MW/km²  |  CF: 20.0%
------------------------------------------------------------------------
  Scenario         Thr   Area (km²)       GW     TWh/yr   Pixels
  ------------------------------------------------------------
  Optimistic      0.65      463,312  1042.45    1826.38  407,718
  Balanced        0.75      200,313   450.70     789.63  178,757
  Conservative    0.85       35,653    80.22     140.54   32,229

    Top 5 Districts (Balanced Scenario):
    District                     MW       GWh/yr   Pixels
    ------------------------------------------------------
    RAJASTHAN               227,946      399,362   91,656
    GUJARAT                 214,639      376,047   83,955
    MADHYA PRADESH            4,003        7,013    1,591
    MAHARASHTRA               2,406        4,215      923
    TAMIL NADU                  947        1,658      346

------------------------------------------------------------------------
  WIND ONSHORE
  Land Use: 3.0%  |  Density: 6.0 MW/km²  |  CF: 24.0%
------------------------------------------------------------------------
  Scenario         Thr   Area (km²)       GW     TWh/yr   Pixels
  ------------------------------------------------------------
  Optimistic      0.65      995,590   179.21     376.76  875,040
  Balanced        0.75      644,879   116.08     244.04  567,373
  Conservative    0.85      394,912    71.08     149.45  348,470

    Top 5 Districts (Balanced Scenario):
    District                     MW       GWh/yr   Pixels
    ------------------------------------------------------
    UTTAR PRADESH            23,295       48,976  117,553
    RAJASTHAN                21,320       44,823  107,568
    MAHARASHTRA              21,085       44,329  100,629
    TELANGANA                10,407       21,880   49,247
    TAMIL NADU                8,349       17,553   38,355

------------------------------------------------------------------------
  BIOMASS / BIOENERGY
  Land Use: 30.0%  |  Density: 0.5 MW/km²  |  CF: 70.0%
------------------------------------------------------------------------
  Scenario         Thr   Area (km²)       GW     TWh/yr   Pixels
  ------------------------------------------------------------
  Optimistic      0.65      961,889   144.28     884.75  845,339
  Balanced        0.75      638,970    95.84     587.72  562,533
  Conservative    0.85      203,135    30.47     186.84  179,176

    Top 5 Districts (Balanced Scenario):
    District                     MW       GWh/yr   Pixels
    ------------------------------------------------------
    UTTAR PRADESH            20,492      125,654  124,141
    MAHARASHTRA              15,887       97,417   91,045
    RAJASTHAN                12,392       75,987   75,105
    KARNATAKA                 9,472       58,084   53,249
    TELANGANA                 8,205       50,311   46,608

========================================================================
  COMPARATIVE SUMMARY — BALANCED SCENARIO
------------------------------------------------------------------------
  Technology                 GW     TWh/yr     Area km²    CF%
  ------------------------------------------------------------
  Solar PV               450.70     789.63      200,313   20.0%
  Wind Onshore           116.08     244.04      644,879   24.0%
  Biomass / Bioenergy     95.84     587.72      638,970   70.0%
  ------------------------------------------------------------
  TOTAL                  662.63    1621.40

========================================================================
  TIMINGS BY STAGE
------------------------------------------------------------------------
    solar                     :   23.2s
    wind                      :   22.6s
    biomass                   :   22.2s
    comparison_map            :    1.3s
    scenario_chart            :    0.3s
    TOTAL                     : 70.1s
========================================================================

2026-04-13T10:31:19 | INFO     | geoworld |   Phase 4 (Potential) completed in 70.1s
2026-04-13T10:31:19 | INFO     | geoworld.processors.LCOECalculator |   [LCOE Params] Bounded country parameters for IND.
2026-04-13T10:31:19 | INFO     | geoworld.processors.LCOECalculator |   [pot_params] Anchoring physical constants: Solar LUF=0.05 | Wind CF=0.240
2026-04-13T10:31:19 | INFO     | geoworld.processors.LCOECalculator |   Admin boundaries: 39 regions loaded
2026-04-13T10:31:19 | INFO     | geoworld.processors.LCOECalculator | 
  ──────────────────────────────────────────────────
  Technology: Solar PV
  ──────────────────────────────────────────────────
2026-04-13T10:31:19 | INFO     | geoworld.processors.LCOECalculator |   [solar] financial projection initiated...
2026-04-13T10:31:38 | INFO     | geoworld.processors.LCOECalculator |   [solar] resolved in 18.5s
2026-04-13T10:31:38 | INFO     | geoworld.processors.LCOECalculator | 
  ──────────────────────────────────────────────────
  Technology: Wind Onshore
  ──────────────────────────────────────────────────
2026-04-13T10:31:38 | INFO     | geoworld.processors.LCOECalculator |   [wind] financial projection initiated...
2026-04-13T10:31:56 | INFO     | geoworld.processors.LCOECalculator |   [wind] resolved in 18.7s
2026-04-13T10:31:56 | INFO     | geoworld.processors.LCOECalculator | 
  ──────────────────────────────────────────────────
  Technology: Biomass / Bioenergy
  ──────────────────────────────────────────────────
2026-04-13T10:31:56 | INFO     | geoworld.processors.LCOECalculator |   [biomass] financial projection initiated...
2026-04-13T10:32:15 | INFO     | geoworld.processors.LCOECalculator |   [biomass] resolved in 18.6s
2026-04-13T10:32:15 | INFO     | geoworld.processors.LCOECalculator |   [comparison_map] financial projection initiated...
2026-04-13T10:33:06 | INFO     | geoworld.processors.LCOECalculator |   [comparison_map] resolved in 51.5s
2026-04-13T10:33:06 | INFO     | geoworld.processors.LCOECalculator | 
========================================================================
  LCOE REPORT — Levelized Cost of Energy (Phase 5)
  India (IND)
  2026-04-13 10:31:19
========================================================================

------------------------------------------------------------------------
  SOLAR PV
------------------------------------------------------------------------
  CAPEX: 600 USD/kW  |  OPEX: 10 USD/kW/yr  |  r: 9%  |  n: 25 yr
  CRF: 0.1018  |  Base CF: 0.200

  Metric                                    Value     Unit
  --------------------------------------------------------
  Base LCOE (National mean CF)               40.6  USD/MWh
  Spatial mean LCOE                          41.0  USD/MWh
  P10 — Cheapest 10%                         37.0  USD/MWh
  P90 — Most expensive 10%                   47.9  USD/MWh

  Available capacity by cost threshold:
  Threshold (USD/MWh)        Available GW
  ----------------------------------------
  <=  40 USD/MWh             249.22 GW  (55.3%)
  <=  50 USD/MWh             420.16 GW  (93.2%)
  <=  60 USD/MWh             450.70 GW  (100.0%)
  <=  70 USD/MWh             450.70 GW  (100.0%)
  <=  80 USD/MWh             450.70 GW  (100.0%)
  <= 100 USD/MWh             450.70 GW  (100.0%)
  <= 120 USD/MWh             450.70 GW  (100.0%)

------------------------------------------------------------------------
  WIND ONSHORE
------------------------------------------------------------------------
  CAPEX: 1100 USD/kW  |  OPEX: 32 USD/kW/yr  |  r: 9%  |  n: 25 yr
  CRF: 0.1018  |  Base CF: 0.240

  Metric                                    Value     Unit
  --------------------------------------------------------
  Base LCOE (National mean CF)               68.5  USD/MWh
  Spatial mean LCOE                          68.9  USD/MWh
  P10 — Cheapest 10%                         63.2  USD/MWh
  P90 — Most expensive 10%                   77.6  USD/MWh

  Available capacity by cost threshold:
  Threshold (USD/MWh)        Available GW
  ----------------------------------------
  <=  40 USD/MWh               0.00 GW  (0.0%)
  <=  50 USD/MWh               0.00 GW  (0.0%)
  <=  60 USD/MWh               0.00 GW  (0.0%)
  <=  70 USD/MWh              73.69 GW  (63.5%)
  <=  80 USD/MWh             116.08 GW  (100.0%)
  <= 100 USD/MWh             116.08 GW  (100.0%)
  <= 120 USD/MWh             116.08 GW  (100.0%)

------------------------------------------------------------------------
  BIOMASS / BIOENERGY
------------------------------------------------------------------------
  CAPEX: 2300 USD/kW  |  OPEX: 92 USD/kW/yr  |  r: 10%  |  n: 20 yr
  CRF: 0.1135  |  Base CF: 0.700

  Metric                                    Value     Unit
  --------------------------------------------------------
  Base LCOE (National mean CF)               57.6  USD/MWh
  Spatial mean LCOE                          57.6  USD/MWh
  P10 — Cheapest 10%                         57.6  USD/MWh
  P90 — Most expensive 10%                   57.6  USD/MWh

  Available capacity by cost threshold:
  Threshold (USD/MWh)        Available GW
  ----------------------------------------
  <=  40 USD/MWh               0.00 GW  (0.0%)
  <=  50 USD/MWh               0.00 GW  (0.0%)
  <=  60 USD/MWh              95.85 GW  (100.0%)
  <=  70 USD/MWh              95.85 GW  (100.0%)
  <=  80 USD/MWh              95.85 GW  (100.0%)
  <= 100 USD/MWh              95.85 GW  (100.0%)
  <= 120 USD/MWh              95.85 GW  (100.0%)

========================================================================
  TIMINGS BY STAGE
------------------------------------------------------------------------
    solar                     :   18.5s
    wind                      :   18.7s
    biomass                   :   18.6s
    comparison_map            :   51.5s
========================================================================

2026-04-13T10:33:07 | INFO     | geoworld |   Phase 5 (LCOE) completed in 108.2s
2026-04-13T10:33:07 | INFO     | geoworld.processors.ResultsWriter |   [Recovery] Reconstructing Potential data from disk...
2026-04-13T10:33:07 | INFO     | geoworld.processors.ResultsWriter |   [Recovery] Reconstructing LCOE data from disk...
2026-04-13T10:33:08 | INFO     | geoworld.processors.ResultsWriter |   Admin: 39 districts loaded
2026-04-13T10:33:08 | INFO     | geoworld.processors.ResultsWriter |   [solar] Suitability TIF loaded.
2026-04-13T10:33:08 | INFO     | geoworld.processors.ResultsWriter |   [wind] Suitability TIF loaded.
2026-04-13T10:33:08 | INFO     | geoworld.processors.ResultsWriter |   [biomass] Suitability TIF loaded.
2026-04-13T10:33:08 | INFO     | geoworld |   [dominance_suitability] iniciando...
2026-04-13T10:33:26 | INFO     | geoworld |   [dominance_suitability] concluído em 17.7s
2026-04-13T10:33:26 | INFO     | geoworld |   [dominance_lcoe] iniciando...
2026-04-13T10:33:44 | INFO     | geoworld |   [dominance_lcoe] concluído em 17.5s
2026-04-13T10:33:44 | INFO     | geoworld |   [executive_dashboard] iniciando...
2026-04-13T10:34:20 | INFO     | geoworld |   [executive_dashboard] concluído em 36.9s
2026-04-13T10:34:20 | INFO     | geoworld |   [geotiff_export] iniciando...
2026-04-13T10:34:21 | INFO     | geoworld.processors.ResultsWriter |   GIS: IND_solar_suitability.tif
2026-04-13T10:34:22 | INFO     | geoworld.processors.ResultsWriter |   GIS: IND_solar_lcoe_usd_mwh.tif
2026-04-13T10:34:22 | INFO     | geoworld.processors.ResultsWriter |   GIS: IND_wind_suitability.tif
2026-04-13T10:34:22 | INFO     | geoworld.processors.ResultsWriter |   GIS: IND_wind_lcoe_usd_mwh.tif
2026-04-13T10:34:23 | INFO     | geoworld.processors.ResultsWriter |   GIS: IND_biomass_suitability.tif
2026-04-13T10:34:24 | INFO     | geoworld.processors.ResultsWriter |   GIS: IND_biomass_lcoe_usd_mwh.tif
2026-04-13T10:34:24 | INFO     | geoworld.processors.ResultsWriter |   GIS: IND_dominance_suitability.tif
2026-04-13T10:34:24 | INFO     | geoworld.processors.ResultsWriter |   GIS: IND_dominance_lcoe.tif
2026-04-13T10:34:24 | INFO     | geoworld |   [geotiff_export] concluído em 3.5s
2026-04-13T10:34:24 | INFO     | geoworld.processors.ResultsWriter | 
========================================================================
  RESULTS SYNTHESIS REPORT — Phase 6
  India (IND)
  2026-04-13 10:33:07
========================================================================

------------------------------------------------------------------------
  SUITABILITY DOMINANCE — TOPSIS Score
------------------------------------------------------------------------
  Solar PV                    317,347 px  ( 17.8%)
  Wind Onshore                625,023 px  ( 35.1%)
  Biomass / Bioenergy         836,101 px  ( 47.0%)

------------------------------------------------------------------------
  LCOE DOMINANCE — Cheapest Technology per Pixel
------------------------------------------------------------------------
  Solar PV                    568,454 px  ( 39.1%)
  Wind Onshore                 85,275 px  (  5.9%)
  Biomass / Bioenergy         801,876 px  ( 55.1%)

------------------------------------------------------------------------
  BALANCED SCENARIO — INTEGRATED SUMMARY
------------------------------------------------------------------------
  Technology                   GW    TWh/yr        km²     $/MWh
  ──────────────────────────────────────────────────────────────
  Solar PV                  450.7     789.6    187,210      43.3
  Wind Onshore              116.1     244.0    594,201      69.6
  Biomass / Bioenergy        95.8     587.7    589,132      57.6
  ──────────────────────────────────────────────────────────────
  TOTAL                     662.6    1621.4

------------------------------------------------------------------------
  GeoTIFFs EXPORTED  →  results/gis/
------------------------------------------------------------------------
  ✓  IND_solar_suitability.tif
  ✓  IND_solar_lcoe_usd_mwh.tif
  ✓  IND_wind_suitability.tif
  ✓  IND_wind_lcoe_usd_mwh.tif
  ✓  IND_biomass_suitability.tif
  ✓  IND_biomass_lcoe_usd_mwh.tif
  ✓  IND_dominance_suitability.tif
  ✓  IND_dominance_lcoe.tif

========================================================================
  TIMINGS
------------------------------------------------------------------------
    dominance_suitability           :   17.7s
    dominance_lcoe                  :   17.5s
    executive_dashboard             :   36.9s
    geotiff_export                  :    3.5s
    TOTAL                           :   77.1s
========================================================================

2026-04-13T10:34:24 | INFO     | geoworld |   Phase 6 (Results) completed in 77.3s
2026-04-13T10:34:24 | INFO     | geoworld.processors.GHGAbatementCalculator | ==============================================================
2026-04-13T10:34:24 | INFO     | geoworld.processors.GHGAbatementCalculator |   GHG ABATEMENT CALCULATOR — India (IND)
2026-04-13T10:34:24 | INFO     | geoworld.processors.GHGAbatementCalculator |   Saída: D:\Douglas\DOUTORADO\geoworld_framework\outputs\IND\abatement
2026-04-13T10:34:24 | INFO     | geoworld.processors.GHGAbatementCalculator | ==============================================================
2026-04-13T10:34:25 | INFO     | geoworld.processors.GHGAbatementCalculator | Net Zero DB carregado com sucesso — net_zero_db.json
2026-04-13T10:34:34 | INFO     | geoworld.processors.GHGAbatementCalculator | [IND] Net Zero/World Bank sem dados. Emissões base carregadas via OWID/GCP → 3193.5 Mt (ano 2024)
2026-04-13T10:34:34 | INFO     | geoworld.processors.GHGAbatementCalculator | [IND] NDC Profile: Target Year 2070 | Type: intensity | Current Nat. Emissions: 3193.5 Mt
2026-04-13T10:34:41 | INFO     | geoworld.utils.plots_abatement | Geography map saved: IND_abatement_maps.png
2026-04-13T10:34:41 | INFO     | geoworld.utils.plots_abatement | MACC curve saved: IND_macc_curve.png
2026-04-13T10:34:42 | INFO     | geoworld.utils.plots_abatement | Substitution curves saved: IND_substitution_curves.png
2026-04-13T10:34:42 | INFO     | geoworld.utils.plots_abatement | Carbon intensity chart saved: IND_carbon_intensity.png
2026-04-13T10:34:42 | INFO     | geoworld.utils.plots_abatement | Net Zero analysis saved: IND_net_zero.png
2026-04-13T10:34:42 | INFO     | geoworld.processors.GHGAbatementCalculator | [IND] MAC 28.9 USD/tCO₂e (needs 28.9 USD/tCO2) | Net Avoided: 411.72 MtCO₂/yr | Value: 2.19 B USD | Substituted: 533.3 TWh | NDC coverage: N/D
2026-04-13T10:34:42 | INFO     | geoworld.processors.GHGAbatementCalculator | [IND] Phase 7 completed in 18.3s.
2026-04-13T10:34:42 | INFO     | geoworld |   Phase 7 (Abatement) completed in 18.3s
2026-04-13T10:34:42 | INFO     | geoworld.processors.SensitivityAnalyzer | ==============================================================
2026-04-13T10:34:42 | INFO     | geoworld.processors.SensitivityAnalyzer |   SENSITIVITY ANALYZER — Phase 8 (IND)
2026-04-13T10:34:42 | INFO     | geoworld.processors.SensitivityAnalyzer |   Output: D:\Douglas\DOUTORADO\geoworld_framework\outputs\IND\sensitivity
2026-04-13T10:34:42 | INFO     | geoworld.processors.SensitivityAnalyzer | ==============================================================
2026-04-13T10:34:42 | INFO     | geoworld.processors.SensitivityAnalyzer |   Reference grid: 2519×2870 pixels
2026-04-13T10:34:42 | INFO     | geoworld.processors.SensitivityAnalyzer |   Technologies to analyze: ['solar', 'wind', 'biomass']
2026-04-13T10:34:42 | INFO     | geoworld.processors.SensitivityAnalyzer |   [SA-5] GHG function built from Phase 7 abatement results.
2026-04-13T10:34:42 | INFO     | geoworld.processors.SensitivityAnalyzer |   [solar] Starting SA suite (7 criteria)...
2026-04-13T10:34:42 | INFO     | geoworld.processors.SensitivityAnalyzer |   [solar] SA-1: OAT weight perturbation...
2026-04-13T10:35:04 | INFO     | geoworld.processors.SensitivityAnalyzer |   [solar] SA-1 complete: rho_min=0.9274, most_sensitive=solar_resource
2026-04-13T10:35:04 | INFO     | geoworld.processors.SensitivityAnalyzer |   [solar] SA-2: Monte Carlo AHP (1000 samples)...
2026-04-13T10:35:50 | INFO     | geoworld.processors.SensitivityAnalyzer |   [solar] SA-2 complete: stable_fraction=2.2%
2026-04-13T10:35:50 | INFO     | geoworld.processors.SensitivityAnalyzer |   [solar] SA-3: threshold sweep...
2026-04-13T10:35:51 | INFO     | geoworld.processors.SensitivityAnalyzer |   [solar] SA-3 complete: 11 thresholds evaluated
2026-04-13T10:35:51 | INFO     | geoworld.processors.SensitivityAnalyzer |   [solar] SA-4: LCOE Monte Carlo (10000 samples)...
2026-04-13T10:35:51 | INFO     | geoworld.processors.SensitivityAnalyzer |   [solar] SA-4 complete: P50=$45.9/MWh, CI90=$10.0
2026-04-13T10:35:51 | INFO     | geoworld.processors.SensitivityAnalyzer |   [solar] SA-6: potential parameter sensitivity...
2026-04-13T10:35:51 | INFO     | geoworld.processors.SensitivityAnalyzer |   [solar] SA-6 complete: base=450.7 GW
2026-04-13T10:35:52 | INFO     | geoworld.processors.SensitivityAnalyzer |   [solar] Dashboard saved: IND_solar_dashboard.png
2026-04-13T10:35:52 | INFO     | geoworld.processors.SensitivityAnalyzer |   [wind] Starting SA suite (6 criteria)...
2026-04-13T10:35:52 | INFO     | geoworld.processors.SensitivityAnalyzer |   [wind] SA-1: OAT weight perturbation...
2026-04-13T10:36:02 | INFO     | geoworld.processors.SensitivityAnalyzer |   [wind] SA-1 complete: rho_min=0.9811, most_sensitive=grid_suitability
2026-04-13T10:36:02 | INFO     | geoworld.processors.SensitivityAnalyzer |   [wind] SA-2: Monte Carlo AHP (1000 samples)...
2026-04-13T10:36:45 | INFO     | geoworld.processors.SensitivityAnalyzer |   [wind] SA-2 complete: stable_fraction=15.9%
2026-04-13T10:36:45 | INFO     | geoworld.processors.SensitivityAnalyzer |   [wind] SA-3: threshold sweep...
2026-04-13T10:36:46 | INFO     | geoworld.processors.SensitivityAnalyzer |   [wind] SA-3 complete: 11 thresholds evaluated
2026-04-13T10:36:46 | INFO     | geoworld.processors.SensitivityAnalyzer |   [wind] SA-4: LCOE Monte Carlo (10000 samples)...
2026-04-13T10:36:46 | INFO     | geoworld.processors.SensitivityAnalyzer |   [wind] SA-4 complete: P50=$61.2/MWh, CI90=$12.6
2026-04-13T10:36:46 | INFO     | geoworld.processors.SensitivityAnalyzer |   [wind] SA-6: potential parameter sensitivity...
2026-04-13T10:36:47 | INFO     | geoworld.processors.SensitivityAnalyzer |   [wind] SA-6 complete: base=116.1 GW
2026-04-13T10:36:47 | INFO     | geoworld.processors.SensitivityAnalyzer |   [wind] Dashboard saved: IND_wind_dashboard.png
2026-04-13T10:36:47 | INFO     | geoworld.processors.SensitivityAnalyzer |   [biomass] Starting SA suite (8 criteria)...
2026-04-13T10:36:47 | INFO     | geoworld.processors.SensitivityAnalyzer |   [biomass] SA-1: OAT weight perturbation...
2026-04-13T10:37:00 | INFO     | geoworld.processors.SensitivityAnalyzer |   [biomass] SA-1 complete: rho_min=0.9346, most_sensitive=lc_biomass
2026-04-13T10:37:00 | INFO     | geoworld.processors.SensitivityAnalyzer |   [biomass] SA-2: Monte Carlo AHP (1000 samples)...
2026-04-13T10:37:47 | INFO     | geoworld.processors.SensitivityAnalyzer |   [biomass] SA-2 complete: stable_fraction=6.9%
2026-04-13T10:37:47 | INFO     | geoworld.processors.SensitivityAnalyzer |   [biomass] SA-3: threshold sweep...
2026-04-13T10:37:47 | INFO     | geoworld.processors.SensitivityAnalyzer |   [biomass] SA-3 complete: 11 thresholds evaluated
2026-04-13T10:37:47 | INFO     | geoworld.processors.SensitivityAnalyzer |   [biomass] SA-4: LCOE Monte Carlo (10000 samples)...
2026-04-13T10:37:47 | INFO     | geoworld.processors.SensitivityAnalyzer |   [biomass] SA-4 complete: P50=$55.6/MWh, CI90=$11.4
2026-04-13T10:37:47 | INFO     | geoworld.processors.SensitivityAnalyzer |   [biomass] SA-6: potential parameter sensitivity...
2026-04-13T10:37:48 | INFO     | geoworld.processors.SensitivityAnalyzer |   [biomass] SA-6 complete: base=95.8 GW
2026-04-13T10:37:49 | INFO     | geoworld.processors.SensitivityAnalyzer |   [biomass] Dashboard saved: IND_biomass_dashboard.png
2026-04-13T10:37:49 | INFO     | geoworld.processors.SensitivityAnalyzer |   [SA-5] Sobol global sensitivity (GHG abatement)...
2026-04-13T10:37:49 | INFO     | geoworld.processors.SensitivityAnalyzer |   [SA-5] Sobol complete: dominant=penetration_factor (ST=0.601)
2026-04-13T10:37:49 | INFO     | geoworld.processors.SensitivityAnalyzer | [IND] Phase 8 completed in 186.9s.
2026-04-13T10:37:49 | INFO     | geoworld.processors.SensitivityAnalyzer | [IND] Outputs: 13 CSVs, 22 plots
2026-04-13T10:37:49 | INFO     | geoworld |   Phase 8 (Sensitivity) completed in 186.9s
2026-04-13T10:37:49 | INFO     | geoworld.processors.TransportDecarbonizationCalculator | Loaded transport parameters from: D:\Douglas\DOUTORADO\geoworld_framework\configs\transport_parameters.json
2026-04-13T10:37:50 | INFO     | geoworld.processors.TransportDecarbonizationCalculator | ============================================================
2026-04-13T10:37:50 | INFO     | geoworld.processors.TransportDecarbonizationCalculator |   PHASE 9 — TRANSPORT DECARBONISATION
2026-04-13T10:37:50 | INFO     | geoworld.processors.TransportDecarbonizationCalculator |   India (IND)
2026-04-13T10:37:50 | INFO     | geoworld.processors.TransportDecarbonizationCalculator | ============================================================
2026-04-13T10:37:50 | INFO     | geoworld.processors.TransportDecarbonizationCalculator | ----------------------------------------------------
2026-04-13T10:37:50 | INFO     | geoworld.processors.TransportDecarbonizationCalculator |   PARAMETERS IN USE
2026-04-13T10:37:50 | INFO     | geoworld.processors.TransportDecarbonizationCalculator | ----------------------------------------------------
2026-04-13T10:37:50 | INFO     | geoworld.processors.TransportDecarbonizationCalculator |   Projection horizon : 2025 – 2050
2026-04-13T10:37:50 | INFO     | geoworld.processors.TransportDecarbonizationCalculator |   Fleet size (2024)  : 320,000,000 vehicles
2026-04-13T10:37:50 | INFO     | geoworld.processors.TransportDecarbonizationCalculator |   Annual fleet growth: 6.5%
2026-04-13T10:37:50 | INFO     | geoworld.processors.TransportDecarbonizationCalculator |   Grid intensity (gCO2/kWh):
2026-04-13T10:37:50 | INFO     | geoworld.processors.TransportDecarbonizationCalculator |     2025 : 710
2026-04-13T10:37:50 | INFO     | geoworld.processors.TransportDecarbonizationCalculator |     2030 : 570
2026-04-13T10:37:50 | INFO     | geoworld.processors.TransportDecarbonizationCalculator |     2035 : 400
2026-04-13T10:37:50 | INFO     | geoworld.processors.TransportDecarbonizationCalculator |     2040 : 250
2026-04-13T10:37:50 | INFO     | geoworld.processors.TransportDecarbonizationCalculator |     2045 : 130
2026-04-13T10:37:50 | INFO     | geoworld.processors.TransportDecarbonizationCalculator |     2050 : 50
2026-04-13T10:37:50 | INFO     | geoworld.processors.TransportDecarbonizationCalculator |   Hub spacing radius : 80 km
2026-04-13T10:37:50 | INFO     | geoworld.processors.TransportDecarbonizationCalculator |   Biofuel blends     : B7 / E20
2026-04-13T10:37:50 | INFO     | geoworld.processors.TransportDecarbonizationCalculator |   Powertrain penetration (country-specific — reference, new sales):
2026-04-13T10:37:50 | INFO     | geoworld.processors.TransportDecarbonizationCalculator |     2025 : ICE 78% | HEV 10% | PHEV 3% | BEV 9% | FCEV 0%
2026-04-13T10:37:50 | INFO     | geoworld.processors.TransportDecarbonizationCalculator |     2035 : ICE 35% | HEV 20% | PHEV 7% | BEV 37% | FCEV 1%
2026-04-13T10:37:50 | INFO     | geoworld.processors.TransportDecarbonizationCalculator |     2050 : ICE 3% | HEV 17% | PHEV 7% | BEV 72% | FCEV 1%
2026-04-13T10:37:50 | INFO     | geoworld.processors.TransportDecarbonizationCalculator | ============================================================
2026-04-13T10:37:50 | INFO     | geoworld.processors.TransportDecarbonizationCalculator |   [1/7] Building fleet size trajectory ...
2026-04-13T10:37:50 | INFO     | geoworld.processors.TransportDecarbonizationCalculator |   Fleet base (light vehicles): fleet_size_light_vehicles_2024 = 38,000,000
2026-04-13T10:37:50 | INFO     | geoworld.processors.TransportDecarbonizationCalculator |   [2/7] Calculating EV electricity demand & RE requirements ...
2026-04-13T10:37:50 | INFO     | geoworld.processors.TransportDecarbonizationCalculator |   [3/7] Computing GHG emission trajectories ...
2026-04-13T10:37:50 | INFO     | geoworld.processors.TransportDecarbonizationCalculator |   [4/7] Computing transport electrification costs ...
2026-04-13T10:37:50 | INFO     | geoworld.processors.TransportDecarbonizationCalculator |     Using Phase-5 LCOEs — Solar: 55.0 USD/MWh | Wind: 48.0 USD/MWh | Biomass: 85.0 USD/MWh
2026-04-13T10:37:50 | INFO     | geoworld.processors.TransportDecarbonizationCalculator |   [5/7] Locating charging hubs from suitability rasters ...
2026-04-13T10:37:50 | INFO     | geoworld.processors.TransportDecarbonizationCalculator |     Hub placement from: IND_solar_suitability.tif, IND_wind_suitability.tif (min suitability: 0.90)
2026-04-13T10:37:50 | INFO     | geoworld.processors.TransportDecarbonizationCalculator |     Score weights — suitability: 0.50 | demand proximity: 0.35 | LCOE: 0.15
2026-04-13T10:37:50 | INFO     | geoworld.processors.TransportDecarbonizationCalculator |     Solar: 13704 candidate pixels (score >= 0.90)
2026-04-13T10:37:51 | INFO     | geoworld.processors.TransportDecarbonizationCalculator |     Wind: 212605 candidate pixels (score >= 0.90)
2026-04-13T10:37:58 | INFO     | geoworld.processors.TransportDecarbonizationCalculator |     Placed 171 charging hubs (spacing ≥ 80 km, score ≥ 0.90) — Solar: 6, Wind: 165, Biomass: 0.
2026-04-13T10:37:58 | INFO     | geoworld.processors.TransportDecarbonizationCalculator |   [6/7] Building summary ...
2026-04-13T10:37:58 | INFO     | geoworld.processors.TransportDecarbonizationCalculator |   [7/7] Writing outputs & maps ...
2026-04-13T10:38:16 | INFO     | geoworld.processors.TransportDecarbonizationCalculator | Phase 9 (Transport Decarbonisation) completed in 26.6s
2026-04-13T10:38:16 | INFO     | geoworld.processors.TransportDecarbonizationCalculator |   Report : D:\Douglas\DOUTORADO\geoworld_framework\outputs\IND\transport\reports\IND_transport_decarbonization_report.txt
2026-04-13T10:38:16 | INFO     | geoworld |   Phase 9 (Transport Decarbonisation) completed in 26.7s
2026-04-13T10:38:16 | INFO     | geoworld | Pipeline completed for India (IND).
2026-04-13T10:38:16 | INFO     | geoworld | Result: COMPLETED
2026-04-13T10:38:16 | INFO     | geoworld | Total elapsed time: 711.7s
