2026-04-10T13:55:45 | INFO     | geoworld.io.DataManager | Raw data root: D:\Douglas\DOUTORADO\database\raw
2026-04-10T13:55:45 | INFO     | geoworld | Starting analysis: Portugal (PRT)
2026-04-10T13:55:45 | INFO     | geoworld.core.ConfigLoader | ----------------------------------------------------
2026-04-10T13:55:45 | INFO     | geoworld.core.ConfigLoader |   Portugal (PRT)
2026-04-10T13:55:45 | INFO     | geoworld.core.ConfigLoader |   Solar  : LUF=0.05  thr=0.75  density=50.0 MW/km²
2026-04-10T13:55:45 | INFO     | geoworld.core.ConfigLoader |   Wind   : LUF=0.030  thr=0.75  density=5.5 MW/km²
2026-04-10T13:55:45 | INFO     | geoworld.core.ConfigLoader |   Biomass: col=0.30  thr=0.75  density=0.5 MW/km²
2026-04-10T13:55:45 | INFO     | geoworld.core.ConfigLoader |   OWA    : default=balanced  scenarios=['optimistic', 'balanced', 'conservative']
2026-04-10T13:55:45 | INFO     | geoworld.core.ConfigLoader |   Criteria: river=5.0 km  road=15.0 km  slope=10°
2026-04-10T13:55:45 | INFO     | geoworld.core.ConfigLoader | ----------------------------------------------------
2026-04-10T13:55:45 | INFO     | geoworld | ----------------------------------------------------
2026-04-10T13:55:45 | INFO     | geoworld |   Portugal (PRT)
2026-04-10T13:55:45 | INFO     | geoworld | ----------------------------------------------------
2026-04-10T13:55:45 | INFO     | geoworld |   Geometry : Mainland only
2026-04-10T13:55:45 | INFO     | geoworld |   Resolution : Fixed 0.01 deg
2026-04-10T13:55:45 | INFO     | geoworld |   Suitability optimistic offset : -0.10
2026-04-10T13:55:45 | INFO     | geoworld |   Protected-area mode : Hard exclusion
2026-04-10T13:55:45 | INFO     | geoworld | ----------------------------------------------------
2026-04-10T13:55:53 | INFO     | geoworld | Land Cover: 26 tile(s) found.
2026-04-10T13:55:53 | INFO     | geoworld.io.DataManager | Power plants found: 462
2026-04-10T13:55:53 | INFO     | geoworld | ----------------------------------------------------
2026-04-10T13:55:53 | INFO     | geoworld |   DATA AVAILABILITY
2026-04-10T13:55:53 | INFO     | geoworld | ----------------------------------------------------
2026-04-10T13:55:53 | INFO     | geoworld |   [  OK   ] Borders
2026-04-10T13:55:53 | INFO     | geoworld |   [  OK   ] Land Cover
2026-04-10T13:55:53 | INFO     | geoworld |   [  OK   ] Elevation
2026-04-10T13:55:53 | INFO     | geoworld |   [  OK   ] Wind
2026-04-10T13:55:53 | INFO     | geoworld |   [  OK   ] Solar
2026-04-10T13:55:53 | INFO     | geoworld |   [  OK   ] Power Plants
2026-04-10T13:55:53 | INFO     | geoworld |   [  OK   ] Population
2026-04-10T13:55:53 | INFO     | geoworld |   [  OK   ] Roads
2026-04-10T13:55:53 | INFO     | geoworld |   [  OK   ] Protected
2026-04-10T13:55:53 | INFO     | geoworld |   [  OK   ] Lakes
2026-04-10T13:55:53 | INFO     | geoworld | ----------------------------------------------------
2026-04-10T13:55:54 | INFO     | geoworld.processors.DataAuditor | Auditoria: Portugal (PRT)
2026-04-10T13:55:54 | INFO     | geoworld.processors.DataAuditor |   [solar] iniciando...
2026-04-10T13:55:56 | INFO     | geoworld.processors.DataAuditor |   [solar] concluído em 2.2s
2026-04-10T13:55:56 | INFO     | geoworld.processors.DataAuditor |   [elevation] iniciando...
2026-04-10T13:55:56 | INFO     | geoworld.processors.DataAuditor |   [elevation] concluído em 0.5s
2026-04-10T13:55:56 | INFO     | geoworld.processors.DataAuditor |   [population] iniciando...
2026-04-10T13:56:00 | INFO     | geoworld.processors.DataAuditor |   [population] concluído em 3.4s
2026-04-10T13:56:00 | INFO     | geoworld.processors.DataAuditor |   [slope] iniciando...
2026-04-10T13:56:00 | INFO     | geoworld.processors.DataAuditor |   [slope] concluído em 0.4s
2026-04-10T13:56:00 | INFO     | geoworld.processors.DataAuditor |   [wind] iniciando...
2026-04-10T13:56:01 | INFO     | geoworld.processors.DataAuditor |   [wind] concluído em 1.4s
2026-04-10T13:56:01 | INFO     | geoworld.processors.DataAuditor |   [seismic] iniciando...
2026-04-10T13:56:03 | INFO     | geoworld.processors.DataAuditor |   [seismic] concluído em 1.0s
2026-04-10T13:56:03 | INFO     | geoworld.processors.DataAuditor |   [land_cover] iniciando...
2026-04-10T13:57:22 | INFO     | geoworld.processors.DataAuditor |   [land_cover] concluído em 79.2s
2026-04-10T13:57:22 | INFO     | geoworld.processors.DataAuditor |   [power_plants] iniciando...
2026-04-10T13:57:22 | INFO     | geoworld.processors.DataAuditor |   [power_plants] concluído em 0.5s
2026-04-10T13:57:22 | INFO     | geoworld.core.ConfigLoader | ----------------------------------------------------
2026-04-10T13:57:22 | INFO     | geoworld.core.ConfigLoader |   Portugal (PRT)
2026-04-10T13:57:22 | INFO     | geoworld.core.ConfigLoader |   Solar  : LUF=0.05  thr=0.75  density=50.0 MW/km²
2026-04-10T13:57:22 | INFO     | geoworld.core.ConfigLoader |   Wind   : LUF=0.030  thr=0.75  density=5.5 MW/km²
2026-04-10T13:57:22 | INFO     | geoworld.core.ConfigLoader |   Biomass: col=0.30  thr=0.75  density=0.5 MW/km²
2026-04-10T13:57:22 | INFO     | geoworld.core.ConfigLoader |   OWA    : default=balanced  scenarios=['optimistic', 'balanced', 'conservative']
2026-04-10T13:57:22 | INFO     | geoworld.core.ConfigLoader |   Criteria: river=5.0 km  road=15.0 km  slope=10°
2026-04-10T13:57:22 | INFO     | geoworld.core.ConfigLoader | ----------------------------------------------------
2026-04-10T13:57:22 | INFO     | geoworld.processors.DataAuditor | Relatório salvo: D:\Douglas\DOUTORADO\geoworld_framework\outputs\reports\audit_PRT_20260410_135554.txt
2026-04-10T13:57:22 | INFO     | geoworld |   Phase 1 (Audit) completed in 88.7s
2026-04-10T13:57:22 | INFO     | geoworld.processors.GridAligner |   Grid Extent: 518×333 px | res=0.01° | bounds=[-9.510,36.980,-6.180,42.160]
2026-04-10T13:57:23 | INFO     | geoworld |   [elevation] iniciando...
2026-04-10T13:57:23 | INFO     | geoworld.processors.GridAligner |     elevation: ⏩ cached.
2026-04-10T13:57:23 | INFO     | geoworld |   [elevation] concluído em 0.1s
2026-04-10T13:57:23 | INFO     | geoworld |   [slope] iniciando...
2026-04-10T13:57:23 | INFO     | geoworld.processors.GridAligner |     slope: ⏩ cached.
2026-04-10T13:57:23 | INFO     | geoworld |   [slope] concluído em 0.0s
2026-04-10T13:57:23 | INFO     | geoworld |   [solar] iniciando...
2026-04-10T13:57:23 | INFO     | geoworld.processors.GridAligner |     solar: ⏩ cached.
2026-04-10T13:57:23 | INFO     | geoworld |   [solar] concluído em 0.0s
2026-04-10T13:57:23 | INFO     | geoworld |   [wind] iniciando...
2026-04-10T13:57:23 | INFO     | geoworld.processors.GridAligner |     wind: ⏩ cached.
2026-04-10T13:57:23 | INFO     | geoworld |   [wind] concluído em 0.0s
2026-04-10T13:57:23 | INFO     | geoworld |   [land_cover] iniciando...
2026-04-10T13:57:36 | INFO     | geoworld |   [land_cover] concluído em 13.0s
2026-04-10T13:57:36 | INFO     | geoworld |   [population] iniciando...
2026-04-10T13:57:36 | INFO     | geoworld.processors.GridAligner |     population: ⏩ cached.
2026-04-10T13:57:36 | INFO     | geoworld |   [population] concluído em 0.1s
2026-04-10T13:57:36 | INFO     | geoworld |   [grid_distance] iniciando...
2026-04-10T13:57:36 | INFO     | geoworld.processors.GridAligner |     grid: ⏩ cached.
2026-04-10T13:57:36 | INFO     | geoworld |   [grid_distance] concluído em 0.1s
2026-04-10T13:57:36 | INFO     | geoworld |   [roads] iniciando...
2026-04-10T13:57:36 | INFO     | geoworld.processors.GridAligner |     roads: ⏩ cached.
2026-04-10T13:57:36 | INFO     | geoworld |   [roads] concluído em 0.0s
2026-04-10T13:57:36 | INFO     | geoworld |   [lakes] iniciando...
2026-04-10T13:57:36 | INFO     | geoworld.processors.GridAligner |     lakes: ⏩ cached.
2026-04-10T13:57:36 | INFO     | geoworld |   [lakes] concluído em 0.0s
2026-04-10T13:57:36 | INFO     | geoworld |   [rivers] iniciando...
2026-04-10T13:57:36 | INFO     | geoworld.processors.GridAligner |     rivers: ⏩ cached.
2026-04-10T13:57:36 | INFO     | geoworld |   [rivers] concluído em 0.0s
2026-04-10T13:57:36 | INFO     | geoworld |   [seismic] iniciando...
2026-04-10T13:57:36 | INFO     | geoworld.processors.GridAligner |     seismic: ⏩ cached.
2026-04-10T13:57:36 | INFO     | geoworld |   [seismic] concluído em 0.0s
2026-04-10T13:57:36 | INFO     | geoworld.processors.GridAligner |   ✅ All geometries mapped to strictly congruent matrix shape=(518, 333)
2026-04-10T13:57:36 | INFO     | geoworld |   Phase 2a (Grid Alignment) completed in 13.9s
2026-04-10T13:57:37 | INFO     | geoworld.processors.CriteriaBuilder | 
Phase 2b — Criteria Builder: PRT
2026-04-10T13:57:41 | INFO     | geoworld.processors.CriteriaBuilder |   Admin boundaries: 18 regions loaded
2026-04-10T13:57:41 | INFO     | geoworld.processors.CriteriaBuilder |   [solar_resource] mathematical projection initiated...
2026-04-10T13:57:41 | INFO     | geoworld.processors.CriteriaBuilder |   [solar_resource] resolved in 0.5s
2026-04-10T13:57:41 | INFO     | geoworld.processors.CriteriaBuilder |   [wind_resource] mathematical projection initiated...
2026-04-10T13:57:41 | INFO     | geoworld.processors.CriteriaBuilder |   [wind_resource] resolved in 0.1s
2026-04-10T13:57:41 | INFO     | geoworld.processors.CriteriaBuilder |   [terrain_score] mathematical projection initiated...
2026-04-10T13:57:41 | INFO     | geoworld.processors.CriteriaBuilder |   [terrain_score] resolved in 0.1s
2026-04-10T13:57:41 | INFO     | geoworld.processors.CriteriaBuilder |   [slope_degrees] mathematical projection initiated...
2026-04-10T13:57:41 | INFO     | geoworld.processors.CriteriaBuilder |   [slope_degrees] resolved in 0.1s
2026-04-10T13:57:41 | INFO     | geoworld.processors.CriteriaBuilder |   [land_cover] mathematical projection initiated...
2026-04-10T13:57:41 | INFO     | geoworld.processors.CriteriaBuilder |   [land_cover] resolved in 0.1s
2026-04-10T13:57:41 | INFO     | geoworld.processors.CriteriaBuilder |   [biomass_resource] mathematical projection initiated...
2026-04-10T13:57:41 | INFO     | geoworld.processors.CriteriaBuilder |   [biomass_resource] resolved in 0.1s
2026-04-10T13:57:41 | INFO     | geoworld.processors.CriteriaBuilder |   [protected_areas] mathematical projection initiated...
2026-04-10T13:57:43 | INFO     | geoworld.processors.CriteriaBuilder |   [protected_areas] resolved in 1.6s
2026-04-10T13:57:43 | INFO     | geoworld.processors.CriteriaBuilder |   [pop_suitability] mathematical projection initiated...
2026-04-10T13:57:43 | INFO     | geoworld.processors.CriteriaBuilder |   [pop_suitability] resolved in 0.1s
2026-04-10T13:57:43 | INFO     | geoworld.processors.CriteriaBuilder |   [road_suitability] mathematical projection initiated...
2026-04-10T13:57:43 | INFO     | geoworld.processors.CriteriaBuilder |   [road_suitability] resolved in 0.0s
2026-04-10T13:57:43 | INFO     | geoworld.processors.CriteriaBuilder |   [lakes_exclusion] mathematical projection initiated...
2026-04-10T13:57:43 | INFO     | geoworld.processors.CriteriaBuilder |   [lakes_exclusion] resolved in 0.0s
2026-04-10T13:57:43 | INFO     | geoworld.processors.CriteriaBuilder |   [river_solar] mathematical projection initiated...
2026-04-10T13:57:43 | INFO     | geoworld.processors.CriteriaBuilder |   [river_solar] resolved in 0.0s
2026-04-10T13:57:43 | INFO     | geoworld.processors.CriteriaBuilder |   [river_wind] mathematical projection initiated...
2026-04-10T13:57:43 | INFO     | geoworld.processors.CriteriaBuilder |   [river_wind] resolved in 0.0s
2026-04-10T13:57:43 | INFO     | geoworld.processors.CriteriaBuilder |   [river_biomass] mathematical projection initiated...
2026-04-10T13:57:43 | INFO     | geoworld.processors.CriteriaBuilder |   [river_biomass] resolved in 0.0s
2026-04-10T13:57:43 | INFO     | geoworld.processors.CriteriaBuilder |   [seismic_suitability] mathematical projection initiated...
2026-04-10T13:57:43 | INFO     | geoworld.processors.CriteriaBuilder |   [seismic_suitability] resolved in 0.1s
2026-04-10T13:57:43 | INFO     | geoworld.processors.CriteriaBuilder |   [grid_suitability] mathematical projection initiated...
2026-04-10T13:57:43 | INFO     | geoworld.processors.CriteriaBuilder |   [grid_suitability] resolved in 0.0s
2026-04-10T13:57:43 | INFO     | geoworld.processors.CriteriaBuilder |   Computation: 6.8s | 15 maps queued for rendering
2026-04-10T13:57:43 | INFO     | geoworld.processors.CriteriaBuilder |   Rendering 15 maps across 4 worker(s)...
2026-04-10T13:58:17 | INFO     | geoworld.processors.CriteriaBuilder |   Render: 33.2s (parallel) | Phase total: 40.0s
2026-04-10T13:58:17 | INFO     | geoworld.processors.CriteriaBuilder | 
==============================================================
  CRITERIA BUILDER — PRT
  Output: D:\Douglas\DOUTORADO\geoworld_framework\outputs\PRT\criteria_builder
==============================================================
2026-04-10T13:58:17 | INFO     | geoworld.processors.CriteriaBuilder |   ✅ solar_resource          : mean=0.565 | >=0.6:  50.9% | n=93,149
2026-04-10T13:58:17 | INFO     | geoworld.processors.CriteriaBuilder |   ✅ wind_resource           : mean=0.420 | >=0.6:  21.6% | n=93,149
2026-04-10T13:58:17 | INFO     | geoworld.processors.CriteriaBuilder |   ✅ terrain_score           : mean=0.479 | >=0.6:  29.2% | n=93,147
2026-04-10T13:58:17 | INFO     | geoworld.processors.CriteriaBuilder |   ✅ lc_biomass              : mean=0.540 | >=0.6:  55.0% | n=93,149
2026-04-10T13:58:17 | INFO     | geoworld.processors.CriteriaBuilder |   ✅ biomass_resource        : mean=0.501 | >=0.6:  32.7% | n=93,149
2026-04-10T13:58:17 | INFO     | geoworld.processors.CriteriaBuilder |   ✅ protected_areas         : mean=0.953 | >=0.6:  92.3% | n=93,149
2026-04-10T13:58:17 | INFO     | geoworld.processors.CriteriaBuilder |   ✅ pop_suitability         : mean=0.955 | >=0.6:  98.4% | n=92,621
2026-04-10T13:58:17 | INFO     | geoworld.processors.CriteriaBuilder |   ✅ road_suitability        : mean=0.714 | >=0.6:  76.1% | n=93,149
2026-04-10T13:58:17 | INFO     | geoworld.processors.CriteriaBuilder |   ✅ lakes_exclusion         : mean=0.975 | >=0.6:  97.5% | n=93,149
2026-04-10T13:58:17 | INFO     | geoworld.processors.CriteriaBuilder |   ✅ river_solar             : mean=0.727 | >=0.6:  72.7% | n=93,149
2026-04-10T13:58:17 | INFO     | geoworld.processors.CriteriaBuilder |   ✅ river_wind              : mean=0.727 | >=0.6:  72.7% | n=93,149
2026-04-10T13:58:17 | INFO     | geoworld.processors.CriteriaBuilder |   ✅ river_biomass           : mean=0.965 | >=0.6: 100.0% | n=93,149
2026-04-10T13:58:17 | INFO     | geoworld.processors.CriteriaBuilder |   ✅ seismic_suitability     : mean=0.680 | >=0.6:  69.1% | n=92,928
2026-04-10T13:58:17 | INFO     | geoworld.processors.CriteriaBuilder |   ✅ grid_suitability        : mean=0.737 | >=0.6:  76.6% | n=93,149
2026-04-10T13:58:17 | INFO     | geoworld.processors.CriteriaBuilder |   Total time: 40.1s
==============================================================
2026-04-10T13:58:17 | INFO     | geoworld |   Phase 2b (Criteria) completed in 40.7s
2026-04-10T13:58:18 | INFO     | geoworld |   [load_criteria] iniciando...
2026-04-10T13:58:19 | INFO     | geoworld |   [load_criteria] concluído em 0.8s
2026-04-10T13:58:19 | INFO     | geoworld.processors.SuitabilityBuilder |   [suitability] Policy Active: ESA class 10 (Trees/Forest) blocked for Solar/Wind/Biomass.
2026-04-10T13:58:19 | INFO     | geoworld.processors.SuitabilityBuilder | 
  ──────────────────────────────────────────────────
  Technology: Solar PV
  ──────────────────────────────────────────────────
2026-04-10T13:58:19 | INFO     | geoworld |   [solar] iniciando...
2026-04-10T13:58:19 | INFO     | geoworld.processors.SuitabilityBuilder |   [solar] AHP Saaty (subtle) — ✅ Consistent
2026-04-10T13:58:19 | INFO     | geoworld.processors.SuitabilityBuilder |   [solar]   λ_max=7.3039 | CI=0.0506 | CR=0.0384
2026-04-10T13:58:19 | INFO     | geoworld.processors.SuitabilityBuilder |   [solar]   solar_resource                : 0.3314  (33.1%)
2026-04-10T13:58:19 | INFO     | geoworld.processors.SuitabilityBuilder |   [solar]   grid_suitability              : 0.2385  (23.9%)
2026-04-10T13:58:19 | INFO     | geoworld.processors.SuitabilityBuilder |   [solar]   terrain_score                 : 0.1620  (16.2%)
2026-04-10T13:58:19 | INFO     | geoworld.processors.SuitabilityBuilder |   [solar]   road_suitability              : 0.1090  (10.9%)
2026-04-10T13:58:19 | INFO     | geoworld.processors.SuitabilityBuilder |   [solar]   river_solar                   : 0.0734  (7.3%)
2026-04-10T13:58:19 | INFO     | geoworld.processors.SuitabilityBuilder |   [solar]   seismic_suitability           : 0.0498  (5.0%)
2026-04-10T13:58:19 | INFO     | geoworld.processors.SuitabilityBuilder |   [solar]   pop_suitability               : 0.0359  (3.6%)
2026-04-10T13:58:19 | INFO     | geoworld.processors.SuitabilityBuilder |   [solar] AHP weights saved: PRT_solar_weights.json
2026-04-10T13:58:19 | INFO     | geoworld.processors.SuitabilityBuilder |   [solar] Pixels: total=92402 | excluded=37246 (slope=366, lc=31557) | valid=55156 (59.7%)
2026-04-10T13:58:24 | INFO     | geoworld |   [solar] concluído em 4.9s
2026-04-10T13:58:24 | INFO     | geoworld.processors.SuitabilityBuilder | 
  ──────────────────────────────────────────────────
  Technology: Wind Onshore
  ──────────────────────────────────────────────────
2026-04-10T13:58:24 | INFO     | geoworld |   [wind] iniciando...
2026-04-10T13:58:24 | INFO     | geoworld.processors.SuitabilityBuilder |   [wind] AHP Saaty (moderate) — ✅ Consistent
2026-04-10T13:58:24 | INFO     | geoworld.processors.SuitabilityBuilder |   [wind]   λ_max=7.7714 | CI=0.1286 | CR=0.0974
2026-04-10T13:58:24 | INFO     | geoworld.processors.SuitabilityBuilder |   [wind]   wind_resource                 : 0.3820  (38.2%)
2026-04-10T13:58:24 | INFO     | geoworld.processors.SuitabilityBuilder |   [wind]   grid_suitability              : 0.2480  (24.8%)
2026-04-10T13:58:24 | INFO     | geoworld.processors.SuitabilityBuilder |   [wind]   terrain_score                 : 0.1582  (15.8%)
2026-04-10T13:58:24 | INFO     | geoworld.processors.SuitabilityBuilder |   [wind]   road_suitability              : 0.0983  (9.8%)
2026-04-10T13:58:24 | INFO     | geoworld.processors.SuitabilityBuilder |   [wind]   pop_suitability               : 0.0614  (6.1%)
2026-04-10T13:58:24 | INFO     | geoworld.processors.SuitabilityBuilder |   [wind]   seismic_suitability           : 0.0314  (3.1%)
2026-04-10T13:58:24 | INFO     | geoworld.processors.SuitabilityBuilder |   [wind]   river_wind                    : 0.0208  (2.1%)
2026-04-10T13:58:24 | INFO     | geoworld.processors.SuitabilityBuilder |   [wind] AHP weights saved: PRT_wind_weights.json
2026-04-10T13:58:24 | INFO     | geoworld.processors.SuitabilityBuilder |   [wind] Pixels: total=92402 | excluded=37143 (slope=13, lc=31557) | valid=55259 (59.8%)
2026-04-10T13:58:29 | INFO     | geoworld |   [wind] concluído em 5.1s
2026-04-10T13:58:29 | INFO     | geoworld.processors.SuitabilityBuilder | 
  ──────────────────────────────────────────────────
  Technology: Biomass / Bioenergy
  ──────────────────────────────────────────────────
2026-04-10T13:58:29 | INFO     | geoworld |   [biomass] iniciando...
2026-04-10T13:58:29 | INFO     | geoworld.processors.SuitabilityBuilder |   [biomass] AHP Saaty (subtle) — ✅ Consistent
2026-04-10T13:58:29 | INFO     | geoworld.processors.SuitabilityBuilder |   [biomass]   λ_max=8.4744 | CI=0.0678 | CR=0.0481
2026-04-10T13:58:29 | INFO     | geoworld.processors.SuitabilityBuilder |   [biomass]   biomass_resource              : 0.3076  (30.8%)
2026-04-10T13:58:29 | INFO     | geoworld.processors.SuitabilityBuilder |   [biomass]   lc_biomass                    : 0.2255  (22.5%)
2026-04-10T13:58:29 | INFO     | geoworld.processors.SuitabilityBuilder |   [biomass]   road_suitability              : 0.1615  (16.2%)
2026-04-10T13:58:29 | INFO     | geoworld.processors.SuitabilityBuilder |   [biomass]   river_biomass                 : 0.1111  (11.1%)
2026-04-10T13:58:29 | INFO     | geoworld.processors.SuitabilityBuilder |   [biomass]   grid_suitability              : 0.0792  (7.9%)
2026-04-10T13:58:29 | INFO     | geoworld.processors.SuitabilityBuilder |   [biomass]   pop_suitability               : 0.0573  (5.7%)
2026-04-10T13:58:29 | INFO     | geoworld.processors.SuitabilityBuilder |   [biomass]   terrain_score                 : 0.0326  (3.3%)
2026-04-10T13:58:29 | INFO     | geoworld.processors.SuitabilityBuilder |   [biomass]   seismic_suitability           : 0.0252  (2.5%)
2026-04-10T13:58:29 | INFO     | geoworld.processors.SuitabilityBuilder |   [biomass] AHP weights saved: PRT_biomass_weights.json
2026-04-10T13:58:29 | INFO     | geoworld.processors.SuitabilityBuilder |   [biomass] Pixels: total=92402 | excluded=37143 (slope=0, lc=31557) | valid=55259 (59.8%)
2026-04-10T13:58:34 | INFO     | geoworld |   [biomass] concluído em 4.8s
2026-04-10T13:58:34 | INFO     | geoworld |   [comparison_map] iniciando...
2026-04-10T13:58:49 | INFO     | geoworld |   [comparison_map] concluído em 15.0s
2026-04-10T13:58:49 | INFO     | geoworld.processors.SuitabilityBuilder | 
====================================================================
  SUITABILITY REPORT — AHP (Saaty) + TOPSIS MCDA
  Portugal (PRT)
  2026-04-10 13:58:17
====================================================================

--------------------------------------------------------------------
  SOLAR PV
--------------------------------------------------------------------
    Total territorial pixels            : 92,402
    Hard exclusions (pixels)            : 37,246  (40.3%)
    Valid pixels (TOPSIS)               : 55,156  (59.7%)

    TOPSIS Statistics (valid pixels):
      Mean ± Std                        : 0.621 ± 0.144
      P10 / P50 / P90                   : 0.418 / 0.629 / 0.802
      Score >= 0.6 (high suitability)   : 55.7%

    AHP — Saaty Scale:
      CR (Consistency Ratio)            : 0.0384  ✅ Consistent
      Criterion                          Weight     (%)
      ──────────────────────────────────────────────────
      solar_resource                     0.3314  ( 33.1%)
      grid_suitability                   0.2385  ( 23.9%)
      terrain_score                      0.1620  ( 16.2%)
      road_suitability                   0.1090  ( 10.9%)
      river_solar                        0.0734  (  7.3%)
      seismic_suitability                0.0498  (  5.0%)
      pop_suitability                    0.0359  (  3.6%)

    Weights JSON: PRT_solar_weights.json

--------------------------------------------------------------------
  WIND ONSHORE
--------------------------------------------------------------------
    Total territorial pixels            : 92,402
    Hard exclusions (pixels)            : 37,143  (40.2%)
    Valid pixels (TOPSIS)               : 55,259  (59.8%)

    TOPSIS Statistics (valid pixels):
      Mean ± Std                        : 0.494 ± 0.156
      P10 / P50 / P90                   : 0.302 / 0.481 / 0.727
      Score >= 0.6 (high suitability)   : 24.4%

    AHP — Saaty Scale:
      CR (Consistency Ratio)            : 0.0974  ✅ Consistent
      Criterion                          Weight     (%)
      ──────────────────────────────────────────────────
      wind_resource                      0.3820  ( 38.2%)
      grid_suitability                   0.2480  ( 24.8%)
      terrain_score                      0.1582  ( 15.8%)
      road_suitability                   0.0983  (  9.8%)
      pop_suitability                    0.0614  (  6.1%)
      seismic_suitability                0.0314  (  3.1%)
      river_wind                         0.0208  (  2.1%)

    Weights JSON: PRT_wind_weights.json

--------------------------------------------------------------------
  BIOMASS / BIOENERGY
--------------------------------------------------------------------
    Total territorial pixels            : 92,402
    Hard exclusions (pixels)            : 37,143  (40.2%)
    Valid pixels (TOPSIS)               : 55,259  (59.8%)

    TOPSIS Statistics (valid pixels):
      Mean ± Std                        : 0.508 ± 0.138
      P10 / P50 / P90                   : 0.328 / 0.502 / 0.689
      Score >= 0.6 (high suitability)   : 22.2%

    AHP — Saaty Scale:
      CR (Consistency Ratio)            : 0.0481  ✅ Consistent
      Criterion                          Weight     (%)
      ──────────────────────────────────────────────────
      biomass_resource                   0.3076  ( 30.8%)
      lc_biomass                         0.2255  ( 22.5%)
      road_suitability                   0.1615  ( 16.2%)
      river_biomass                      0.1111  ( 11.1%)
      grid_suitability                   0.0792  (  7.9%)
      pop_suitability                    0.0573  (  5.7%)
      terrain_score                      0.0326  (  3.3%)
      seismic_suitability                0.0252  (  2.5%)

    Weights JSON: PRT_biomass_weights.json

====================================================================
  TIMINGS BY STAGE
--------------------------------------------------------------------
    load_criteria           :    0.8s
    solar                   :    4.9s
    wind                    :    5.1s
    biomass                 :    4.8s
    comparison_map          :   15.0s
    TOTAL                   : 31.7s
====================================================================

2026-04-10T13:58:49 | INFO     | geoworld |   Phase 3 (Suitability) completed in 31.7s
2026-04-10T13:58:49 | INFO     | geoworld.processors.PotentialCalculator |   [params] solar=50.0 MW/km² lu=0.05 thr=0.75 | wind=5.5 MW/km² thr=0.75 | biomass=0.5 MW/km² thr=0.75
2026-04-10T13:58:49 | INFO     | geoworld.processors.PotentialCalculator |   Admin boundaries: 18 regions active
2026-04-10T13:58:49 | INFO     | geoworld.processors.PotentialCalculator | 
  ──────────────────────────────────────────────────
  Technology: Solar PV
  ──────────────────────────────────────────────────
2026-04-10T13:58:49 | INFO     | geoworld |   [solar] iniciando...
2026-04-10T13:58:49 | INFO     | geoworld.processors.PotentialCalculator |   [solar] Grid: 518x333 px | lat_center=39.57° | px_area=0.954 km²
2026-04-10T13:58:49 | INFO     | geoworld.processors.PotentialCalculator |   [solar/optimistic] threshold=0.65 | area=24,656 km² | cap=61.64 GW | gen=102.59 TWh/yr
2026-04-10T13:58:50 | INFO     | geoworld.processors.PotentialCalculator |   [solar/balanced] threshold=0.75 | area=12,291 km² | cap=30.73 GW | gen=51.14 TWh/yr
2026-04-10T13:58:50 | INFO     | geoworld.processors.PotentialCalculator |   [solar/conservative] threshold=0.85 | area=1,562 km² | cap=3.91 GW | gen=6.50 TWh/yr
2026-04-10T13:58:58 | INFO     | geoworld |   [solar] concluído em 8.7s
2026-04-10T13:58:58 | INFO     | geoworld.processors.PotentialCalculator | 
  ──────────────────────────────────────────────────
  Technology: Wind Onshore
  ──────────────────────────────────────────────────
2026-04-10T13:58:58 | INFO     | geoworld |   [wind] iniciando...
2026-04-10T13:58:58 | INFO     | geoworld.processors.PotentialCalculator |   [wind] Grid: 518x333 px | lat_center=39.57° | px_area=0.954 km²
2026-04-10T13:58:58 | INFO     | geoworld.processors.PotentialCalculator |   [wind/optimistic] threshold=0.65 | area=9,196 km² | cap=1.52 GW | gen=3.99 TWh/yr
2026-04-10T13:58:58 | INFO     | geoworld.processors.PotentialCalculator |   [wind/balanced] threshold=0.75 | area=4,034 km² | cap=0.67 GW | gen=1.75 TWh/yr
2026-04-10T13:58:59 | INFO     | geoworld.processors.PotentialCalculator |   [wind/conservative] threshold=0.85 | area=348 km² | cap=0.06 GW | gen=0.15 TWh/yr
2026-04-10T13:59:23 | INFO     | geoworld |   [wind] concluído em 24.9s
2026-04-10T13:59:28 | INFO     | geoworld.processors.PotentialCalculator | 
  ──────────────────────────────────────────────────
  Technology: Biomass / Bioenergy
  ──────────────────────────────────────────────────
2026-04-10T13:59:29 | INFO     | geoworld |   [biomass] iniciando...
2026-04-10T13:59:31 | INFO     | geoworld.processors.PotentialCalculator |   [biomass] Grid: 518x333 px | lat_center=39.57° | px_area=0.954 km²
2026-04-10T13:59:31 | INFO     | geoworld.processors.PotentialCalculator |   [biomass/optimistic] threshold=0.65 | area=7,468 km² | cap=1.12 GW | gen=7.16 TWh/yr
2026-04-10T13:59:32 | INFO     | geoworld.processors.PotentialCalculator |   [biomass/balanced] threshold=0.75 | area=2,854 km² | cap=0.43 GW | gen=2.74 TWh/yr
2026-04-10T13:59:32 | INFO     | geoworld.processors.PotentialCalculator |   [biomass/conservative] threshold=0.85 | area=804 km² | cap=0.12 GW | gen=0.77 TWh/yr
2026-04-10T14:00:09 | INFO     | geoworld |   [biomass] concluído em 39.8s
2026-04-10T14:00:10 | INFO     | geoworld |   [comparison_map] iniciando...
2026-04-10T14:00:13 | INFO     | geoworld |   [comparison_map] concluído em 3.7s
2026-04-10T14:00:13 | INFO     | geoworld |   [scenario_chart] iniciando...
2026-04-10T14:00:13 | INFO     | geoworld |   [scenario_chart] concluído em 0.3s
2026-04-10T14:00:14 | INFO     | geoworld.processors.PotentialCalculator | 
========================================================================
  POTENTIAL REPORT — Technical & Energy Potential
  Portugal (PRT)
  2026-04-10 13:58:49
========================================================================

------------------------------------------------------------------------
  SOLAR PV
  Land Use: 5.0%  |  Density: 50.0 MW/km²  |  CF: 19.0%
------------------------------------------------------------------------
  Scenario         Thr   Area (km²)       GW     TWh/yr   Pixels
  ------------------------------------------------------------
  Optimistic      0.65       24,656    61.64     102.59   25,453
  Balanced        0.75       12,291    30.73      51.14   12,654
  Conservative    0.85        1,562     3.91       6.50    1,607

    Top 5 Districts (Balanced Scenario):
    District                     MW       GWh/yr   Pixels
    ------------------------------------------------------
    BEJA                      9,748       16,225    3,993
    EVORA                     6,092       10,139    2,519
    SETUBAL                   4,653        7,744    1,915
    FARO                      4,334        7,214    1,760
    PORTALEGRE                3,926        6,534    1,636

------------------------------------------------------------------------
  WIND ONSHORE
  Land Use: 3.0%  |  Density: 5.5 MW/km²  |  CF: 30.0%
------------------------------------------------------------------------
  Scenario         Thr   Area (km²)       GW     TWh/yr   Pixels
  ------------------------------------------------------------
  Optimistic      0.65        9,196     1.52       3.99    9,616
  Balanced        0.75        4,034     0.67       1.75    4,214
  Conservative    0.85          348     0.06       0.15      360

    Top 5 Districts (Balanced Scenario):
    District                     MW       GWh/yr   Pixels
    ------------------------------------------------------
    FARO                        174          456    1,068
    LISBOA                      165          435    1,042
    VISEU                        66          174      429
    GUARDA                       52          136      333
    VILA REAL                    41          108      269

------------------------------------------------------------------------
  BIOMASS / BIOENERGY
  Land Use: 30.0%  |  Density: 0.5 MW/km²  |  CF: 73.0%
------------------------------------------------------------------------
  Scenario         Thr   Area (km²)       GW     TWh/yr   Pixels
  ------------------------------------------------------------
  Optimistic      0.65        7,468     1.12       7.16    7,884
  Balanced        0.75        2,854     0.43       2.74    3,024
  Conservative    0.85          804     0.12       0.77      853

    Top 5 Districts (Balanced Scenario):
    District                     MW       GWh/yr   Pixels
    ------------------------------------------------------
    VISEU                        53          338      375
    SANTAREM                     49          315      344
    COIMBRA                      44          281      310
    BRAGA                        41          264      297
    CASTELO BRANCO               39          252      277

========================================================================
  COMPARATIVE SUMMARY — BALANCED SCENARIO
------------------------------------------------------------------------
  Technology                 GW     TWh/yr     Area km²    CF%
  ------------------------------------------------------------
  Solar PV                30.73      51.14       12,291   19.0%
  Wind Onshore             0.67       1.75        4,034   30.0%
  Biomass / Bioenergy      0.43       2.74        2,854   73.0%
  ------------------------------------------------------------
  TOTAL                   31.82      55.63

========================================================================
  TIMINGS BY STAGE
------------------------------------------------------------------------
    solar                     :    8.7s
    wind                      :   24.9s
    biomass                   :   39.8s
    comparison_map            :    3.7s
    scenario_chart            :    0.3s
    TOTAL                     : 84.9s
========================================================================

2026-04-10T14:00:14 | INFO     | geoworld |   Phase 4 (Potential) completed in 85.0s
2026-04-10T14:00:14 | INFO     | geoworld.processors.LCOECalculator |   [LCOE Params] Bounded country parameters for PRT.
2026-04-10T14:00:14 | INFO     | geoworld.processors.LCOECalculator |   [pot_params] Anchoring physical constants: Solar LUF=0.05 | Wind CF=0.300
2026-04-10T14:00:15 | INFO     | geoworld.processors.LCOECalculator |   Admin boundaries: 18 regions loaded
2026-04-10T14:00:15 | INFO     | geoworld.processors.LCOECalculator | 
  ──────────────────────────────────────────────────
  Technology: Solar PV
  ──────────────────────────────────────────────────
2026-04-10T14:00:15 | INFO     | geoworld.processors.LCOECalculator |   [solar] financial projection initiated...
2026-04-10T14:00:21 | INFO     | geoworld.processors.LCOECalculator |   [solar] resolved in 6.5s
2026-04-10T14:00:21 | INFO     | geoworld.processors.LCOECalculator | 
  ──────────────────────────────────────────────────
  Technology: Wind Onshore
  ──────────────────────────────────────────────────
2026-04-10T14:00:21 | INFO     | geoworld.processors.LCOECalculator |   [wind] financial projection initiated...
2026-04-10T14:00:26 | INFO     | geoworld.processors.LCOECalculator |   [wind] resolved in 4.9s
2026-04-10T14:00:26 | INFO     | geoworld.processors.LCOECalculator | 
  ──────────────────────────────────────────────────
  Technology: Biomass / Bioenergy
  ──────────────────────────────────────────────────
2026-04-10T14:00:26 | INFO     | geoworld.processors.LCOECalculator |   [biomass] financial projection initiated...
2026-04-10T14:00:31 | INFO     | geoworld.processors.LCOECalculator |   [biomass] resolved in 4.9s
2026-04-10T14:00:31 | INFO     | geoworld.processors.LCOECalculator |   [comparison_map] financial projection initiated...
2026-04-10T14:00:49 | INFO     | geoworld.processors.LCOECalculator |   [comparison_map] resolved in 17.7s
2026-04-10T14:00:49 | INFO     | geoworld.processors.LCOECalculator | 
========================================================================
  LCOE REPORT — Levelized Cost of Energy (Phase 5)
  Portugal (PRT)
  2026-04-10 14:00:14
========================================================================

------------------------------------------------------------------------
  SOLAR PV
------------------------------------------------------------------------
  CAPEX: 750 USD/kW  |  OPEX: 12 USD/kW/yr  |  r: 6%  |  n: 25 yr
  CRF: 0.0782  |  Base CF: 0.190

  Metric                                    Value     Unit
  --------------------------------------------------------
  Base LCOE (National mean CF)               42.5  USD/MWh
  Spatial mean LCOE                          42.8  USD/MWh
  P10 — Cheapest 10%                         38.7  USD/MWh
  P90 — Most expensive 10%                   47.6  USD/MWh

  Available capacity by cost threshold:
  Threshold (USD/MWh)        Available GW
  ----------------------------------------
  <=  40 USD/MWh               8.84 GW  (28.8%)
  <=  50 USD/MWh              29.29 GW  (95.3%)
  <=  60 USD/MWh              30.73 GW  (100.0%)
  <=  70 USD/MWh              30.73 GW  (100.0%)
  <=  80 USD/MWh              30.73 GW  (100.0%)
  <= 100 USD/MWh              30.73 GW  (100.0%)
  <= 120 USD/MWh              30.73 GW  (100.0%)

------------------------------------------------------------------------
  WIND ONSHORE
------------------------------------------------------------------------
  CAPEX: 1400 USD/kW  |  OPEX: 43 USD/kW/yr  |  r: 6%  |  n: 25 yr
  CRF: 0.0782  |  Base CF: 0.300

  Metric                                    Value     Unit
  --------------------------------------------------------
  Base LCOE (National mean CF)               58.0  USD/MWh
  Spatial mean LCOE                          58.5  USD/MWh
  P10 — Cheapest 10%                         54.0  USD/MWh
  P90 — Most expensive 10%                   67.0  USD/MWh

  Available capacity by cost threshold:
  Threshold (USD/MWh)        Available GW
  ----------------------------------------
  <=  40 USD/MWh               0.00 GW  (0.0%)
  <=  50 USD/MWh               0.00 GW  (0.0%)
  <=  60 USD/MWh               0.43 GW  (65.0%)
  <=  70 USD/MWh               0.65 GW  (96.9%)
  <=  80 USD/MWh               0.67 GW  (100.0%)
  <= 100 USD/MWh               0.67 GW  (100.0%)
  <= 120 USD/MWh               0.67 GW  (100.0%)

------------------------------------------------------------------------
  BIOMASS / BIOENERGY
------------------------------------------------------------------------
  CAPEX: 2800 USD/kW  |  OPEX: 105 USD/kW/yr  |  r: 6%  |  n: 20 yr
  CRF: 0.0908  |  Base CF: 0.730

  Metric                                    Value     Unit
  --------------------------------------------------------
  Base LCOE (National mean CF)               56.2  USD/MWh
  Spatial mean LCOE                          56.2  USD/MWh
  P10 — Cheapest 10%                         56.2  USD/MWh
  P90 — Most expensive 10%                   56.2  USD/MWh

  Available capacity by cost threshold:
  Threshold (USD/MWh)        Available GW
  ----------------------------------------
  <=  40 USD/MWh               0.00 GW  (0.0%)
  <=  50 USD/MWh               0.00 GW  (0.0%)
  <=  60 USD/MWh               0.43 GW  (100.0%)
  <=  70 USD/MWh               0.43 GW  (100.0%)
  <=  80 USD/MWh               0.43 GW  (100.0%)
  <= 100 USD/MWh               0.43 GW  (100.0%)
  <= 120 USD/MWh               0.43 GW  (100.0%)

========================================================================
  TIMINGS BY STAGE
------------------------------------------------------------------------
    solar                     :    6.5s
    wind                      :    4.9s
    biomass                   :    4.9s
    comparison_map            :   17.7s
========================================================================

2026-04-10T14:00:49 | INFO     | geoworld |   Phase 5 (LCOE) completed in 35.1s
2026-04-10T14:00:49 | INFO     | geoworld.processors.ResultsWriter |   [Recovery] Reconstructing Potential data from disk...
2026-04-10T14:00:50 | INFO     | geoworld.processors.ResultsWriter |   [Recovery] Reconstructing LCOE data from disk...
2026-04-10T14:00:50 | WARNING  | geoworld.processors.ResultsWriter |   [Recovery] LCOE TIF not found for solar
2026-04-10T14:00:50 | WARNING  | geoworld.processors.ResultsWriter |   [Recovery] LCOE TIF not found for wind
2026-04-10T14:00:50 | WARNING  | geoworld.processors.ResultsWriter |   [Recovery] LCOE TIF not found for biomass
2026-04-10T14:00:50 | INFO     | geoworld.processors.ResultsWriter |   Admin: 18 districts loaded
2026-04-10T14:00:50 | INFO     | geoworld.processors.ResultsWriter |   [solar] Suitability TIF loaded.
2026-04-10T14:00:50 | INFO     | geoworld.processors.ResultsWriter |   [wind] Suitability TIF loaded.
2026-04-10T14:00:50 | INFO     | geoworld.processors.ResultsWriter |   [biomass] Suitability TIF loaded.
2026-04-10T14:00:50 | INFO     | geoworld |   [dominance_suitability] iniciando...
2026-04-10T14:00:56 | INFO     | geoworld |   [dominance_suitability] concluído em 6.2s
2026-04-10T14:00:56 | INFO     | geoworld |   [dominance_lcoe] iniciando...
2026-04-10T14:01:02 | INFO     | geoworld |   [dominance_lcoe] concluído em 5.5s
2026-04-10T14:01:02 | INFO     | geoworld |   [executive_dashboard] iniciando...
2026-04-10T14:01:14 | INFO     | geoworld |   [executive_dashboard] concluído em 12.6s
2026-04-10T14:01:14 | INFO     | geoworld |   [geotiff_export] iniciando...
2026-04-10T14:01:15 | INFO     | geoworld.processors.ResultsWriter |   GIS: PRT_solar_suitability.tif
2026-04-10T14:01:15 | INFO     | geoworld.processors.ResultsWriter |   GIS: PRT_wind_suitability.tif
2026-04-10T14:01:15 | INFO     | geoworld.processors.ResultsWriter |   GIS: PRT_biomass_suitability.tif
2026-04-10T14:01:15 | INFO     | geoworld.processors.ResultsWriter |   GIS: PRT_dominance_suitability.tif
2026-04-10T14:01:15 | INFO     | geoworld.processors.ResultsWriter |   GIS: PRT_dominance_lcoe.tif
2026-04-10T14:01:15 | INFO     | geoworld |   [geotiff_export] concluído em 0.5s
2026-04-10T14:01:15 | INFO     | geoworld.processors.ResultsWriter | 
========================================================================
  RESULTS SYNTHESIS REPORT — Phase 6
  Portugal (PRT)
  2026-04-10 14:00:49
========================================================================

------------------------------------------------------------------------
  SUITABILITY DOMINANCE — TOPSIS Score
------------------------------------------------------------------------
  Solar PV                     34,532 px  ( 62.6%)
  Wind Onshore                  8,906 px  ( 16.1%)
  Biomass / Bioenergy          11,757 px  ( 21.3%)

------------------------------------------------------------------------
  LCOE DOMINANCE — Cheapest Technology per Pixel
------------------------------------------------------------------------
  Solar PV                          0 px  (  0.0%)
  Wind Onshore                      0 px  (  0.0%)
  Biomass / Bioenergy               0 px  (  0.0%)

------------------------------------------------------------------------
  BALANCED SCENARIO — INTEGRATED SUMMARY
------------------------------------------------------------------------
  Technology                   GW    TWh/yr        km²     $/MWh
  ──────────────────────────────────────────────────────────────
  Solar PV                   30.7      51.1     13,252       0.0
  Wind Onshore                0.7       1.7      4,413       0.0
  Biomass / Bioenergy         0.4       2.7      3,167       0.0
  ──────────────────────────────────────────────────────────────
  TOTAL                      31.8      55.6

------------------------------------------------------------------------
  GeoTIFFs EXPORTED  →  results/gis/
------------------------------------------------------------------------
  ✓  PRT_solar_suitability.tif
  ✓  PRT_wind_suitability.tif
  ✓  PRT_biomass_suitability.tif
  ✓  PRT_dominance_suitability.tif
  ✓  PRT_dominance_lcoe.tif

========================================================================
  TIMINGS
------------------------------------------------------------------------
    dominance_suitability           :    6.2s
    dominance_lcoe                  :    5.5s
    executive_dashboard             :   12.6s
    geotiff_export                  :    0.5s
    TOTAL                           :   26.2s
========================================================================

2026-04-10T14:01:15 | INFO     | geoworld |   Phase 6 (Results) completed in 26.2s
2026-04-10T14:01:15 | INFO     | geoworld.processors.GHGAbatementCalculator | ==============================================================
2026-04-10T14:01:15 | INFO     | geoworld.processors.GHGAbatementCalculator |   GHG ABATEMENT CALCULATOR — Portugal (PRT)
2026-04-10T14:01:15 | INFO     | geoworld.processors.GHGAbatementCalculator |   Saída: D:\Douglas\DOUTORADO\geoworld_framework\outputs\PRT\abatement
2026-04-10T14:01:15 | INFO     | geoworld.processors.GHGAbatementCalculator | ==============================================================
2026-04-10T14:01:17 | INFO     | geoworld.processors.GHGAbatementCalculator | Net Zero DB carregado com sucesso — net_zero_db.json
2026-04-10T14:01:18 | WARNING  | geoworld.processors.GHGAbatementCalculator | [PRT] NDC gap appears zero (total_now_mt=0.0 <= target=27.0). OWID API data is fossils-only (missing large LULUCF emissions). National gap undetermined.
2026-04-10T14:01:18 | INFO     | geoworld.processors.GHGAbatementCalculator | [PRT] NDC Profile: Target Year 2045 | Type: absolute | Current Nat. Emissions: 0.0 Mt
2026-04-10T14:01:22 | INFO     | geoworld.utils.plots_abatement | Geography map saved: PRT_abatement_maps.png
2026-04-10T14:01:23 | INFO     | geoworld.utils.plots_abatement | MACC curve saved: PRT_macc_curve.png
2026-04-10T14:01:23 | INFO     | geoworld.utils.plots_abatement | Substitution curves saved: PRT_substitution_curves.png
2026-04-10T14:01:24 | INFO     | geoworld.utils.plots_abatement | Carbon intensity chart saved: PRT_carbon_intensity.png
2026-04-10T14:01:24 | INFO     | geoworld.utils.plots_abatement | Net Zero analysis saved: PRT_net_zero.png
2026-04-10T14:01:24 | INFO     | geoworld.processors.GHGAbatementCalculator | [PRT] MAC 13.4 USD/tCO₂e (needs 13.4 USD/tCO2) | Net Avoided: 10.70 MtCO₂/yr | Value: 0.86 B USD | Substituted: 16.6 TWh | NDC coverage: N/D
2026-04-10T14:01:24 | INFO     | geoworld.processors.GHGAbatementCalculator | [PRT] Phase 7 completed in 9.3s.
2026-04-10T14:01:24 | INFO     | geoworld |   Phase 7 (Abatement) completed in 9.3s
2026-04-10T14:01:24 | INFO     | geoworld.processors.SensitivityAnalyzer | ==============================================================
2026-04-10T14:01:24 | INFO     | geoworld.processors.SensitivityAnalyzer |   SENSITIVITY ANALYZER — Phase 8 (PRT)
2026-04-10T14:01:24 | INFO     | geoworld.processors.SensitivityAnalyzer |   Output: D:\Douglas\DOUTORADO\geoworld_framework\outputs\PRT\sensitivity
2026-04-10T14:01:24 | INFO     | geoworld.processors.SensitivityAnalyzer | ==============================================================
2026-04-10T14:01:24 | INFO     | geoworld.processors.SensitivityAnalyzer |   Reference grid: 518×333 pixels
2026-04-10T14:01:24 | INFO     | geoworld.processors.SensitivityAnalyzer |   Technologies to analyze: ['solar', 'wind', 'biomass']
2026-04-10T14:01:24 | INFO     | geoworld.processors.SensitivityAnalyzer |   [SA-5] GHG function built from Phase 7 abatement results.
2026-04-10T14:01:24 | INFO     | geoworld.processors.SensitivityAnalyzer |   [solar] Starting SA suite (7 criteria)...
2026-04-10T14:01:24 | INFO     | geoworld.processors.SensitivityAnalyzer |   [solar] SA-1: OAT weight perturbation...
2026-04-10T14:01:36 | INFO     | geoworld.processors.SensitivityAnalyzer |   [solar] SA-1 complete: rho_min=0.9407, most_sensitive=solar_resource
2026-04-10T14:01:36 | INFO     | geoworld.processors.SensitivityAnalyzer |   [solar] SA-2: Monte Carlo AHP (1000 samples)...
2026-04-10T14:01:58 | INFO     | geoworld.processors.SensitivityAnalyzer |   [solar] SA-2 complete: stable_fraction=3.1%
2026-04-10T14:01:58 | INFO     | geoworld.processors.SensitivityAnalyzer |   [solar] SA-3: threshold sweep...
2026-04-10T14:01:59 | INFO     | geoworld.processors.SensitivityAnalyzer |   [solar] SA-3 complete: 11 thresholds evaluated
2026-04-10T14:01:59 | INFO     | geoworld.processors.SensitivityAnalyzer |   [solar] SA-4: LCOE Monte Carlo (10000 samples)...
2026-04-10T14:01:59 | INFO     | geoworld.processors.SensitivityAnalyzer |   [solar] SA-4 complete: P50=$45.9/MWh, CI90=$10.0
2026-04-10T14:01:59 | INFO     | geoworld.processors.SensitivityAnalyzer |   [solar] SA-6: potential parameter sensitivity...
2026-04-10T14:01:59 | INFO     | geoworld.processors.SensitivityAnalyzer |   [solar] SA-6 complete: base=30.7 GW
2026-04-10T14:02:00 | INFO     | geoworld.processors.SensitivityAnalyzer |   [solar] Dashboard saved: PRT_solar_dashboard.png
2026-04-10T14:02:00 | INFO     | geoworld.processors.SensitivityAnalyzer |   [wind] Starting SA suite (7 criteria)...
2026-04-10T14:02:00 | INFO     | geoworld.processors.SensitivityAnalyzer |   [wind] SA-1: OAT weight perturbation...
2026-04-10T14:02:03 | INFO     | geoworld.processors.SensitivityAnalyzer |   [wind] SA-1 complete: rho_min=0.9554, most_sensitive=wind_resource
2026-04-10T14:02:03 | INFO     | geoworld.processors.SensitivityAnalyzer |   [wind] SA-2: Monte Carlo AHP (1000 samples)...
2026-04-10T14:02:20 | INFO     | geoworld.processors.SensitivityAnalyzer |   [wind] SA-2 complete: stable_fraction=6.3%
2026-04-10T14:02:20 | INFO     | geoworld.processors.SensitivityAnalyzer |   [wind] SA-3: threshold sweep...
2026-04-10T14:02:20 | INFO     | geoworld.processors.SensitivityAnalyzer |   [wind] SA-3 complete: 11 thresholds evaluated
2026-04-10T14:02:20 | INFO     | geoworld.processors.SensitivityAnalyzer |   [wind] SA-4: LCOE Monte Carlo (10000 samples)...
2026-04-10T14:02:20 | INFO     | geoworld.processors.SensitivityAnalyzer |   [wind] SA-4 complete: P50=$61.2/MWh, CI90=$12.6
2026-04-10T14:02:20 | INFO     | geoworld.processors.SensitivityAnalyzer |   [wind] SA-6: potential parameter sensitivity...
2026-04-10T14:02:20 | INFO     | geoworld.processors.SensitivityAnalyzer |   [wind] SA-6 complete: base=0.7 GW
2026-04-10T14:02:21 | INFO     | geoworld.processors.SensitivityAnalyzer |   [wind] Dashboard saved: PRT_wind_dashboard.png
2026-04-10T14:02:21 | INFO     | geoworld.processors.SensitivityAnalyzer |   [biomass] Starting SA suite (8 criteria)...
2026-04-10T14:02:21 | INFO     | geoworld.processors.SensitivityAnalyzer |   [biomass] SA-1: OAT weight perturbation...
2026-04-10T14:02:23 | INFO     | geoworld.processors.SensitivityAnalyzer |   [biomass] SA-1 complete: rho_min=0.7607, most_sensitive=biomass_resource
2026-04-10T14:02:23 | INFO     | geoworld.processors.SensitivityAnalyzer |   [biomass] SA-2: Monte Carlo AHP (1000 samples)...
2026-04-10T14:02:38 | INFO     | geoworld.processors.SensitivityAnalyzer |   [biomass] SA-2 complete: stable_fraction=0.7%
2026-04-10T14:02:38 | INFO     | geoworld.processors.SensitivityAnalyzer |   [biomass] SA-3: threshold sweep...
2026-04-10T14:02:38 | INFO     | geoworld.processors.SensitivityAnalyzer |   [biomass] SA-3 complete: 11 thresholds evaluated
2026-04-10T14:02:38 | INFO     | geoworld.processors.SensitivityAnalyzer |   [biomass] SA-4: LCOE Monte Carlo (10000 samples)...
2026-04-10T14:02:39 | INFO     | geoworld.processors.SensitivityAnalyzer |   [biomass] SA-4 complete: P50=$55.6/MWh, CI90=$11.4
2026-04-10T14:02:39 | INFO     | geoworld.processors.SensitivityAnalyzer |   [biomass] SA-6: potential parameter sensitivity...
2026-04-10T14:02:39 | INFO     | geoworld.processors.SensitivityAnalyzer |   [biomass] SA-6 complete: base=0.4 GW
2026-04-10T14:02:40 | INFO     | geoworld.processors.SensitivityAnalyzer |   [biomass] Dashboard saved: PRT_biomass_dashboard.png
2026-04-10T14:02:40 | INFO     | geoworld.processors.SensitivityAnalyzer |   [SA-5] Sobol global sensitivity (GHG abatement)...
2026-04-10T14:02:40 | INFO     | geoworld.processors.SensitivityAnalyzer |   [SA-5] Sobol complete: dominant=penetration_factor (ST=0.586)
2026-04-10T14:02:40 | INFO     | geoworld.processors.SensitivityAnalyzer | [PRT] Phase 8 completed in 76.1s.
2026-04-10T14:02:40 | INFO     | geoworld.processors.SensitivityAnalyzer | [PRT] Outputs: 13 CSVs, 22 plots
2026-04-10T14:02:40 | INFO     | geoworld |   Phase 8 (Sensitivity) completed in 76.1s
2026-04-10T14:02:40 | INFO     | geoworld.processors.TransportDecarbonizationCalculator | Loaded transport parameters from: D:\Douglas\DOUTORADO\geoworld_framework\configs\transport_parameters.json
2026-04-10T14:02:41 | INFO     | geoworld.processors.TransportDecarbonizationCalculator | ============================================================
2026-04-10T14:02:41 | INFO     | geoworld.processors.TransportDecarbonizationCalculator |   PHASE 9 — TRANSPORT DECARBONISATION
2026-04-10T14:02:41 | INFO     | geoworld.processors.TransportDecarbonizationCalculator |   Portugal (PRT)
2026-04-10T14:02:41 | INFO     | geoworld.processors.TransportDecarbonizationCalculator | ============================================================
2026-04-10T14:02:41 | INFO     | geoworld.processors.TransportDecarbonizationCalculator | ----------------------------------------------------
2026-04-10T14:02:41 | INFO     | geoworld.processors.TransportDecarbonizationCalculator |   PARAMETERS IN USE
2026-04-10T14:02:41 | INFO     | geoworld.processors.TransportDecarbonizationCalculator | ----------------------------------------------------
2026-04-10T14:02:41 | INFO     | geoworld.processors.TransportDecarbonizationCalculator |   Projection horizon : 2025 – 2050
2026-04-10T14:02:41 | INFO     | geoworld.processors.TransportDecarbonizationCalculator |   Fleet size (2024)  : 5,200,000 vehicles
2026-04-10T14:02:41 | INFO     | geoworld.processors.TransportDecarbonizationCalculator |   Annual fleet growth: 1.2%
2026-04-10T14:02:41 | INFO     | geoworld.processors.TransportDecarbonizationCalculator |   Grid intensity (gCO2/kWh):
2026-04-10T14:02:41 | INFO     | geoworld.processors.TransportDecarbonizationCalculator |     2025 : 120
2026-04-10T14:02:41 | INFO     | geoworld.processors.TransportDecarbonizationCalculator |     2030 : 80
2026-04-10T14:02:41 | INFO     | geoworld.processors.TransportDecarbonizationCalculator |     2035 : 40
2026-04-10T14:02:41 | INFO     | geoworld.processors.TransportDecarbonizationCalculator |     2040 : 20
2026-04-10T14:02:41 | INFO     | geoworld.processors.TransportDecarbonizationCalculator |     2045 : 10
2026-04-10T14:02:41 | INFO     | geoworld.processors.TransportDecarbonizationCalculator |     2050 : 5
2026-04-10T14:02:41 | INFO     | geoworld.processors.TransportDecarbonizationCalculator |   Hub spacing radius : 60 km
2026-04-10T14:02:41 | INFO     | geoworld.processors.TransportDecarbonizationCalculator |   Biofuel blends     : B7 / E10
2026-04-10T14:02:41 | INFO     | geoworld.processors.TransportDecarbonizationCalculator |   Powertrain penetration (country-specific — reference, new sales):
2026-04-10T14:02:41 | INFO     | geoworld.processors.TransportDecarbonizationCalculator |     2025 : ICE 55% | HEV 18% | PHEV 7% | BEV 18% | FCEV 2%
2026-04-10T14:02:41 | INFO     | geoworld.processors.TransportDecarbonizationCalculator |     2035 : ICE 5% | HEV 15% | PHEV 8% | BEV 68% | FCEV 4%
2026-04-10T14:02:41 | INFO     | geoworld.processors.TransportDecarbonizationCalculator |     2050 : ICE 0% | HEV 3% | PHEV 2% | BEV 91% | FCEV 4%
2026-04-10T14:02:41 | INFO     | geoworld.processors.TransportDecarbonizationCalculator | ============================================================
2026-04-10T14:02:41 | INFO     | geoworld.processors.TransportDecarbonizationCalculator |   [1/7] Building fleet size trajectory ...
2026-04-10T14:02:41 | INFO     | geoworld.processors.TransportDecarbonizationCalculator |   Fleet base (light vehicles): fleet_size_light_vehicles_2024 = 4,200,000
2026-04-10T14:02:41 | INFO     | geoworld.processors.TransportDecarbonizationCalculator |   [2/7] Calculating EV electricity demand & RE requirements ...
2026-04-10T14:02:41 | INFO     | geoworld.processors.TransportDecarbonizationCalculator |   [3/7] Computing GHG emission trajectories ...
2026-04-10T14:02:41 | INFO     | geoworld.processors.TransportDecarbonizationCalculator |   [4/7] Computing transport electrification costs ...
2026-04-10T14:02:41 | INFO     | geoworld.processors.TransportDecarbonizationCalculator |     Using Phase-5 LCOEs — Solar: 55.0 USD/MWh | Wind: 48.0 USD/MWh | Biomass: 85.0 USD/MWh
2026-04-10T14:02:41 | INFO     | geoworld.processors.TransportDecarbonizationCalculator |   [5/7] Locating charging hubs from suitability rasters ...
2026-04-10T14:02:41 | INFO     | geoworld.processors.TransportDecarbonizationCalculator |     Hub placement from: PRT_solar_suitability.tif, PRT_wind_suitability.tif (min suitability: 0.90)
2026-04-10T14:02:41 | INFO     | geoworld.processors.TransportDecarbonizationCalculator |     Score weights — suitability: 0.50 | demand proximity: 0.35 | LCOE: 0.15
2026-04-10T14:02:41 | INFO     | geoworld.processors.TransportDecarbonizationCalculator |     Solar: 142 candidate pixels (score >= 0.90)
2026-04-10T14:02:41 | INFO     | geoworld.processors.TransportDecarbonizationCalculator |     Wind: 26 candidate pixels (score >= 0.90)
2026-04-10T14:02:41 | INFO     | geoworld.processors.TransportDecarbonizationCalculator |     Placed 12 charging hubs (spacing ≥ 60 km, score ≥ 0.90) — Solar: 7, Wind: 5, Biomass: 0.
2026-04-10T14:02:41 | INFO     | geoworld.processors.TransportDecarbonizationCalculator |   [6/7] Building summary ...
2026-04-10T14:02:41 | INFO     | geoworld.processors.TransportDecarbonizationCalculator |   [7/7] Writing outputs & maps ...
2026-04-10T14:02:47 | INFO     | geoworld.processors.TransportDecarbonizationCalculator | Phase 9 (Transport Decarbonisation) completed in 6.3s
2026-04-10T14:02:47 | INFO     | geoworld.processors.TransportDecarbonizationCalculator |   Report : D:\Douglas\DOUTORADO\geoworld_framework\outputs\PRT\transport\reports\PRT_transport_decarbonization_report.txt
2026-04-10T14:02:47 | INFO     | geoworld |   Phase 9 (Transport Decarbonisation) completed in 6.3s
2026-04-10T14:02:47 | INFO     | geoworld | Pipeline completed for Portugal (PRT).
2026-04-10T14:02:47 | INFO     | geoworld | Result: COMPLETED
2026-04-10T14:02:47 | INFO     | geoworld | Total elapsed time: 421.4s
