2026-04-10T14:34:08 | INFO     | geoworld.io.DataManager | Raw data root: D:\Douglas\DOUTORADO\database\raw
2026-04-10T14:34:08 | INFO     | geoworld | Starting analysis: Brazil (BRA)
2026-04-10T14:34:08 | INFO     | geoworld.core.ConfigLoader | ----------------------------------------------------
2026-04-10T14:34:08 | INFO     | geoworld.core.ConfigLoader |   Brazil (BRA)
2026-04-10T14:34:08 | INFO     | geoworld.core.ConfigLoader |   Solar  : LUF=0.05  thr=0.75  density=45.0 MW/km²
2026-04-10T14:34:08 | INFO     | geoworld.core.ConfigLoader |   Wind   : LUF=0.030  thr=0.75  density=6.0 MW/km²
2026-04-10T14:34:08 | INFO     | geoworld.core.ConfigLoader |   Biomass: col=0.30  thr=0.75  density=0.5 MW/km²
2026-04-10T14:34:08 | INFO     | geoworld.core.ConfigLoader |   OWA    : default=balanced  scenarios=['optimistic', 'balanced', 'conservative']
2026-04-10T14:34:08 | INFO     | geoworld.core.ConfigLoader |   Criteria: river=5.0 km  road=15.0 km  slope=12°
2026-04-10T14:34:08 | INFO     | geoworld.core.ConfigLoader | ----------------------------------------------------
2026-04-10T14:34:08 | INFO     | geoworld | ----------------------------------------------------
2026-04-10T14:34:08 | INFO     | geoworld |   Brazil (BRA)
2026-04-10T14:34:08 | INFO     | geoworld | ----------------------------------------------------
2026-04-10T14:34:08 | INFO     | geoworld |   Geometry : Mainland only
2026-04-10T14:34:08 | INFO     | geoworld |   Resolution : Fixed 0.01 deg
2026-04-10T14:34:08 | INFO     | geoworld |   Suitability optimistic offset : -0.10
2026-04-10T14:34:08 | INFO     | geoworld |   Protected-area mode : Hard exclusion
2026-04-10T14:34:08 | INFO     | geoworld | ----------------------------------------------------
2026-04-10T14:34:12 | INFO     | geoworld | Land Cover: 155 tile(s) found.
2026-04-10T14:34:12 | INFO     | geoworld.io.DataManager | Power plants found: 2340
2026-04-10T14:34:12 | INFO     | geoworld | ----------------------------------------------------
2026-04-10T14:34:12 | INFO     | geoworld |   DATA AVAILABILITY
2026-04-10T14:34:12 | INFO     | geoworld | ----------------------------------------------------
2026-04-10T14:34:12 | INFO     | geoworld |   [  OK   ] Borders
2026-04-10T14:34:12 | INFO     | geoworld |   [  OK   ] Land Cover
2026-04-10T14:34:12 | INFO     | geoworld |   [  OK   ] Elevation
2026-04-10T14:34:12 | INFO     | geoworld |   [  OK   ] Wind
2026-04-10T14:34:12 | INFO     | geoworld |   [  OK   ] Solar
2026-04-10T14:34:12 | INFO     | geoworld |   [  OK   ] Power Plants
2026-04-10T14:34:12 | INFO     | geoworld |   [  OK   ] Population
2026-04-10T14:34:12 | INFO     | geoworld |   [  OK   ] Roads
2026-04-10T14:34:12 | INFO     | geoworld |   [  OK   ] Protected
2026-04-10T14:34:12 | INFO     | geoworld |   [  OK   ] Lakes
2026-04-10T14:34:12 | INFO     | geoworld | ----------------------------------------------------
2026-04-10T14:34:12 | INFO     | geoworld | Phase 1 (Audit): skipped.
2026-04-10T14:34:12 | INFO     | geoworld | Phase 2a (Grid Alignment): skipped.
2026-04-10T14:34:13 | INFO     | geoworld.processors.CriteriaBuilder | 
Phase 2b — Criteria Builder: BRA
2026-04-10T14:34:14 | INFO     | geoworld.processors.CriteriaBuilder |   Admin boundaries: 27 regions loaded
2026-04-10T14:34:14 | INFO     | geoworld.processors.CriteriaBuilder |   [solar_resource] mathematical projection initiated...
2026-04-10T14:34:16 | INFO     | geoworld.processors.CriteriaBuilder |   [solar_resource] resolved in 2.5s
2026-04-10T14:34:16 | INFO     | geoworld.processors.CriteriaBuilder |   [wind_resource] mathematical projection initiated...
2026-04-10T14:34:19 | INFO     | geoworld.processors.CriteriaBuilder |   [wind_resource] resolved in 2.8s
2026-04-10T14:34:19 | INFO     | geoworld.processors.CriteriaBuilder |   [terrain_score] mathematical projection initiated...
2026-04-10T14:34:22 | INFO     | geoworld.processors.CriteriaBuilder |   [terrain_score] resolved in 3.2s
2026-04-10T14:34:22 | INFO     | geoworld.processors.CriteriaBuilder |   [slope_degrees] mathematical projection initiated...
2026-04-10T14:34:25 | INFO     | geoworld.processors.CriteriaBuilder |   [slope_degrees] resolved in 2.9s
2026-04-10T14:34:25 | INFO     | geoworld.processors.CriteriaBuilder |   [land_cover] mathematical projection initiated...
2026-04-10T14:34:25 | INFO     | geoworld.processors.CriteriaBuilder |   [land_cover] resolved in 0.3s
2026-04-10T14:34:26 | INFO     | geoworld.processors.CriteriaBuilder |   [biomass_resource] mathematical projection initiated...
2026-04-10T14:34:28 | INFO     | geoworld.processors.CriteriaBuilder |   [biomass_resource] resolved in 2.5s
2026-04-10T14:34:28 | INFO     | geoworld.processors.CriteriaBuilder |   [proximity_plants] mathematical projection initiated...
2026-04-10T14:34:33 | INFO     | geoworld.processors.CriteriaBuilder |   [proximity_plants] resolved in 4.6s
2026-04-10T14:34:33 | INFO     | geoworld.processors.CriteriaBuilder |   [protected_areas] mathematical projection initiated...
2026-04-10T14:35:14 | INFO     | geoworld.processors.CriteriaBuilder |   [protected_areas] resolved in 40.7s
2026-04-10T14:35:14 | INFO     | geoworld.processors.CriteriaBuilder |   [pop_suitability] mathematical projection initiated...
2026-04-10T14:35:16 | INFO     | geoworld.processors.CriteriaBuilder |   [pop_suitability] resolved in 2.1s
2026-04-10T14:35:16 | INFO     | geoworld.processors.CriteriaBuilder |   [road_suitability] mathematical projection initiated...
2026-04-10T14:35:17 | INFO     | geoworld.processors.CriteriaBuilder |   [road_suitability] resolved in 1.1s
2026-04-10T14:35:17 | INFO     | geoworld.processors.CriteriaBuilder |   [lakes_exclusion] mathematical projection initiated...
2026-04-10T14:35:17 | INFO     | geoworld.processors.CriteriaBuilder |   [lakes_exclusion] resolved in 0.4s
2026-04-10T14:35:17 | INFO     | geoworld.processors.CriteriaBuilder |   [river_solar] mathematical projection initiated...
2026-04-10T14:35:18 | INFO     | geoworld.processors.CriteriaBuilder |   [river_solar] resolved in 0.6s
2026-04-10T14:35:18 | INFO     | geoworld.processors.CriteriaBuilder |   [river_wind] mathematical projection initiated...
2026-04-10T14:35:18 | INFO     | geoworld.processors.CriteriaBuilder |   [river_wind] resolved in 0.6s
2026-04-10T14:35:18 | INFO     | geoworld.processors.CriteriaBuilder |   [river_biomass] mathematical projection initiated...
2026-04-10T14:35:19 | INFO     | geoworld.processors.CriteriaBuilder |   [river_biomass] resolved in 0.7s
2026-04-10T14:35:19 | INFO     | geoworld.processors.CriteriaBuilder |   [seismic_suitability] mathematical projection initiated...
2026-04-10T14:35:20 | INFO     | geoworld.processors.CriteriaBuilder |   [seismic_suitability] resolved in 1.2s
2026-04-10T14:35:20 | INFO     | geoworld.processors.CriteriaBuilder |   [grid_suitability] mathematical projection initiated...
2026-04-10T14:35:22 | INFO     | geoworld.processors.CriteriaBuilder |   [grid_suitability] resolved in 1.2s
2026-04-10T14:35:22 | INFO     | geoworld.processors.CriteriaBuilder |   Computation: 68.8s | 17 maps queued for rendering
2026-04-10T14:35:22 | INFO     | geoworld.processors.CriteriaBuilder |   Rendering 17 maps across 4 worker(s)...
2026-04-10T14:36:48 | INFO     | geoworld.processors.CriteriaBuilder |   Render: 86.9s (parallel) | Phase total: 155.7s
2026-04-10T14:36:50 | INFO     | geoworld.processors.CriteriaBuilder | 
==============================================================
  CRITERIA BUILDER — BRA
  Output: D:\Douglas\DOUTORADO\geoworld_framework\outputs\BRA\criteria_builder
==============================================================
2026-04-10T14:36:50 | INFO     | geoworld.processors.CriteriaBuilder |   ✅ solar_resource          : mean=0.477 | >=0.6:  37.0% | n=7,100,136
2026-04-10T14:36:50 | INFO     | geoworld.processors.CriteriaBuilder |   ✅ wind_resource           : mean=0.298 | >=0.6:  16.1% | n=7,099,634
2026-04-10T14:36:51 | INFO     | geoworld.processors.CriteriaBuilder |   ✅ terrain_score           : mean=0.691 | >=0.6:  64.1% | n=7,068,292
2026-04-10T14:36:51 | INFO     | geoworld.processors.CriteriaBuilder |   ✅ lc_biomass              : mean=0.325 | >=0.6:  30.2% | n=7,100,137
2026-04-10T14:36:51 | INFO     | geoworld.processors.CriteriaBuilder |   ✅ biomass_resource        : mean=0.695 | >=0.6:  68.0% | n=7,100,137
2026-04-10T14:36:51 | INFO     | geoworld.processors.CriteriaBuilder |   ✅ proximity_plants        : mean=0.910 | >=0.6:  91.4% | n=7,100,137
2026-04-10T14:36:51 | INFO     | geoworld.processors.CriteriaBuilder |   ✅ protected_areas         : mean=0.828 | >=0.6:  76.3% | n=7,100,137
2026-04-10T14:36:51 | INFO     | geoworld.processors.CriteriaBuilder |   ✅ pop_suitability         : mean=0.991 | >=0.6:  99.5% | n=6,996,123
2026-04-10T14:36:51 | INFO     | geoworld.processors.CriteriaBuilder |   ✅ road_suitability        : mean=0.517 | >=0.6:  53.2% | n=7,100,137
2026-04-10T14:36:51 | INFO     | geoworld.processors.CriteriaBuilder |   ✅ lakes_exclusion         : mean=0.981 | >=0.6:  98.1% | n=7,100,137
2026-04-10T14:36:51 | INFO     | geoworld.processors.CriteriaBuilder |   ✅ river_solar             : mean=0.644 | >=0.6:  64.4% | n=7,100,137
2026-04-10T14:36:51 | INFO     | geoworld.processors.CriteriaBuilder |   ✅ river_wind              : mean=0.644 | >=0.6:  64.4% | n=7,100,137
2026-04-10T14:36:51 | INFO     | geoworld.processors.CriteriaBuilder |   ✅ river_biomass           : mean=0.967 | >=0.6:  99.9% | n=7,100,137
2026-04-10T14:36:51 | INFO     | geoworld.processors.CriteriaBuilder |   ✅ seismic_suitability     : mean=0.928 | >=0.6:  95.1% | n=7,096,206
2026-04-10T14:36:51 | INFO     | geoworld.processors.CriteriaBuilder |   ✅ grid_suitability        : mean=0.310 | >=0.6:  29.3% | n=7,100,137
2026-04-10T14:36:51 | INFO     | geoworld.processors.CriteriaBuilder |   Total time: 158.4s
==============================================================
2026-04-10T14:36:51 | INFO     | geoworld |   Phase 2b (Criteria) completed in 158.5s
2026-04-10T14:36:52 | INFO     | geoworld |   [load_criteria] iniciando...
2026-04-10T14:36:55 | INFO     | geoworld |   [load_criteria] concluído em 2.6s
2026-04-10T14:36:55 | INFO     | geoworld.processors.SuitabilityBuilder |   [suitability] Policy Active: ESA class 10 (Trees/Forest) blocked for Solar/Wind/Biomass.
2026-04-10T14:36:55 | INFO     | geoworld.processors.SuitabilityBuilder | 
  ──────────────────────────────────────────────────
  Technology: Solar PV
  ──────────────────────────────────────────────────
2026-04-10T14:36:55 | INFO     | geoworld |   [solar] iniciando...
2026-04-10T14:36:55 | INFO     | geoworld.processors.SuitabilityBuilder |   [solar] AHP Saaty (subtle) — ✅ Consistent
2026-04-10T14:36:55 | INFO     | geoworld.processors.SuitabilityBuilder |   [solar]   λ_max=8.4263 | CI=0.0609 | CR=0.0432
2026-04-10T14:36:55 | INFO     | geoworld.processors.SuitabilityBuilder |   [solar]   solar_resource                : 0.3068  (30.7%)
2026-04-10T14:36:55 | INFO     | geoworld.processors.SuitabilityBuilder |   [solar]   grid_suitability              : 0.2249  (22.5%)
2026-04-10T14:36:55 | INFO     | geoworld.processors.SuitabilityBuilder |   [solar]   terrain_score                 : 0.1603  (16.0%)
2026-04-10T14:36:55 | INFO     | geoworld.processors.SuitabilityBuilder |   [solar]   road_suitability              : 0.1102  (11.0%)
2026-04-10T14:36:55 | INFO     | geoworld.processors.SuitabilityBuilder |   [solar]   river_solar                   : 0.0779  (7.8%)
2026-04-10T14:36:55 | INFO     | geoworld.processors.SuitabilityBuilder |   [solar]   seismic_suitability           : 0.0536  (5.4%)
2026-04-10T14:36:55 | INFO     | geoworld.processors.SuitabilityBuilder |   [solar]   pop_suitability               : 0.0382  (3.8%)
2026-04-10T14:36:55 | INFO     | geoworld.processors.SuitabilityBuilder |   [solar]   proximity_plants              : 0.0280  (2.8%)
2026-04-10T14:36:55 | INFO     | geoworld.processors.SuitabilityBuilder |   [solar] AHP weights saved: BRA_solar_weights.json
2026-04-10T14:36:55 | INFO     | geoworld.processors.SuitabilityBuilder |   [solar] Pixels: total=6960925 | excluded=4501982 (slope=6305, lc=4165126) | valid=2458943 (35.3%)
2026-04-10T14:37:09 | INFO     | geoworld |   [solar] concluído em 13.9s
2026-04-10T14:37:09 | INFO     | geoworld.processors.SuitabilityBuilder | 
  ──────────────────────────────────────────────────
  Technology: Wind Onshore
  ──────────────────────────────────────────────────
2026-04-10T14:37:09 | INFO     | geoworld |   [wind] iniciando...
2026-04-10T14:37:09 | INFO     | geoworld.processors.SuitabilityBuilder |   [wind] AHP Saaty (moderate) — ✅ Consistent
2026-04-10T14:37:09 | INFO     | geoworld.processors.SuitabilityBuilder |   [wind]   λ_max=8.9299 | CI=0.1328 | CR=0.0942
2026-04-10T14:37:09 | INFO     | geoworld.processors.SuitabilityBuilder |   [wind]   wind_resource                 : 0.3539  (35.4%)
2026-04-10T14:37:09 | INFO     | geoworld.processors.SuitabilityBuilder |   [wind]   grid_suitability              : 0.2379  (23.8%)
2026-04-10T14:37:09 | INFO     | geoworld.processors.SuitabilityBuilder |   [wind]   terrain_score                 : 0.1568  (15.7%)
2026-04-10T14:37:09 | INFO     | geoworld.processors.SuitabilityBuilder |   [wind]   road_suitability              : 0.1006  (10.1%)
2026-04-10T14:37:09 | INFO     | geoworld.processors.SuitabilityBuilder |   [wind]   pop_suitability               : 0.0643  (6.4%)
2026-04-10T14:37:09 | INFO     | geoworld.processors.SuitabilityBuilder |   [wind]   proximity_plants              : 0.0412  (4.1%)
2026-04-10T14:37:09 | INFO     | geoworld.processors.SuitabilityBuilder |   [wind]   seismic_suitability           : 0.0272  (2.7%)
2026-04-10T14:37:09 | INFO     | geoworld.processors.SuitabilityBuilder |   [wind]   river_wind                    : 0.0183  (1.8%)
2026-04-10T14:37:09 | INFO     | geoworld.processors.SuitabilityBuilder |   [wind] AHP weights saved: BRA_wind_weights.json
2026-04-10T14:37:09 | INFO     | geoworld.processors.SuitabilityBuilder |   [wind] Pixels: total=6960586 | excluded=4501201 (slope=674, lc=4165126) | valid=2459385 (35.3%)
2026-04-10T14:37:24 | INFO     | geoworld |   [wind] concluído em 14.6s
2026-04-10T14:37:24 | INFO     | geoworld.processors.SuitabilityBuilder | 
  ──────────────────────────────────────────────────
  Technology: Biomass / Bioenergy
  ──────────────────────────────────────────────────
2026-04-10T14:37:24 | INFO     | geoworld |   [biomass] iniciando...
2026-04-10T14:37:24 | INFO     | geoworld.processors.SuitabilityBuilder |   [biomass] AHP Saaty (subtle) — ✅ Consistent
2026-04-10T14:37:24 | INFO     | geoworld.processors.SuitabilityBuilder |   [biomass]   λ_max=9.5749 | CI=0.0719 | CR=0.0496
2026-04-10T14:37:24 | INFO     | geoworld.processors.SuitabilityBuilder |   [biomass]   biomass_resource              : 0.2841  (28.4%)
2026-04-10T14:37:24 | INFO     | geoworld.processors.SuitabilityBuilder |   [biomass]   lc_biomass                    : 0.2156  (21.6%)
2026-04-10T14:37:24 | INFO     | geoworld.processors.SuitabilityBuilder |   [biomass]   road_suitability              : 0.1563  (15.6%)
2026-04-10T14:37:24 | INFO     | geoworld.processors.SuitabilityBuilder |   [biomass]   river_biomass                 : 0.1121  (11.2%)
2026-04-10T14:37:24 | INFO     | geoworld.processors.SuitabilityBuilder |   [biomass]   grid_suitability              : 0.0803  (8.0%)
2026-04-10T14:37:24 | INFO     | geoworld.processors.SuitabilityBuilder |   [biomass]   pop_suitability               : 0.0576  (5.8%)
2026-04-10T14:37:24 | INFO     | geoworld.processors.SuitabilityBuilder |   [biomass]   proximity_plants              : 0.0413  (4.1%)
2026-04-10T14:37:24 | INFO     | geoworld.processors.SuitabilityBuilder |   [biomass]   terrain_score                 : 0.0299  (3.0%)
2026-04-10T14:37:24 | INFO     | geoworld.processors.SuitabilityBuilder |   [biomass]   seismic_suitability           : 0.0227  (2.3%)
2026-04-10T14:37:24 | INFO     | geoworld.processors.SuitabilityBuilder |   [biomass] AHP weights saved: BRA_biomass_weights.json
2026-04-10T14:37:24 | INFO     | geoworld.processors.SuitabilityBuilder |   [biomass] Pixels: total=6960925 | excluded=4501504 (slope=2, lc=4165126) | valid=2459421 (35.3%)
2026-04-10T14:37:38 | INFO     | geoworld |   [biomass] concluído em 14.4s
2026-04-10T14:37:38 | INFO     | geoworld |   [comparison_map] iniciando...
2026-04-10T14:38:13 | INFO     | geoworld |   [comparison_map] concluído em 35.0s
2026-04-10T14:38:13 | INFO     | geoworld.processors.SuitabilityBuilder | 
====================================================================
  SUITABILITY REPORT — AHP (Saaty) + TOPSIS MCDA
  Brazil (BRA)
  2026-04-10 14:36:51
====================================================================

--------------------------------------------------------------------
  SOLAR PV
--------------------------------------------------------------------
    Total territorial pixels            : 6,960,925
    Hard exclusions (pixels)            : 4,501,982  (64.7%)
    Valid pixels (TOPSIS)               : 2,458,943  (35.3%)

    TOPSIS Statistics (valid pixels):
      Mean ± Std                        : 0.585 ± 0.147
      P10 / P50 / P90                   : 0.398 / 0.568 / 0.792
      Score >= 0.6 (high suitability)   : 42.4%

    AHP — Saaty Scale:
      CR (Consistency Ratio)            : 0.0432  ✅ Consistent
      Criterion                          Weight     (%)
      ──────────────────────────────────────────────────
      solar_resource                     0.3068  ( 30.7%)
      grid_suitability                   0.2249  ( 22.5%)
      terrain_score                      0.1603  ( 16.0%)
      road_suitability                   0.1102  ( 11.0%)
      river_solar                        0.0779  (  7.8%)
      seismic_suitability                0.0536  (  5.4%)
      pop_suitability                    0.0382  (  3.8%)
      proximity_plants                   0.0280  (  2.8%)

    Weights JSON: BRA_solar_weights.json

--------------------------------------------------------------------
  WIND ONSHORE
--------------------------------------------------------------------
    Total territorial pixels            : 6,960,586
    Hard exclusions (pixels)            : 4,501,201  (64.7%)
    Valid pixels (TOPSIS)               : 2,459,385  (35.3%)

    TOPSIS Statistics (valid pixels):
      Mean ± Std                        : 0.495 ± 0.172
      P10 / P50 / P90                   : 0.283 / 0.470 / 0.750
      Score >= 0.6 (high suitability)   : 26.3%

    AHP — Saaty Scale:
      CR (Consistency Ratio)            : 0.0942  ✅ Consistent
      Criterion                          Weight     (%)
      ──────────────────────────────────────────────────
      wind_resource                      0.3539  ( 35.4%)
      grid_suitability                   0.2379  ( 23.8%)
      terrain_score                      0.1568  ( 15.7%)
      road_suitability                   0.1006  ( 10.1%)
      pop_suitability                    0.0643  (  6.4%)
      proximity_plants                   0.0412  (  4.1%)
      seismic_suitability                0.0272  (  2.7%)
      river_wind                         0.0183  (  1.8%)

    Weights JSON: BRA_wind_weights.json

--------------------------------------------------------------------
  BIOMASS / BIOENERGY
--------------------------------------------------------------------
    Total territorial pixels            : 6,960,925
    Hard exclusions (pixels)            : 4,501,504  (64.7%)
    Valid pixels (TOPSIS)               : 2,459,421  (35.3%)

    TOPSIS Statistics (valid pixels):
      Mean ± Std                        : 0.587 ± 0.164
      P10 / P50 / P90                   : 0.328 / 0.624 / 0.779
      Score >= 0.6 (high suitability)   : 55.9%

    AHP — Saaty Scale:
      CR (Consistency Ratio)            : 0.0496  ✅ Consistent
      Criterion                          Weight     (%)
      ──────────────────────────────────────────────────
      biomass_resource                   0.2841  ( 28.4%)
      lc_biomass                         0.2156  ( 21.6%)
      road_suitability                   0.1563  ( 15.6%)
      river_biomass                      0.1121  ( 11.2%)
      grid_suitability                   0.0803  (  8.0%)
      pop_suitability                    0.0576  (  5.8%)
      proximity_plants                   0.0413  (  4.1%)
      terrain_score                      0.0299  (  3.0%)
      seismic_suitability                0.0227  (  2.3%)

    Weights JSON: BRA_biomass_weights.json

====================================================================
  TIMINGS BY STAGE
--------------------------------------------------------------------
    load_criteria           :    2.6s
    solar                   :   13.8s
    wind                    :   14.7s
    biomass                 :   14.4s
    comparison_map          :   35.0s
    TOTAL                   : 81.7s
====================================================================

2026-04-10T14:38:13 | INFO     | geoworld |   Phase 3 (Suitability) completed in 81.8s
2026-04-10T14:38:13 | INFO     | geoworld.processors.PotentialCalculator |   [params] solar=45.0 MW/km² lu=0.05 thr=0.75 | wind=6.0 MW/km² thr=0.75 | biomass=0.5 MW/km² thr=0.75
2026-04-10T14:38:14 | INFO     | geoworld.processors.PotentialCalculator |   Admin boundaries: 27 regions active
2026-04-10T14:38:14 | INFO     | geoworld.processors.PotentialCalculator | 
  ──────────────────────────────────────────────────
  Technology: Solar PV
  ──────────────────────────────────────────────────
2026-04-10T14:38:14 | INFO     | geoworld |   [solar] iniciando...
2026-04-10T14:38:14 | INFO     | geoworld.processors.PotentialCalculator |   [solar] Grid: 3902x3920 px | lat_center=-14.24° | px_area=1.194 km²
2026-04-10T14:38:14 | INFO     | geoworld.processors.PotentialCalculator |   [solar/optimistic] threshold=0.65 | area=971,208 km² | cap=2185.22 GW | gen=4211.35 TWh/yr
2026-04-10T14:38:17 | INFO     | geoworld.processors.PotentialCalculator |   [solar/balanced] threshold=0.75 | area=483,978 km² | cap=1088.95 GW | gen=2098.62 TWh/yr
2026-04-10T14:38:20 | INFO     | geoworld.processors.PotentialCalculator |   [solar/conservative] threshold=0.85 | area=90,992 km² | cap=204.73 GW | gen=394.56 TWh/yr
2026-04-10T14:38:38 | INFO     | geoworld |   [solar] concluído em 24.2s
2026-04-10T14:38:38 | INFO     | geoworld.processors.PotentialCalculator | 
  ──────────────────────────────────────────────────
  Technology: Wind Onshore
  ──────────────────────────────────────────────────
2026-04-10T14:38:38 | INFO     | geoworld |   [wind] iniciando...
2026-04-10T14:38:38 | INFO     | geoworld.processors.PotentialCalculator |   [wind] Grid: 3902x3920 px | lat_center=-14.24° | px_area=1.194 km²
2026-04-10T14:38:38 | INFO     | geoworld.processors.PotentialCalculator |   [wind/optimistic] threshold=0.65 | area=523,933 km² | cap=94.31 GW | gen=371.76 TWh/yr
2026-04-10T14:38:41 | INFO     | geoworld.processors.PotentialCalculator |   [wind/balanced] threshold=0.75 | area=283,413 km² | cap=51.01 GW | gen=201.10 TWh/yr
2026-04-10T14:38:44 | INFO     | geoworld.processors.PotentialCalculator |   [wind/conservative] threshold=0.85 | area=108,112 km² | cap=19.46 GW | gen=76.71 TWh/yr
2026-04-10T14:39:01 | INFO     | geoworld |   [wind] concluído em 22.5s
2026-04-10T14:39:01 | INFO     | geoworld.processors.PotentialCalculator | 
  ──────────────────────────────────────────────────
  Technology: Biomass / Bioenergy
  ──────────────────────────────────────────────────
2026-04-10T14:39:01 | INFO     | geoworld |   [biomass] iniciando...
2026-04-10T14:39:01 | INFO     | geoworld.processors.PotentialCalculator |   [biomass] Grid: 3902x3920 px | lat_center=-14.24° | px_area=1.194 km²
2026-04-10T14:39:01 | INFO     | geoworld.processors.PotentialCalculator |   [biomass/optimistic] threshold=0.65 | area=1,232,805 km² | cap=184.92 GW | gen=971.94 TWh/yr
2026-04-10T14:39:03 | INFO     | geoworld.processors.PotentialCalculator |   [biomass/balanced] threshold=0.75 | area=446,772 km² | cap=67.02 GW | gen=352.24 TWh/yr
2026-04-10T14:39:06 | INFO     | geoworld.processors.PotentialCalculator |   [biomass/conservative] threshold=0.85 | area=47,754 km² | cap=7.16 GW | gen=37.65 TWh/yr
2026-04-10T14:39:23 | INFO     | geoworld |   [biomass] concluído em 22.7s
2026-04-10T14:39:23 | INFO     | geoworld |   [comparison_map] iniciando...
2026-04-10T14:39:25 | INFO     | geoworld |   [comparison_map] concluído em 1.3s
2026-04-10T14:39:25 | INFO     | geoworld |   [scenario_chart] iniciando...
2026-04-10T14:39:25 | INFO     | geoworld |   [scenario_chart] concluído em 0.2s
2026-04-10T14:39:25 | INFO     | geoworld.processors.PotentialCalculator | 
========================================================================
  POTENTIAL REPORT — Technical & Energy Potential
  Brazil (BRA)
  2026-04-10 14:38:13
========================================================================

------------------------------------------------------------------------
  SOLAR PV
  Land Use: 5.0%  |  Density: 45.0 MW/km²  |  CF: 22.0%
------------------------------------------------------------------------
  Scenario         Thr   Area (km²)       GW     TWh/yr   Pixels
  ------------------------------------------------------------
  Optimistic      0.65      971,208  2185.22    4211.35  815,704
  Balanced        0.75      483,978  1088.95    2098.62  405,126
  Conservative    0.85       90,992   204.73     394.56   75,729

    Top 5 Districts (Balanced Scenario):
    District                     MW       GWh/yr   Pixels
    ------------------------------------------------------
    MINAS GERAIS            191,450      368,962   72,533
    GOIAS                   188,603      363,476   70,921
    BAHIA                   179,482      345,897   66,224
    PIAUI                    98,623      190,066   35,950
    CEARA                    74,734      144,028   27,120

------------------------------------------------------------------------
  WIND ONSHORE
  Land Use: 3.0%  |  Density: 6.0 MW/km²  |  CF: 45.0%
------------------------------------------------------------------------
  Scenario         Thr   Area (km²)       GW     TWh/yr   Pixels
  ------------------------------------------------------------
  Optimistic      0.65      523,933    94.31     371.76  452,321
  Balanced        0.75      283,413    51.01     201.10  246,472
  Conservative    0.85      108,112    19.46      76.71   94,868

    Top 5 Districts (Balanced Scenario):
    District                     MW       GWh/yr   Pixels
    ------------------------------------------------------
    RIO GRANDE DO SUL        14,608       57,584   75,608
    BAHIA                     8,557       33,731   39,341
    PARANA                    4,668       18,401   23,065
    PIAUI                     3,484       13,733   15,876
    RIO GRANDE DO NORTE       3,023       11,917   13,716

------------------------------------------------------------------------
  BIOMASS / BIOENERGY
  Land Use: 30.0%  |  Density: 0.5 MW/km²  |  CF: 60.0%
------------------------------------------------------------------------
  Scenario         Thr   Area (km²)       GW     TWh/yr   Pixels
  ------------------------------------------------------------
  Optimistic      0.65    1,232,806   184.92     971.94 1,053,266
  Balanced        0.75      446,772    67.02     352.24  385,787
  Conservative    0.85       47,754     7.16      37.65   41,776

    Top 5 Districts (Balanced Scenario):
    District                     MW       GWh/yr   Pixels
    ------------------------------------------------------
    MATO GROSSO               9,917       52,126   55,214
    RIO GRANDE DO SUL         9,049       47,561   55,855
    MINAS GERAIS              8,486       44,601   48,676
    PARANA                    8,207       43,134   48,807
    GOIAS                     5,644       29,667   31,949

========================================================================
  COMPARATIVE SUMMARY — BALANCED SCENARIO
------------------------------------------------------------------------
  Technology                 GW     TWh/yr     Area km²    CF%
  ------------------------------------------------------------
  Solar PV              1088.95    2098.62      483,978   22.0%
  Wind Onshore            51.01     201.10      283,413   45.0%
  Biomass / Bioenergy     67.02     352.24      446,772   60.0%
  ------------------------------------------------------------
  TOTAL                 1206.98    2651.96

========================================================================
  TIMINGS BY STAGE
------------------------------------------------------------------------
    solar                     :   24.2s
    wind                      :   22.5s
    biomass                   :   22.7s
    comparison_map            :    1.4s
    scenario_chart            :    0.2s
    TOTAL                     : 71.8s
========================================================================

2026-04-10T14:39:25 | INFO     | geoworld |   Phase 4 (Potential) completed in 71.8s
2026-04-10T14:39:25 | INFO     | geoworld.processors.LCOECalculator |   [LCOE Params] Bounded country parameters for BRA.
2026-04-10T14:39:25 | INFO     | geoworld.processors.LCOECalculator |   [pot_params] Anchoring physical constants: Solar LUF=0.05 | Wind CF=0.450
2026-04-10T14:39:26 | INFO     | geoworld.processors.LCOECalculator |   Admin boundaries: 27 regions loaded
2026-04-10T14:39:26 | INFO     | geoworld.processors.LCOECalculator | 
  ──────────────────────────────────────────────────
  Technology: Solar PV
  ──────────────────────────────────────────────────
2026-04-10T14:39:26 | INFO     | geoworld.processors.LCOECalculator |   [solar] financial projection initiated...
2026-04-10T14:39:41 | INFO     | geoworld.processors.LCOECalculator |   [solar] resolved in 15.6s
2026-04-10T14:39:41 | INFO     | geoworld.processors.LCOECalculator | 
  ──────────────────────────────────────────────────
  Technology: Wind Onshore
  ──────────────────────────────────────────────────
2026-04-10T14:39:41 | INFO     | geoworld.processors.LCOECalculator |   [wind] financial projection initiated...
2026-04-10T14:39:57 | INFO     | geoworld.processors.LCOECalculator |   [wind] resolved in 15.4s
2026-04-10T14:39:57 | INFO     | geoworld.processors.LCOECalculator | 
  ──────────────────────────────────────────────────
  Technology: Biomass / Bioenergy
  ──────────────────────────────────────────────────
2026-04-10T14:39:57 | INFO     | geoworld.processors.LCOECalculator |   [biomass] financial projection initiated...
2026-04-10T14:40:12 | INFO     | geoworld.processors.LCOECalculator |   [biomass] resolved in 15.4s
2026-04-10T14:40:12 | INFO     | geoworld.processors.LCOECalculator |   [comparison_map] financial projection initiated...
2026-04-10T14:40:50 | INFO     | geoworld.processors.LCOECalculator |   [comparison_map] resolved in 37.4s
2026-04-10T14:40:50 | INFO     | geoworld.processors.LCOECalculator | 
========================================================================
  LCOE REPORT — Levelized Cost of Energy (Phase 5)
  Brazil (BRA)
  2026-04-10 14:39:25
========================================================================

------------------------------------------------------------------------
  SOLAR PV
------------------------------------------------------------------------
  CAPEX: 700 USD/kW  |  OPEX: 10 USD/kW/yr  |  r: 10%  |  n: 25 yr
  CRF: 0.1102  |  Base CF: 0.220

  Metric                                    Value     Unit
  --------------------------------------------------------
  Base LCOE (National mean CF)               45.2  USD/MWh
  Spatial mean LCOE                          45.8  USD/MWh
  P10 — Cheapest 10%                         40.3  USD/MWh
  P90 — Most expensive 10%                   54.2  USD/MWh

  Available capacity by cost threshold:
  Threshold (USD/MWh)        Available GW
  ----------------------------------------
  <=  40 USD/MWh               0.00 GW  (0.0%)
  <=  50 USD/MWh             845.40 GW  (77.6%)
  <=  60 USD/MWh            1068.47 GW  (98.1%)
  <=  70 USD/MWh            1088.95 GW  (100.0%)
  <=  80 USD/MWh            1088.95 GW  (100.0%)
  <= 100 USD/MWh            1088.95 GW  (100.0%)
  <= 120 USD/MWh            1088.95 GW  (100.0%)

------------------------------------------------------------------------
  WIND ONSHORE
------------------------------------------------------------------------
  CAPEX: 1200 USD/kW  |  OPEX: 35 USD/kW/yr  |  r: 10%  |  n: 25 yr
  CRF: 0.1102  |  Base CF: 0.450

  Metric                                    Value     Unit
  --------------------------------------------------------
  Base LCOE (National mean CF)               42.4  USD/MWh
  Spatial mean LCOE                          42.9  USD/MWh
  P10 — Cheapest 10%                         39.5  USD/MWh
  P90 — Most expensive 10%                   50.6  USD/MWh

  Available capacity by cost threshold:
  Threshold (USD/MWh)        Available GW
  ----------------------------------------
  <=  40 USD/MWh              27.02 GW  (53.0%)
  <=  50 USD/MWh              44.85 GW  (87.9%)
  <=  60 USD/MWh              51.01 GW  (100.0%)
  <=  70 USD/MWh              51.01 GW  (100.0%)
  <=  80 USD/MWh              51.01 GW  (100.0%)
  <= 100 USD/MWh              51.01 GW  (100.0%)
  <= 120 USD/MWh              51.01 GW  (100.0%)

------------------------------------------------------------------------
  BIOMASS / BIOENERGY
------------------------------------------------------------------------
  CAPEX: 2100 USD/kW  |  OPEX: 95 USD/kW/yr  |  r: 12%  |  n: 20 yr
  CRF: 0.1339  |  Base CF: 0.600

  Metric                                    Value     Unit
  --------------------------------------------------------
  Base LCOE (National mean CF)               71.6  USD/MWh
  Spatial mean LCOE                          71.6  USD/MWh
  P10 — Cheapest 10%                         71.6  USD/MWh
  P90 — Most expensive 10%                   71.6  USD/MWh

  Available capacity by cost threshold:
  Threshold (USD/MWh)        Available GW
  ----------------------------------------
  <=  40 USD/MWh               0.00 GW  (0.0%)
  <=  50 USD/MWh               0.00 GW  (0.0%)
  <=  60 USD/MWh               0.00 GW  (0.0%)
  <=  70 USD/MWh               0.00 GW  (0.0%)
  <=  80 USD/MWh              67.02 GW  (100.0%)
  <= 100 USD/MWh              67.02 GW  (100.0%)
  <= 120 USD/MWh              67.02 GW  (100.0%)

========================================================================
  TIMINGS BY STAGE
------------------------------------------------------------------------
    solar                     :   15.6s
    wind                      :   15.4s
    biomass                   :   15.4s
    comparison_map            :   37.4s
========================================================================

2026-04-10T14:40:50 | INFO     | geoworld |   Phase 5 (LCOE) completed in 84.7s
2026-04-10T14:40:50 | INFO     | geoworld.processors.ResultsWriter |   [Recovery] Reconstructing Potential data from disk...
2026-04-10T14:40:50 | INFO     | geoworld.processors.ResultsWriter |   [Recovery] Reconstructing LCOE data from disk...
2026-04-10T14:40:50 | WARNING  | geoworld.processors.ResultsWriter |   [Recovery] LCOE TIF not found for solar
2026-04-10T14:40:50 | WARNING  | geoworld.processors.ResultsWriter |   [Recovery] LCOE TIF not found for wind
2026-04-10T14:40:50 | WARNING  | geoworld.processors.ResultsWriter |   [Recovery] LCOE TIF not found for biomass
2026-04-10T14:40:51 | INFO     | geoworld.processors.ResultsWriter |   Admin: 27 districts loaded
2026-04-10T14:40:51 | INFO     | geoworld.processors.ResultsWriter |   [solar] Suitability TIF loaded.
2026-04-10T14:40:51 | INFO     | geoworld.processors.ResultsWriter |   [wind] Suitability TIF loaded.
2026-04-10T14:40:51 | INFO     | geoworld.processors.ResultsWriter |   [biomass] Suitability TIF loaded.
2026-04-10T14:40:51 | INFO     | geoworld |   [dominance_suitability] iniciando...
2026-04-10T14:41:05 | INFO     | geoworld |   [dominance_suitability] concluído em 13.6s
2026-04-10T14:41:05 | INFO     | geoworld |   [dominance_lcoe] iniciando...
2026-04-10T14:41:17 | INFO     | geoworld |   [dominance_lcoe] concluído em 12.5s
2026-04-10T14:41:17 | INFO     | geoworld |   [executive_dashboard] iniciando...
2026-04-10T14:41:43 | INFO     | geoworld |   [executive_dashboard] concluído em 26.2s
2026-04-10T14:41:43 | INFO     | geoworld |   [geotiff_export] iniciando...
2026-04-10T14:41:44 | INFO     | geoworld.processors.ResultsWriter |   GIS: BRA_solar_suitability.tif
2026-04-10T14:41:46 | INFO     | geoworld.processors.ResultsWriter |   GIS: BRA_wind_suitability.tif
2026-04-10T14:41:46 | INFO     | geoworld.processors.ResultsWriter |   GIS: BRA_biomass_suitability.tif
2026-04-10T14:41:47 | INFO     | geoworld.processors.ResultsWriter |   GIS: BRA_dominance_suitability.tif
2026-04-10T14:41:47 | INFO     | geoworld.processors.ResultsWriter |   GIS: BRA_dominance_lcoe.tif
2026-04-10T14:41:47 | INFO     | geoworld |   [geotiff_export] concluído em 3.4s
2026-04-10T14:41:47 | INFO     | geoworld.processors.ResultsWriter | 
========================================================================
  RESULTS SYNTHESIS REPORT — Phase 6
  Brazil (BRA)
  2026-04-10 14:40:50
========================================================================

------------------------------------------------------------------------
  SUITABILITY DOMINANCE — TOPSIS Score
------------------------------------------------------------------------
  Solar PV                    853,708 px  ( 34.7%)
  Wind Onshore                410,162 px  ( 16.7%)
  Biomass / Bioenergy        1,195,364 px  ( 48.6%)

------------------------------------------------------------------------
  LCOE DOMINANCE — Cheapest Technology per Pixel
------------------------------------------------------------------------
  Solar PV                          0 px  (  0.0%)
  Wind Onshore                      0 px  (  0.0%)
  Biomass / Bioenergy               0 px  (  0.0%)

------------------------------------------------------------------------
  BALANCED SCENARIO — INTEGRATED SUMMARY
------------------------------------------------------------------------
  Technology                   GW    TWh/yr        km²     $/MWh
  ──────────────────────────────────────────────────────────────
  Solar PV                 1089.0    2098.6    424,282       0.0
  Wind Onshore               51.0     201.1    258,126       0.0
  Biomass / Bioenergy        67.0     352.2    404,029       0.0
  ──────────────────────────────────────────────────────────────
  TOTAL                    1207.0    2652.0

------------------------------------------------------------------------
  GeoTIFFs EXPORTED  →  results/gis/
------------------------------------------------------------------------
  ✓  BRA_solar_suitability.tif
  ✓  BRA_wind_suitability.tif
  ✓  BRA_biomass_suitability.tif
  ✓  BRA_dominance_suitability.tif
  ✓  BRA_dominance_lcoe.tif

========================================================================
  TIMINGS
------------------------------------------------------------------------
    dominance_suitability           :   13.6s
    dominance_lcoe                  :   12.5s
    executive_dashboard             :   26.2s
    geotiff_export                  :    3.4s
    TOTAL                           :   57.2s
========================================================================

2026-04-10T14:41:47 | INFO     | geoworld |   Phase 6 (Results) completed in 57.4s
2026-04-10T14:41:47 | INFO     | geoworld.processors.GHGAbatementCalculator | ==============================================================
2026-04-10T14:41:47 | INFO     | geoworld.processors.GHGAbatementCalculator |   GHG ABATEMENT CALCULATOR — Brazil (BRA)
2026-04-10T14:41:47 | INFO     | geoworld.processors.GHGAbatementCalculator |   Saída: D:\Douglas\DOUTORADO\geoworld_framework\outputs\BRA\abatement
2026-04-10T14:41:47 | INFO     | geoworld.processors.GHGAbatementCalculator | ==============================================================
2026-04-10T14:41:48 | INFO     | geoworld.processors.GHGAbatementCalculator | Net Zero DB carregado com sucesso — net_zero_db.json
2026-04-10T14:41:49 | WARNING  | geoworld.processors.GHGAbatementCalculator | [BRA] NDC gap appears zero (total_now_mt=0.0 <= target=1388.0). OWID API data is fossils-only (missing large LULUCF emissions). National gap undetermined.
2026-04-10T14:41:49 | INFO     | geoworld.processors.GHGAbatementCalculator | [BRA] NDC Profile: Target Year 2050 | Type: absolute | Current Nat. Emissions: 0.0 Mt
2026-04-10T14:41:59 | INFO     | geoworld.utils.plots_abatement | Geography map saved: BRA_abatement_maps.png
2026-04-10T14:42:00 | INFO     | geoworld.utils.plots_abatement | MACC curve saved: BRA_macc_curve.png
2026-04-10T14:42:00 | INFO     | geoworld.utils.plots_abatement | Substitution curves saved: BRA_substitution_curves.png
2026-04-10T14:42:00 | INFO     | geoworld.utils.plots_abatement | Carbon intensity chart saved: BRA_carbon_intensity.png
2026-04-10T14:42:01 | INFO     | geoworld.utils.plots_abatement | Net Zero analysis saved: BRA_net_zero.png
2026-04-10T14:42:01 | INFO     | geoworld.processors.GHGAbatementCalculator | [BRA] MAC 2.5 USD/tCO₂e (needs 2.5 USD/tCO2) | Net Avoided: 45.46 MtCO₂/yr | Value: 0.69 B USD | Substituted: 66.0 TWh | NDC coverage: N/D
2026-04-10T14:42:01 | INFO     | geoworld.processors.GHGAbatementCalculator | [BRA] Phase 7 completed in 13.7s.
2026-04-10T14:42:01 | INFO     | geoworld |   Phase 7 (Abatement) completed in 13.7s
2026-04-10T14:42:01 | INFO     | geoworld.processors.SensitivityAnalyzer | ==============================================================
2026-04-10T14:42:01 | INFO     | geoworld.processors.SensitivityAnalyzer |   SENSITIVITY ANALYZER — Phase 8 (BRA)
2026-04-10T14:42:01 | INFO     | geoworld.processors.SensitivityAnalyzer |   Output: D:\Douglas\DOUTORADO\geoworld_framework\outputs\BRA\sensitivity
2026-04-10T14:42:01 | INFO     | geoworld.processors.SensitivityAnalyzer | ==============================================================
2026-04-10T14:42:01 | INFO     | geoworld.processors.SensitivityAnalyzer |   Reference grid: 3902×3920 pixels
2026-04-10T14:42:01 | INFO     | geoworld.processors.SensitivityAnalyzer |   Technologies to analyze: ['solar', 'wind', 'biomass']
2026-04-10T14:42:01 | INFO     | geoworld.processors.SensitivityAnalyzer |   [SA-5] GHG function built from Phase 7 abatement results.
2026-04-10T14:42:01 | INFO     | geoworld.processors.SensitivityAnalyzer |   [solar] Starting SA suite (8 criteria)...
2026-04-10T14:42:01 | INFO     | geoworld.processors.SensitivityAnalyzer |   [solar] SA-1: OAT weight perturbation...
2026-04-10T14:42:21 | INFO     | geoworld.processors.SensitivityAnalyzer |   [solar] SA-1 complete: rho_min=0.9672, most_sensitive=solar_resource
2026-04-10T14:42:21 | INFO     | geoworld.processors.SensitivityAnalyzer |   [solar] SA-2: Monte Carlo AHP (1000 samples)...
2026-04-10T14:43:09 | INFO     | geoworld.processors.SensitivityAnalyzer |   [solar] SA-2 complete: stable_fraction=2.5%
2026-04-10T14:43:09 | INFO     | geoworld.processors.SensitivityAnalyzer |   [solar] SA-3: threshold sweep...
2026-04-10T14:43:11 | INFO     | geoworld.processors.SensitivityAnalyzer |   [solar] SA-3 complete: 11 thresholds evaluated
2026-04-10T14:43:11 | INFO     | geoworld.processors.SensitivityAnalyzer |   [solar] SA-4: LCOE Monte Carlo (10000 samples)...
2026-04-10T14:43:11 | INFO     | geoworld.processors.SensitivityAnalyzer |   [solar] SA-4 complete: P50=$45.9/MWh, CI90=$10.0
2026-04-10T14:43:11 | INFO     | geoworld.processors.SensitivityAnalyzer |   [solar] SA-6: potential parameter sensitivity...
2026-04-10T14:43:11 | INFO     | geoworld.processors.SensitivityAnalyzer |   [solar] SA-6 complete: base=1089.0 GW
2026-04-10T14:43:12 | INFO     | geoworld.processors.SensitivityAnalyzer |   [solar] Dashboard saved: BRA_solar_dashboard.png
2026-04-10T14:43:12 | INFO     | geoworld.processors.SensitivityAnalyzer |   [wind] Starting SA suite (8 criteria)...
2026-04-10T14:43:12 | INFO     | geoworld.processors.SensitivityAnalyzer |   [wind] SA-1: OAT weight perturbation...
2026-04-10T14:43:26 | INFO     | geoworld.processors.SensitivityAnalyzer |   [wind] SA-1 complete: rho_min=0.9751, most_sensitive=wind_resource
2026-04-10T14:43:26 | INFO     | geoworld.processors.SensitivityAnalyzer |   [wind] SA-2: Monte Carlo AHP (1000 samples)...
2026-04-10T14:44:14 | INFO     | geoworld.processors.SensitivityAnalyzer |   [wind] SA-2 complete: stable_fraction=4.4%
2026-04-10T14:44:14 | INFO     | geoworld.processors.SensitivityAnalyzer |   [wind] SA-3: threshold sweep...
2026-04-10T14:44:15 | INFO     | geoworld.processors.SensitivityAnalyzer |   [wind] SA-3 complete: 11 thresholds evaluated
2026-04-10T14:44:15 | INFO     | geoworld.processors.SensitivityAnalyzer |   [wind] SA-4: LCOE Monte Carlo (10000 samples)...
2026-04-10T14:44:15 | INFO     | geoworld.processors.SensitivityAnalyzer |   [wind] SA-4 complete: P50=$61.2/MWh, CI90=$12.6
2026-04-10T14:44:15 | INFO     | geoworld.processors.SensitivityAnalyzer |   [wind] SA-6: potential parameter sensitivity...
2026-04-10T14:44:16 | INFO     | geoworld.processors.SensitivityAnalyzer |   [wind] SA-6 complete: base=51.0 GW
2026-04-10T14:44:16 | INFO     | geoworld.processors.SensitivityAnalyzer |   [wind] Dashboard saved: BRA_wind_dashboard.png
2026-04-10T14:44:16 | INFO     | geoworld.processors.SensitivityAnalyzer |   [biomass] Starting SA suite (9 criteria)...
2026-04-10T14:44:16 | INFO     | geoworld.processors.SensitivityAnalyzer |   [biomass] SA-1: OAT weight perturbation...
2026-04-10T14:44:33 | INFO     | geoworld.processors.SensitivityAnalyzer |   [biomass] SA-1 complete: rho_min=0.8671, most_sensitive=biomass_resource
2026-04-10T14:44:33 | INFO     | geoworld.processors.SensitivityAnalyzer |   [biomass] SA-2: Monte Carlo AHP (1000 samples)...
2026-04-10T14:45:25 | INFO     | geoworld.processors.SensitivityAnalyzer |   [biomass] SA-2 complete: stable_fraction=0.2%
2026-04-10T14:45:25 | INFO     | geoworld.processors.SensitivityAnalyzer |   [biomass] SA-3: threshold sweep...
2026-04-10T14:45:27 | INFO     | geoworld.processors.SensitivityAnalyzer |   [biomass] SA-3 complete: 11 thresholds evaluated
2026-04-10T14:45:27 | INFO     | geoworld.processors.SensitivityAnalyzer |   [biomass] SA-4: LCOE Monte Carlo (10000 samples)...
2026-04-10T14:45:27 | INFO     | geoworld.processors.SensitivityAnalyzer |   [biomass] SA-4 complete: P50=$55.6/MWh, CI90=$11.4
2026-04-10T14:45:27 | INFO     | geoworld.processors.SensitivityAnalyzer |   [biomass] SA-6: potential parameter sensitivity...
2026-04-10T14:45:27 | INFO     | geoworld.processors.SensitivityAnalyzer |   [biomass] SA-6 complete: base=67.0 GW
2026-04-10T14:45:28 | INFO     | geoworld.processors.SensitivityAnalyzer |   [biomass] Dashboard saved: BRA_biomass_dashboard.png
2026-04-10T14:45:28 | INFO     | geoworld.processors.SensitivityAnalyzer |   [SA-5] Sobol global sensitivity (GHG abatement)...
2026-04-10T14:45:29 | INFO     | geoworld.processors.SensitivityAnalyzer |   [SA-5] Sobol complete: dominant=penetration_factor (ST=0.588)
2026-04-10T14:45:29 | INFO     | geoworld.processors.SensitivityAnalyzer | [BRA] Phase 8 completed in 208.4s.
2026-04-10T14:45:29 | INFO     | geoworld.processors.SensitivityAnalyzer | [BRA] Outputs: 13 CSVs, 22 plots
2026-04-10T14:45:29 | INFO     | geoworld |   Phase 8 (Sensitivity) completed in 208.4s
2026-04-10T14:45:29 | INFO     | geoworld.processors.TransportDecarbonizationCalculator | Loaded transport parameters from: D:\Douglas\DOUTORADO\geoworld_framework\configs\transport_parameters.json
2026-04-10T14:45:30 | INFO     | geoworld.processors.TransportDecarbonizationCalculator | ============================================================
2026-04-10T14:45:30 | INFO     | geoworld.processors.TransportDecarbonizationCalculator |   PHASE 9 — TRANSPORT DECARBONISATION
2026-04-10T14:45:30 | INFO     | geoworld.processors.TransportDecarbonizationCalculator |   Brazil (BRA)
2026-04-10T14:45:30 | INFO     | geoworld.processors.TransportDecarbonizationCalculator | ============================================================
2026-04-10T14:45:30 | INFO     | geoworld.processors.TransportDecarbonizationCalculator | ----------------------------------------------------
2026-04-10T14:45:30 | INFO     | geoworld.processors.TransportDecarbonizationCalculator |   PARAMETERS IN USE
2026-04-10T14:45:30 | INFO     | geoworld.processors.TransportDecarbonizationCalculator | ----------------------------------------------------
2026-04-10T14:45:30 | INFO     | geoworld.processors.TransportDecarbonizationCalculator |   Projection horizon : 2025 – 2050
2026-04-10T14:45:30 | INFO     | geoworld.processors.TransportDecarbonizationCalculator |   Fleet size (2024)  : 115,000,000 vehicles
2026-04-10T14:45:30 | INFO     | geoworld.processors.TransportDecarbonizationCalculator |   Annual fleet growth: 4.0%
2026-04-10T14:45:30 | INFO     | geoworld.processors.TransportDecarbonizationCalculator |   Grid intensity (gCO2/kWh):
2026-04-10T14:45:30 | INFO     | geoworld.processors.TransportDecarbonizationCalculator |     2025 : 88
2026-04-10T14:45:30 | INFO     | geoworld.processors.TransportDecarbonizationCalculator |     2030 : 60
2026-04-10T14:45:30 | INFO     | geoworld.processors.TransportDecarbonizationCalculator |     2035 : 40
2026-04-10T14:45:30 | INFO     | geoworld.processors.TransportDecarbonizationCalculator |     2040 : 25
2026-04-10T14:45:30 | INFO     | geoworld.processors.TransportDecarbonizationCalculator |     2045 : 15
2026-04-10T14:45:30 | INFO     | geoworld.processors.TransportDecarbonizationCalculator |     2050 : 8
2026-04-10T14:45:30 | INFO     | geoworld.processors.TransportDecarbonizationCalculator |   Hub spacing radius : 120 km
2026-04-10T14:45:30 | INFO     | geoworld.processors.TransportDecarbonizationCalculator |   Biofuel blends     : B14 / E27
2026-04-10T14:45:30 | INFO     | geoworld.processors.TransportDecarbonizationCalculator |   Powertrain penetration (country-specific — reference, new sales):
2026-04-10T14:45:30 | INFO     | geoworld.processors.TransportDecarbonizationCalculator |     2025 : ICE 88% | HEV 5% | PHEV 2% | BEV 5% | FCEV 0%
2026-04-10T14:45:30 | INFO     | geoworld.processors.TransportDecarbonizationCalculator |     2035 : ICE 62% | HEV 14% | PHEV 6% | BEV 17% | FCEV 1%
2026-04-10T14:45:30 | INFO     | geoworld.processors.TransportDecarbonizationCalculator |     2050 : ICE 25% | HEV 20% | PHEV 10% | BEV 44% | FCEV 1%
2026-04-10T14:45:30 | INFO     | geoworld.processors.TransportDecarbonizationCalculator | ============================================================
2026-04-10T14:45:30 | INFO     | geoworld.processors.TransportDecarbonizationCalculator |   [1/7] Building fleet size trajectory ...
2026-04-10T14:45:30 | INFO     | geoworld.processors.TransportDecarbonizationCalculator |   Fleet base (light vehicles): fleet_size_light_vehicles_2024 = 57,000,000
2026-04-10T14:45:30 | INFO     | geoworld.processors.TransportDecarbonizationCalculator |   [2/7] Calculating EV electricity demand & RE requirements ...
2026-04-10T14:45:30 | INFO     | geoworld.processors.TransportDecarbonizationCalculator |   [3/7] Computing GHG emission trajectories ...
2026-04-10T14:45:30 | INFO     | geoworld.processors.TransportDecarbonizationCalculator |   [4/7] Computing transport electrification costs ...
2026-04-10T14:45:30 | INFO     | geoworld.processors.TransportDecarbonizationCalculator |     Using Phase-5 LCOEs — Solar: 55.0 USD/MWh | Wind: 48.0 USD/MWh | Biomass: 85.0 USD/MWh
2026-04-10T14:45:30 | INFO     | geoworld.processors.TransportDecarbonizationCalculator |   [5/7] Locating charging hubs from suitability rasters ...
2026-04-10T14:45:30 | INFO     | geoworld.processors.TransportDecarbonizationCalculator |     Hub placement from: BRA_solar_suitability.tif, BRA_wind_suitability.tif (min suitability: 0.90)
2026-04-10T14:45:30 | INFO     | geoworld.processors.TransportDecarbonizationCalculator |     Score weights — suitability: 0.45 | demand proximity: 0.40 | LCOE: 0.15
2026-04-10T14:45:31 | INFO     | geoworld.processors.TransportDecarbonizationCalculator |     Solar: 23538 candidate pixels (score >= 0.90)
2026-04-10T14:45:31 | INFO     | geoworld.processors.TransportDecarbonizationCalculator |     Wind: 31393 candidate pixels (score >= 0.90)
2026-04-10T14:45:32 | INFO     | geoworld.processors.TransportDecarbonizationCalculator |     Placed 125 charging hubs (spacing ≥ 120 km, score ≥ 0.90) — Solar: 57, Wind: 68, Biomass: 0.
2026-04-10T14:45:32 | INFO     | geoworld.processors.TransportDecarbonizationCalculator |   [6/7] Building summary ...
2026-04-10T14:45:32 | INFO     | geoworld.processors.TransportDecarbonizationCalculator |   [7/7] Writing outputs & maps ...
2026-04-10T14:45:46 | INFO     | geoworld.processors.TransportDecarbonizationCalculator | Phase 9 (Transport Decarbonisation) completed in 17.1s
2026-04-10T14:45:46 | INFO     | geoworld.processors.TransportDecarbonizationCalculator |   Report : D:\Douglas\DOUTORADO\geoworld_framework\outputs\BRA\transport\reports\BRA_transport_decarbonization_report.txt
2026-04-10T14:45:46 | INFO     | geoworld |   Phase 9 (Transport Decarbonisation) completed in 17.1s
2026-04-10T14:45:46 | INFO     | geoworld | Pipeline completed for Brazil (BRA).
2026-04-10T14:45:46 | INFO     | geoworld | Result: COMPLETED
2026-04-10T14:45:46 | INFO     | geoworld | Total elapsed time: 698.5s
